#
# There is insufficient memory for the Java Runtime Environment to continue.
# Native memory allocation (malloc) failed to allocate 262160 bytes for Chunk::new
# Possible reasons:
#   The system is out of physical RAM or swap space
#   The process is running with CompressedOops enabled, and the Java Heap may be blocking the growth of the native heap
# Possible solutions:
#   Reduce memory load on the system
#   Increase physical memory or swap space
#   Check if swap backing store is full
#   Decrease Java heap size (-Xmx/-Xms)
#   Decrease number of Java threads
#   Decrease Java thread stack sizes (-Xss)
#   Set larger code cache with -XX:ReservedCodeCacheSize=
#   JVM is running with Zero Based Compressed Oops mode in which the Java heap is
#     placed in the first 32GB address space. The Java Heap base address is the
#     maximum limit for the native heap growth. Please use -XX:HeapBaseMinAddress
#     to set the Java Heap base and to place the Java Heap above 32GB virtual address.
# This output file may be truncated or incomplete.
#
#  Out of Memory Error (./open/src/hotspot/share/memory/arena.cpp:197), pid=18208, tid=17856
#
# JRE version: Java(TM) SE Runtime Environment 18.9 (11.0.16.1+1) (build 11.0.16.1+1-LTS-1)
# Java VM: Java HotSpot(TM) 64-Bit Server VM 18.9 (11.0.16.1+1-LTS-1, mixed mode, tiered, compressed oops, g1 gc, windows-amd64)
# No core dump will be written. Minidumps are not enabled by default on client versions of Windows
#

---------------  S U M M A R Y ------------

Command Line: -ea -javaagent:C:\Users\Asus\.m2\repository/org/aspectj/aspectjweaver/1.9.9.1/aspectjweaver-1.9.9.1.jar -Didea.test.cyclic.buffer.size=1048576 -javaagent:D:\IntelliJ IDEA Community Edition 2022.2\lib\idea_rt.jar=49262:D:\IntelliJ IDEA Community Edition 2022.2\bin -Dfile.encoding=UTF-8 com.intellij.rt.testng.RemoteTestNGStarter -usedefaultlisteners false -socket49261 @w@C:\Users\Asus\AppData\Local\Temp\idea_working_dirs_testng4.tmp -temp C:\Users\Asus\AppData\Local\Temp\idea_testng6.tmp

Host: AMD Ryzen 7 4800H with Radeon Graphics         , 16 cores, 15G,  Windows 10 , 64 bit Build 19041 (10.0.19041.2364)
Time: Wed Feb  8 22:21:30 2023  Windows 10 , 64 bit Build 19041 (10.0.19041.2364) elapsed time: 5.578365 seconds (0d 0h 0m 5s)

---------------  T H R E A D  ---------------

Current thread (0x0000013ab59cf800):  JavaThread "C2 CompilerThread1" daemon [_thread_in_native, id=17856, stack(0x0000001ba4900000,0x0000001ba4a00000)]


Current CompileTask:
C2:   5578 3946       4       org.aspectj.weaver.ReferenceType::getTypeVariables (61 bytes)

Stack: [0x0000001ba4900000,0x0000001ba4a00000]
Native frames: (J=compiled Java code, j=interpreted, Vv=VM code, C=native code)
V  [jvm.dll+0x62a3da]
V  [jvm.dll+0x76407f]
V  [jvm.dll+0x765729]
V  [jvm.dll+0x765db3]
V  [jvm.dll+0x23dc18]
V  [jvm.dll+0xb2a1c]
V  [jvm.dll+0xb2fdc]
V  [jvm.dll+0x6558b2]
V  [jvm.dll+0x655c03]
V  [jvm.dll+0x6575b1]
V  [jvm.dll+0x656189]
V  [jvm.dll+0x1f980b]
V  [jvm.dll+0x1f774d]
V  [jvm.dll+0x177c81]
V  [jvm.dll+0x207186]
V  [jvm.dll+0x20531b]
V  [jvm.dll+0x729f60]
V  [jvm.dll+0x722b34]
V  [jvm.dll+0x629276]
C  [ucrtbase.dll+0x21bb2]
C  [KERNEL32.DLL+0x17614]
C  [ntdll.dll+0x526a1]


---------------  P R O C E S S  ---------------

Threads class SMR info:
_java_thread_list=0x0000013abbcc8fe0, length=23, elements={
0x0000013a91c20800, 0x0000013ab5802000, 0x0000013ab580b800, 0x0000013ab5858800,
0x0000013ab585a800, 0x0000013ab585c800, 0x0000013ab5860800, 0x0000013ab586b800,
0x0000013ab5877000, 0x0000013ab59c3800, 0x0000013ab59cd800, 0x0000013ab6721000,
0x0000013abc516800, 0x0000013abc9a1800, 0x0000013aba534800, 0x0000013abde8d800,
0x0000013ab9b46000, 0x0000013abf640800, 0x0000013abc47c800, 0x0000013ab8411800,
0x0000013abadaa800, 0x0000013abadaf800, 0x0000013ab59cf800
}

Java Threads: ( => current thread )
  0x0000013a91c20800 JavaThread "Forwarding newSession on session null to remote" [_thread_in_Java, id=2176, stack(0x0000001ba3500000,0x0000001ba3600000)]
  0x0000013ab5802000 JavaThread "Reference Handler" daemon [_thread_blocked, id=7592, stack(0x0000001ba3c00000,0x0000001ba3d00000)]
  0x0000013ab580b800 JavaThread "Finalizer" daemon [_thread_blocked, id=19072, stack(0x0000001ba3d00000,0x0000001ba3e00000)]
  0x0000013ab5858800 JavaThread "Signal Dispatcher" daemon [_thread_blocked, id=13232, stack(0x0000001ba3e00000,0x0000001ba3f00000)]
  0x0000013ab585a800 JavaThread "Attach Listener" daemon [_thread_blocked, id=1104, stack(0x0000001ba3f00000,0x0000001ba4000000)]
  0x0000013ab585c800 JavaThread "Service Thread" daemon [_thread_blocked, id=14168, stack(0x0000001ba4000000,0x0000001ba4100000)]
  0x0000013ab5860800 JavaThread "C2 CompilerThread0" daemon [_thread_in_native, id=5492, stack(0x0000001ba4100000,0x0000001ba4200000)]
  0x0000013ab586b800 JavaThread "C1 CompilerThread0" daemon [_thread_blocked, id=8596, stack(0x0000001ba4200000,0x0000001ba4300000)]
  0x0000013ab5877000 JavaThread "Sweeper thread" daemon [_thread_blocked, id=13292, stack(0x0000001ba4300000,0x0000001ba4400000)]
  0x0000013ab59c3800 JavaThread "Common-Cleaner" daemon [_thread_blocked, id=16956, stack(0x0000001ba4400000,0x0000001ba4500000)]
  0x0000013ab59cd800 JavaThread "C1 CompilerThread1" daemon [_thread_blocked, id=10472, stack(0x0000001ba4500000,0x0000001ba4600000)]
  0x0000013ab6721000 JavaThread "Monitor Ctrl-Break" daemon [_thread_in_native, id=18296, stack(0x0000001ba4e00000,0x0000001ba4f00000)]
  0x0000013abc516800 JavaThread "ForkJoinPool.commonPool-worker-19" daemon [_thread_blocked, id=19888, stack(0x0000001ba5e00000,0x0000001ba5f00000)]
  0x0000013abc9a1800 JavaThread "AsyncHttpClient-1-1" daemon [_thread_blocked, id=13504, stack(0x0000001ba5f00000,0x0000001ba6000000)]
  0x0000013aba534800 JavaThread "Exec Default Executor" daemon [_thread_in_native, id=6728, stack(0x0000001ba6000000,0x0000001ba6100000)]
  0x0000013abde8d800 JavaThread "Exec Stream Pumper" daemon [_thread_in_native, id=11772, stack(0x0000001ba6100000,0x0000001ba6200000)]
  0x0000013ab9b46000 JavaThread "Exec Stream Pumper" daemon [_thread_in_native, id=20824, stack(0x0000001ba6200000,0x0000001ba6300000)]
  0x0000013abf640800 JavaThread "Driver Service Executor" daemon [_thread_blocked, id=18456, stack(0x0000001ba5d00000,0x0000001ba5e00000)]
  0x0000013abc47c800 JavaThread "Driver Service Executor" daemon [_thread_blocked, id=18300, stack(0x0000001ba6300000,0x0000001ba6400000)]
  0x0000013ab8411800 JavaThread "UrlChecker-2" daemon [_thread_blocked, id=10964, stack(0x0000001ba6400000,0x0000001ba6500000)]
  0x0000013abadaa800 JavaThread "Keep-Alive-Timer" daemon [_thread_blocked, id=13992, stack(0x0000001ba6600000,0x0000001ba6700000)]
  0x0000013abadaf800 JavaThread "AsyncHttpClient-1-2" daemon [_thread_in_native, id=17684, stack(0x0000001ba4800000,0x0000001ba4900000)]
=>0x0000013ab59cf800 JavaThread "C2 CompilerThread1" daemon [_thread_in_native, id=17856, stack(0x0000001ba4900000,0x0000001ba4a00000)]

Other Threads:
  0x0000013ab4f4f000 VMThread "VM Thread" [stack: 0x0000001ba3b00000,0x0000001ba3c00000] [id=18024]
  0x0000013ab6d74800 WatcherThread [stack: 0x0000001ba4f00000,0x0000001ba5000000] [id=6328]
  0x0000013a91c36800 GCTaskThread "GC Thread#0" [stack: 0x0000001ba3600000,0x0000001ba3700000] [id=9324]
  0x0000013ab6723000 GCTaskThread "GC Thread#1" [stack: 0x0000001ba4a00000,0x0000001ba4b00000] [id=20928]
  0x0000013ab634c000 GCTaskThread "GC Thread#2" [stack: 0x0000001ba4b00000,0x0000001ba4c00000] [id=21372]
  0x0000013ab6b6f800 GCTaskThread "GC Thread#3" [stack: 0x0000001ba4c00000,0x0000001ba4d00000] [id=19988]
  0x0000013ab6687800 GCTaskThread "GC Thread#4" [stack: 0x0000001ba4d00000,0x0000001ba4e00000] [id=20772]
  0x0000013abc67c000 GCTaskThread "GC Thread#5" [stack: 0x0000001ba6700000,0x0000001ba6800000] [id=2452]
  0x0000013ab835f800 GCTaskThread "GC Thread#6" [stack: 0x0000001ba6800000,0x0000001ba6900000] [id=17768]
  0x0000013a91c91800 ConcurrentGCThread "G1 Main Marker" [stack: 0x0000001ba3700000,0x0000001ba3800000] [id=2936]
  0x0000013a91c95000 ConcurrentGCThread "G1 Conc#0" [stack: 0x0000001ba3800000,0x0000001ba3900000] [id=16624]
  0x0000013ab95a0000 ConcurrentGCThread "G1 Conc#1" [stack: 0x0000001ba5a00000,0x0000001ba5b00000] [id=11412]
  0x0000013ab6512800 ConcurrentGCThread "G1 Conc#2" [stack: 0x0000001ba5b00000,0x0000001ba5c00000] [id=20596]
  0x0000013ab4e28800 ConcurrentGCThread "G1 Refine#0" [stack: 0x0000001ba3900000,0x0000001ba3a00000] [id=7904]
  0x0000013ab6edc000 ConcurrentGCThread "G1 Refine#1" [stack: 0x0000001ba5200000,0x0000001ba5300000] [id=2036]
  0x0000013ab9caa800 ConcurrentGCThread "G1 Refine#2" [stack: 0x0000001ba5300000,0x0000001ba5400000] [id=784]
  0x0000013ab7f3c800 ConcurrentGCThread "G1 Refine#3" [stack: 0x0000001ba5400000,0x0000001ba5500000] [id=1152]
  0x0000013ab78b5000 ConcurrentGCThread "G1 Refine#4" [stack: 0x0000001ba5500000,0x0000001ba5600000] [id=19856]
  0x0000013ab690a800 ConcurrentGCThread "G1 Refine#5" [stack: 0x0000001ba5600000,0x0000001ba5700000] [id=16968]
  0x0000013ab6d70000 ConcurrentGCThread "G1 Refine#6" [stack: 0x0000001ba5700000,0x0000001ba5800000] [id=14628]
  0x0000013ab78ef800 ConcurrentGCThread "G1 Refine#7" [stack: 0x0000001ba5800000,0x0000001ba5900000] [id=19472]
  0x0000013ab4e2b800 ConcurrentGCThread "G1 Young RemSet Sampling" [stack: 0x0000001ba3a00000,0x0000001ba3b00000] [id=17228]

Threads with active compile tasks:
C2 CompilerThread0     5600 3943       4       org.aspectj.weaver.bcel.BcelWeaver::weave (1242 bytes)
C2 CompilerThread1     5600 3946       4       org.aspectj.weaver.ReferenceType::getTypeVariables (61 bytes)

VM state:not at safepoint (normal execution)

VM Mutex/Monitor currently owned by a thread: None

OutOfMemory and StackOverflow Exception counts:
OutOfMemoryError java_heap_errors=1
LinkageErrors=49

Heap address: 0x0000000709200000, size: 3950 MB, Compressed Oops mode: Zero based, Oop shift amount: 3
Narrow klass base: 0x0000000800000000, Narrow klass shift: 0
Compressed class space size: 1073741824 Address: 0x0000000800000000

Heap:
 garbage-first heap   total 305152K, used 133200K [0x0000000709200000, 0x0000000800000000)
  region size 1024K, 69 young (70656K), 3 survivors (3072K)
 Metaspace       used 37917K, capacity 38699K, committed 38812K, reserved 1083392K
  class space    used 4148K, capacity 4499K, committed 4552K, reserved 1048576K
Heap Regions: E=young(eden), S=young(survivor), O=old, HS=humongous(starts), HC=humongous(continues), CS=collection set, F=free, A=archive, TAMS=top-at-mark-start (previous, next)
|   0|0x0000000709200000, 0x0000000709300000, 0x0000000709300000|100%| O|  |TAMS 0x0000000709300000, 0x0000000709200000| Untracked 
|   1|0x0000000709300000, 0x0000000709400000, 0x0000000709400000|100%| O|  |TAMS 0x0000000709400000, 0x0000000709300000| Untracked 
|   2|0x0000000709400000, 0x0000000709500000, 0x0000000709500000|100%| O|  |TAMS 0x0000000709500000, 0x0000000709400000| Complete 
|   3|0x0000000709500000, 0x0000000709600000, 0x0000000709600000|100%| O|  |TAMS 0x0000000709600000, 0x0000000709500000| Complete 
|   4|0x0000000709600000, 0x0000000709700000, 0x0000000709700000|100%| O|  |TAMS 0x0000000709700000, 0x0000000709600000| Complete 
|   5|0x0000000709700000, 0x0000000709800000, 0x0000000709800000|100%| O|  |TAMS 0x0000000709800000, 0x0000000709700000| Complete 
|   6|0x0000000709800000, 0x0000000709900000, 0x0000000709900000|100%| O|  |TAMS 0x0000000709900000, 0x0000000709800000| Complete 
|   7|0x0000000709900000, 0x0000000709a00000, 0x0000000709a00000|100%| O|  |TAMS 0x0000000709a00000, 0x0000000709900000| Complete 
|   8|0x0000000709a00000, 0x0000000709b00000, 0x0000000709b00000|100%| O|  |TAMS 0x0000000709b00000, 0x0000000709a00000| Complete 
|   9|0x0000000709b00000, 0x0000000709c00000, 0x0000000709c00000|100%| O|  |TAMS 0x0000000709c00000, 0x0000000709b00000| Complete 
|  10|0x0000000709c00000, 0x0000000709d00000, 0x0000000709d00000|100%| O|  |TAMS 0x0000000709d00000, 0x0000000709c00000| Complete 
|  11|0x0000000709d00000, 0x0000000709e00000, 0x0000000709e00000|100%| O|  |TAMS 0x0000000709e00000, 0x0000000709d00000| Complete 
|  12|0x0000000709e00000, 0x0000000709f00000, 0x0000000709f00000|100%| O|  |TAMS 0x0000000709f00000, 0x0000000709e00000| Complete 
|  13|0x0000000709f00000, 0x000000070a000000, 0x000000070a000000|100%| O|  |TAMS 0x000000070a000000, 0x0000000709f00000| Complete 
|  14|0x000000070a000000, 0x000000070a100000, 0x000000070a100000|100%| O|  |TAMS 0x000000070a100000, 0x000000070a000000| Untracked 
|  15|0x000000070a100000, 0x000000070a200000, 0x000000070a200000|100%| O|  |TAMS 0x000000070a200000, 0x000000070a100000| Complete 
|  16|0x000000070a200000, 0x000000070a300000, 0x000000070a300000|100%| O|  |TAMS 0x000000070a300000, 0x000000070a200000| Complete 
|  17|0x000000070a300000, 0x000000070a400000, 0x000000070a400000|100%| O|  |TAMS 0x000000070a400000, 0x000000070a300000| Complete 
|  18|0x000000070a400000, 0x000000070a500000, 0x000000070a500000|100%| O|  |TAMS 0x000000070a500000, 0x000000070a400000| Complete 
|  19|0x000000070a500000, 0x000000070a600000, 0x000000070a600000|100%| O|  |TAMS 0x000000070a600000, 0x000000070a500000| Complete 
|  20|0x000000070a600000, 0x000000070a700000, 0x000000070a700000|100%| O|  |TAMS 0x000000070a700000, 0x000000070a600000| Complete 
|  21|0x000000070a700000, 0x000000070a800000, 0x000000070a800000|100%| O|  |TAMS 0x000000070a800000, 0x000000070a700000| Complete 
|  22|0x000000070a800000, 0x000000070a900000, 0x000000070a900000|100%| O|  |TAMS 0x000000070a900000, 0x000000070a800000| Untracked 
|  23|0x000000070a900000, 0x000000070aa00000, 0x000000070aa00000|100%| O|  |TAMS 0x000000070aa00000, 0x000000070a900000| Untracked 
|  24|0x000000070aa00000, 0x000000070ab00000, 0x000000070ab00000|100%| O|  |TAMS 0x000000070ab00000, 0x000000070aa00000| Untracked 
|  25|0x000000070ab00000, 0x000000070ac00000, 0x000000070ac00000|100%| O|  |TAMS 0x000000070ac00000, 0x000000070ab00000| Untracked 
|  26|0x000000070ac00000, 0x000000070ad00000, 0x000000070ad00000|100%| O|  |TAMS 0x000000070ad00000, 0x000000070ac00000| Untracked 
|  27|0x000000070ad00000, 0x000000070ae00000, 0x000000070ae00000|100%| O|  |TAMS 0x000000070ae00000, 0x000000070ad00000| Untracked 
|  28|0x000000070ae00000, 0x000000070af00000, 0x000000070af00000|100%| O|  |TAMS 0x000000070af00000, 0x000000070ae00000| Untracked 
|  29|0x000000070af00000, 0x000000070b000000, 0x000000070b000000|100%| O|  |TAMS 0x000000070b000000, 0x000000070af00000| Untracked 
|  30|0x000000070b000000, 0x000000070b100000, 0x000000070b100000|100%| O|  |TAMS 0x000000070b100000, 0x000000070b000000| Untracked 
|  31|0x000000070b100000, 0x000000070b200000, 0x000000070b200000|100%| O|  |TAMS 0x000000070b200000, 0x000000070b100000| Untracked 
|  32|0x000000070b200000, 0x000000070b300000, 0x000000070b300000|100%| O|  |TAMS 0x000000070b300000, 0x000000070b200000| Complete 
|  33|0x000000070b300000, 0x000000070b400000, 0x000000070b400000|100%| O|  |TAMS 0x000000070b400000, 0x000000070b300000| Complete 
|  34|0x000000070b400000, 0x000000070b500000, 0x000000070b500000|100%| O|  |TAMS 0x000000070b500000, 0x000000070b400000| Untracked 
|  35|0x000000070b500000, 0x000000070b600000, 0x000000070b600000|100%| O|  |TAMS 0x000000070b600000, 0x000000070b500000| Complete 
|  36|0x000000070b600000, 0x000000070b700000, 0x000000070b700000|100%| O|  |TAMS 0x000000070b700000, 0x000000070b600000| Complete 
|  37|0x000000070b700000, 0x000000070b800000, 0x000000070b800000|100%| O|  |TAMS 0x000000070b800000, 0x000000070b700000| Complete 
|  38|0x000000070b800000, 0x000000070b900000, 0x000000070b900000|100%| O|  |TAMS 0x000000070b900000, 0x000000070b800000| Untracked 
|  39|0x000000070b900000, 0x000000070ba00000, 0x000000070ba00000|100%| O|  |TAMS 0x000000070ba00000, 0x000000070b900000| Untracked 
|  40|0x000000070ba00000, 0x000000070bb00000, 0x000000070bb00000|100%| O|  |TAMS 0x000000070bb00000, 0x000000070ba00000| Untracked 
|  41|0x000000070bb00000, 0x000000070bc00000, 0x000000070bc00000|100%| O|  |TAMS 0x000000070bc00000, 0x000000070bb00000| Complete 
|  42|0x000000070bc00000, 0x000000070bd00000, 0x000000070bd00000|100%| O|  |TAMS 0x000000070bd00000, 0x000000070bc00000| Untracked 
|  43|0x000000070bd00000, 0x000000070be00000, 0x000000070be00000|100%| O|  |TAMS 0x000000070be00000, 0x000000070bd00000| Untracked 
|  44|0x000000070be00000, 0x000000070bf00000, 0x000000070bf00000|100%| O|  |TAMS 0x000000070bf00000, 0x000000070be00000| Untracked 
|  45|0x000000070bf00000, 0x000000070c000000, 0x000000070c000000|100%| O|  |TAMS 0x000000070c000000, 0x000000070bf00000| Untracked 
|  46|0x000000070c000000, 0x000000070c100000, 0x000000070c100000|100%| O|  |TAMS 0x000000070c100000, 0x000000070c000000| Untracked 
|  47|0x000000070c100000, 0x000000070c200000, 0x000000070c200000|100%| O|  |TAMS 0x000000070c200000, 0x000000070c100000| Untracked 
|  48|0x000000070c200000, 0x000000070c300000, 0x000000070c300000|100%| O|  |TAMS 0x000000070c300000, 0x000000070c200000| Untracked 
|  49|0x000000070c300000, 0x000000070c400000, 0x000000070c400000|100%| O|  |TAMS 0x000000070c400000, 0x000000070c300000| Untracked 
|  50|0x000000070c400000, 0x000000070c500000, 0x000000070c500000|100%| O|  |TAMS 0x000000070c500000, 0x000000070c400000| Untracked 
|  51|0x000000070c500000, 0x000000070c600000, 0x000000070c600000|100%| O|  |TAMS 0x000000070c600000, 0x000000070c500000| Untracked 
|  52|0x000000070c600000, 0x000000070c700000, 0x000000070c700000|100%| O|  |TAMS 0x000000070c700000, 0x000000070c600000| Untracked 
|  53|0x000000070c700000, 0x000000070c800000, 0x000000070c800000|100%| O|  |TAMS 0x000000070c800000, 0x000000070c700000| Untracked 
|  54|0x000000070c800000, 0x000000070c900000, 0x000000070c900000|100%| O|  |TAMS 0x000000070c900000, 0x000000070c800000| Untracked 
|  55|0x000000070c900000, 0x000000070ca00000, 0x000000070ca00000|100%| O|  |TAMS 0x000000070ca00000, 0x000000070c900000| Untracked 
|  56|0x000000070ca00000, 0x000000070cb00000, 0x000000070cb00000|100%| O|  |TAMS 0x000000070cb00000, 0x000000070ca00000| Complete 
|  57|0x000000070cb00000, 0x000000070cb4aa00, 0x000000070cc00000| 29%| O|  |TAMS 0x000000070cb4aa00, 0x000000070cb00000| Untracked 
|  58|0x000000070cc00000, 0x000000070cd00000, 0x000000070cd00000|100%|HS|  |TAMS 0x000000070cc00000, 0x000000070cc00000| Complete 
|  59|0x000000070cd00000, 0x000000070ce00000, 0x000000070ce00000|100%|HC|  |TAMS 0x000000070cd00000, 0x000000070cd00000| Complete 
|  60|0x000000070ce00000, 0x000000070cf00000, 0x000000070cf00000|100%|HC|  |TAMS 0x000000070ce00000, 0x000000070ce00000| Complete 
|  61|0x000000070cf00000, 0x000000070d000000, 0x000000070d000000|100%|HC|  |TAMS 0x000000070cf00000, 0x000000070cf00000| Complete 
|  62|0x000000070d000000, 0x000000070d100000, 0x000000070d100000|100%|HC|  |TAMS 0x000000070d000000, 0x000000070d000000| Complete 
|  63|0x000000070d100000, 0x000000070d100000, 0x000000070d200000|  0%| F|  |TAMS 0x000000070d100000, 0x000000070d100000| Untracked 
|  64|0x000000070d200000, 0x000000070d200000, 0x000000070d300000|  0%| F|  |TAMS 0x000000070d200000, 0x000000070d200000| Untracked 
|  65|0x000000070d300000, 0x000000070d300000, 0x000000070d400000|  0%| F|  |TAMS 0x000000070d300000, 0x000000070d300000| Untracked 
|  66|0x000000070d400000, 0x000000070d400000, 0x000000070d500000|  0%| F|  |TAMS 0x000000070d400000, 0x000000070d400000| Untracked 
|  67|0x000000070d500000, 0x000000070d500000, 0x000000070d600000|  0%| F|  |TAMS 0x000000070d500000, 0x000000070d500000| Untracked 
|  68|0x000000070d600000, 0x000000070d600000, 0x000000070d700000|  0%| F|  |TAMS 0x000000070d600000, 0x000000070d600000| Untracked 
|  69|0x000000070d700000, 0x000000070d700000, 0x000000070d800000|  0%| F|  |TAMS 0x000000070d700000, 0x000000070d700000| Untracked 
|  70|0x000000070d800000, 0x000000070d800000, 0x000000070d900000|  0%| F|  |TAMS 0x000000070d800000, 0x000000070d800000| Untracked 
|  71|0x000000070d900000, 0x000000070d900000, 0x000000070da00000|  0%| F|  |TAMS 0x000000070d900000, 0x000000070d900000| Untracked 
|  72|0x000000070da00000, 0x000000070da00000, 0x000000070db00000|  0%| F|  |TAMS 0x000000070da00000, 0x000000070da00000| Untracked 
|  73|0x000000070db00000, 0x000000070db00000, 0x000000070dc00000|  0%| F|  |TAMS 0x000000070db00000, 0x000000070db00000| Untracked 
|  74|0x000000070dc00000, 0x000000070dc00000, 0x000000070dd00000|  0%| F|  |TAMS 0x000000070dc00000, 0x000000070dc00000| Untracked 
|  75|0x000000070dd00000, 0x000000070dd00000, 0x000000070de00000|  0%| F|  |TAMS 0x000000070dd00000, 0x000000070dd00000| Untracked 
|  76|0x000000070de00000, 0x000000070de00000, 0x000000070df00000|  0%| F|  |TAMS 0x000000070de00000, 0x000000070de00000| Untracked 
|  77|0x000000070df00000, 0x000000070df00000, 0x000000070e000000|  0%| F|  |TAMS 0x000000070df00000, 0x000000070df00000| Untracked 
|  78|0x000000070e000000, 0x000000070e000000, 0x000000070e100000|  0%| F|  |TAMS 0x000000070e000000, 0x000000070e000000| Untracked 
|  79|0x000000070e100000, 0x000000070e100000, 0x000000070e200000|  0%| F|  |TAMS 0x000000070e100000, 0x000000070e100000| Untracked 
|  80|0x000000070e200000, 0x000000070e200000, 0x000000070e300000|  0%| F|  |TAMS 0x000000070e200000, 0x000000070e200000| Untracked 
|  81|0x000000070e300000, 0x000000070e300000, 0x000000070e400000|  0%| F|  |TAMS 0x000000070e300000, 0x000000070e300000| Untracked 
|  82|0x000000070e400000, 0x000000070e400000, 0x000000070e500000|  0%| F|  |TAMS 0x000000070e400000, 0x000000070e400000| Untracked 
|  83|0x000000070e500000, 0x000000070e500000, 0x000000070e600000|  0%| F|  |TAMS 0x000000070e500000, 0x000000070e500000| Untracked 
|  84|0x000000070e600000, 0x000000070e600000, 0x000000070e700000|  0%| F|  |TAMS 0x000000070e600000, 0x000000070e600000| Untracked 
|  85|0x000000070e700000, 0x000000070e700000, 0x000000070e800000|  0%| F|  |TAMS 0x000000070e700000, 0x000000070e700000| Untracked 
|  86|0x000000070e800000, 0x000000070e800000, 0x000000070e900000|  0%| F|  |TAMS 0x000000070e800000, 0x000000070e800000| Untracked 
|  87|0x000000070e900000, 0x000000070e900000, 0x000000070ea00000|  0%| F|  |TAMS 0x000000070e900000, 0x000000070e900000| Untracked 
|  88|0x000000070ea00000, 0x000000070ea00000, 0x000000070eb00000|  0%| F|  |TAMS 0x000000070ea00000, 0x000000070ea00000| Untracked 
|  89|0x000000070eb00000, 0x000000070eb00000, 0x000000070ec00000|  0%| F|  |TAMS 0x000000070eb00000, 0x000000070eb00000| Untracked 
|  90|0x000000070ec00000, 0x000000070ec00000, 0x000000070ed00000|  0%| F|  |TAMS 0x000000070ec00000, 0x000000070ec00000| Untracked 
|  91|0x000000070ed00000, 0x000000070ed00000, 0x000000070ee00000|  0%| F|  |TAMS 0x000000070ed00000, 0x000000070ed00000| Untracked 
|  92|0x000000070ee00000, 0x000000070ee00000, 0x000000070ef00000|  0%| F|  |TAMS 0x000000070ee00000, 0x000000070ee00000| Untracked 
|  93|0x000000070ef00000, 0x000000070ef00000, 0x000000070f000000|  0%| F|  |TAMS 0x000000070ef00000, 0x000000070ef00000| Untracked 
|  94|0x000000070f000000, 0x000000070f000000, 0x000000070f100000|  0%| F|  |TAMS 0x000000070f000000, 0x000000070f000000| Untracked 
|  95|0x000000070f100000, 0x000000070f100000, 0x000000070f200000|  0%| F|  |TAMS 0x000000070f100000, 0x000000070f100000| Untracked 
|  96|0x000000070f200000, 0x000000070f200000, 0x000000070f300000|  0%| F|  |TAMS 0x000000070f200000, 0x000000070f200000| Untracked 
|  97|0x000000070f300000, 0x000000070f300000, 0x000000070f400000|  0%| F|  |TAMS 0x000000070f300000, 0x000000070f300000| Untracked 
|  98|0x000000070f400000, 0x000000070f400000, 0x000000070f500000|  0%| F|  |TAMS 0x000000070f400000, 0x000000070f400000| Untracked 
|  99|0x000000070f500000, 0x000000070f500000, 0x000000070f600000|  0%| F|  |TAMS 0x000000070f500000, 0x000000070f500000| Untracked 
| 100|0x000000070f600000, 0x000000070f600000, 0x000000070f700000|  0%| F|  |TAMS 0x000000070f600000, 0x000000070f600000| Untracked 
| 101|0x000000070f700000, 0x000000070f700000, 0x000000070f800000|  0%| F|  |TAMS 0x000000070f700000, 0x000000070f700000| Untracked 
| 102|0x000000070f800000, 0x000000070f800000, 0x000000070f900000|  0%| F|  |TAMS 0x000000070f800000, 0x000000070f800000| Untracked 
| 103|0x000000070f900000, 0x000000070f900000, 0x000000070fa00000|  0%| F|  |TAMS 0x000000070f900000, 0x000000070f900000| Untracked 
| 104|0x000000070fa00000, 0x000000070fa00000, 0x000000070fb00000|  0%| F|  |TAMS 0x000000070fa00000, 0x000000070fa00000| Untracked 
| 105|0x000000070fb00000, 0x000000070fb00000, 0x000000070fc00000|  0%| F|  |TAMS 0x000000070fb00000, 0x000000070fb00000| Untracked 
| 106|0x000000070fc00000, 0x000000070fc00000, 0x000000070fd00000|  0%| F|  |TAMS 0x000000070fc00000, 0x000000070fc00000| Untracked 
| 107|0x000000070fd00000, 0x000000070fd00000, 0x000000070fe00000|  0%| F|  |TAMS 0x000000070fd00000, 0x000000070fd00000| Untracked 
| 108|0x000000070fe00000, 0x000000070fe00000, 0x000000070ff00000|  0%| F|  |TAMS 0x000000070fe00000, 0x000000070fe00000| Untracked 
| 109|0x000000070ff00000, 0x000000070ff00000, 0x0000000710000000|  0%| F|  |TAMS 0x000000070ff00000, 0x000000070ff00000| Untracked 
| 110|0x0000000710000000, 0x0000000710000000, 0x0000000710100000|  0%| F|  |TAMS 0x0000000710000000, 0x0000000710000000| Untracked 
| 111|0x0000000710100000, 0x0000000710100000, 0x0000000710200000|  0%| F|  |TAMS 0x0000000710100000, 0x0000000710100000| Untracked 
| 112|0x0000000710200000, 0x0000000710200000, 0x0000000710300000|  0%| F|  |TAMS 0x0000000710200000, 0x0000000710200000| Untracked 
| 113|0x0000000710300000, 0x0000000710300000, 0x0000000710400000|  0%| F|  |TAMS 0x0000000710300000, 0x0000000710300000| Untracked 
| 114|0x0000000710400000, 0x0000000710400000, 0x0000000710500000|  0%| F|  |TAMS 0x0000000710400000, 0x0000000710400000| Untracked 
| 115|0x0000000710500000, 0x0000000710500000, 0x0000000710600000|  0%| F|  |TAMS 0x0000000710500000, 0x0000000710500000| Untracked 
| 116|0x0000000710600000, 0x0000000710600000, 0x0000000710700000|  0%| F|  |TAMS 0x0000000710600000, 0x0000000710600000| Untracked 
| 117|0x0000000710700000, 0x0000000710700000, 0x0000000710800000|  0%| F|  |TAMS 0x0000000710700000, 0x0000000710700000| Untracked 
| 118|0x0000000710800000, 0x0000000710800000, 0x0000000710900000|  0%| F|  |TAMS 0x0000000710800000, 0x0000000710800000| Untracked 
| 119|0x0000000710900000, 0x0000000710900000, 0x0000000710a00000|  0%| F|  |TAMS 0x0000000710900000, 0x0000000710900000| Untracked 
| 120|0x0000000710a00000, 0x0000000710a00000, 0x0000000710b00000|  0%| F|  |TAMS 0x0000000710a00000, 0x0000000710a00000| Untracked 
| 121|0x0000000710b00000, 0x0000000710b00000, 0x0000000710c00000|  0%| F|  |TAMS 0x0000000710b00000, 0x0000000710b00000| Untracked 
| 122|0x0000000710c00000, 0x0000000710c00000, 0x0000000710d00000|  0%| F|  |TAMS 0x0000000710c00000, 0x0000000710c00000| Untracked 
| 123|0x0000000710d00000, 0x0000000710d00000, 0x0000000710e00000|  0%| F|  |TAMS 0x0000000710d00000, 0x0000000710d00000| Untracked 
| 124|0x0000000710e00000, 0x0000000710e00000, 0x0000000710f00000|  0%| F|  |TAMS 0x0000000710e00000, 0x0000000710e00000| Untracked 
| 125|0x0000000710f00000, 0x0000000710f00000, 0x0000000711000000|  0%| F|  |TAMS 0x0000000710f00000, 0x0000000710f00000| Untracked 
| 126|0x0000000711000000, 0x0000000711000000, 0x0000000711100000|  0%| F|  |TAMS 0x0000000711000000, 0x0000000711000000| Untracked 
| 127|0x0000000711100000, 0x0000000711100000, 0x0000000711200000|  0%| F|  |TAMS 0x0000000711100000, 0x0000000711100000| Untracked 
| 128|0x0000000711200000, 0x0000000711200000, 0x0000000711300000|  0%| F|  |TAMS 0x0000000711200000, 0x0000000711200000| Untracked 
| 129|0x0000000711300000, 0x0000000711300000, 0x0000000711400000|  0%| F|  |TAMS 0x0000000711300000, 0x0000000711300000| Untracked 
| 130|0x0000000711400000, 0x0000000711400000, 0x0000000711500000|  0%| F|  |TAMS 0x0000000711400000, 0x0000000711400000| Untracked 
| 131|0x0000000711500000, 0x0000000711500000, 0x0000000711600000|  0%| F|  |TAMS 0x0000000711500000, 0x0000000711500000| Untracked 
| 132|0x0000000711600000, 0x0000000711600000, 0x0000000711700000|  0%| F|  |TAMS 0x0000000711600000, 0x0000000711600000| Untracked 
| 133|0x0000000711700000, 0x0000000711700000, 0x0000000711800000|  0%| F|  |TAMS 0x0000000711700000, 0x0000000711700000| Untracked 
| 134|0x0000000711800000, 0x0000000711800000, 0x0000000711900000|  0%| F|  |TAMS 0x0000000711800000, 0x0000000711800000| Untracked 
| 135|0x0000000711900000, 0x0000000711900000, 0x0000000711a00000|  0%| F|  |TAMS 0x0000000711900000, 0x0000000711900000| Untracked 
| 136|0x0000000711a00000, 0x0000000711a00000, 0x0000000711b00000|  0%| F|  |TAMS 0x0000000711a00000, 0x0000000711a00000| Untracked 
| 137|0x0000000711b00000, 0x0000000711b00000, 0x0000000711c00000|  0%| F|  |TAMS 0x0000000711b00000, 0x0000000711b00000| Untracked 
| 138|0x0000000711c00000, 0x0000000711c00000, 0x0000000711d00000|  0%| F|  |TAMS 0x0000000711c00000, 0x0000000711c00000| Untracked 
| 139|0x0000000711d00000, 0x0000000711d00000, 0x0000000711e00000|  0%| F|  |TAMS 0x0000000711d00000, 0x0000000711d00000| Untracked 
| 140|0x0000000711e00000, 0x0000000711e00000, 0x0000000711f00000|  0%| F|  |TAMS 0x0000000711e00000, 0x0000000711e00000| Untracked 
| 141|0x0000000711f00000, 0x0000000711f00000, 0x0000000712000000|  0%| F|  |TAMS 0x0000000711f00000, 0x0000000711f00000| Untracked 
| 142|0x0000000712000000, 0x0000000712000000, 0x0000000712100000|  0%| F|  |TAMS 0x0000000712000000, 0x0000000712000000| Untracked 
| 143|0x0000000712100000, 0x0000000712100000, 0x0000000712200000|  0%| F|  |TAMS 0x0000000712100000, 0x0000000712100000| Untracked 
| 144|0x0000000712200000, 0x0000000712200000, 0x0000000712300000|  0%| F|  |TAMS 0x0000000712200000, 0x0000000712200000| Untracked 
| 145|0x0000000712300000, 0x0000000712300000, 0x0000000712400000|  0%| F|  |TAMS 0x0000000712300000, 0x0000000712300000| Untracked 
| 146|0x0000000712400000, 0x0000000712400000, 0x0000000712500000|  0%| F|  |TAMS 0x0000000712400000, 0x0000000712400000| Untracked 
| 147|0x0000000712500000, 0x0000000712500000, 0x0000000712600000|  0%| F|  |TAMS 0x0000000712500000, 0x0000000712500000| Untracked 
| 148|0x0000000712600000, 0x0000000712600000, 0x0000000712700000|  0%| F|  |TAMS 0x0000000712600000, 0x0000000712600000| Untracked 
| 149|0x0000000712700000, 0x0000000712700000, 0x0000000712800000|  0%| F|  |TAMS 0x0000000712700000, 0x0000000712700000| Untracked 
| 150|0x0000000712800000, 0x0000000712800000, 0x0000000712900000|  0%| F|  |TAMS 0x0000000712800000, 0x0000000712800000| Untracked 
| 151|0x0000000712900000, 0x0000000712900000, 0x0000000712a00000|  0%| F|  |TAMS 0x0000000712900000, 0x0000000712900000| Untracked 
| 152|0x0000000712a00000, 0x0000000712a00000, 0x0000000712b00000|  0%| F|  |TAMS 0x0000000712a00000, 0x0000000712a00000| Untracked 
| 153|0x0000000712b00000, 0x0000000712b00000, 0x0000000712c00000|  0%| F|  |TAMS 0x0000000712b00000, 0x0000000712b00000| Untracked 
| 154|0x0000000712c00000, 0x0000000712c00000, 0x0000000712d00000|  0%| F|  |TAMS 0x0000000712c00000, 0x0000000712c00000| Untracked 
| 155|0x0000000712d00000, 0x0000000712d00000, 0x0000000712e00000|  0%| F|  |TAMS 0x0000000712d00000, 0x0000000712d00000| Untracked 
| 156|0x0000000712e00000, 0x0000000712e00000, 0x0000000712f00000|  0%| F|  |TAMS 0x0000000712e00000, 0x0000000712e00000| Untracked 
| 157|0x0000000712f00000, 0x0000000712f00000, 0x0000000713000000|  0%| F|  |TAMS 0x0000000712f00000, 0x0000000712f00000| Untracked 
| 158|0x0000000713000000, 0x0000000713000000, 0x0000000713100000|  0%| F|  |TAMS 0x0000000713000000, 0x0000000713000000| Untracked 
| 159|0x0000000713100000, 0x0000000713100000, 0x0000000713200000|  0%| F|  |TAMS 0x0000000713100000, 0x0000000713100000| Untracked 
| 160|0x0000000713200000, 0x0000000713200000, 0x0000000713300000|  0%| F|  |TAMS 0x0000000713200000, 0x0000000713200000| Untracked 
| 161|0x0000000713300000, 0x0000000713300000, 0x0000000713400000|  0%| F|  |TAMS 0x0000000713300000, 0x0000000713300000| Untracked 
| 162|0x0000000713400000, 0x0000000713400000, 0x0000000713500000|  0%| F|  |TAMS 0x0000000713400000, 0x0000000713400000| Untracked 
| 163|0x0000000713500000, 0x0000000713500000, 0x0000000713600000|  0%| F|  |TAMS 0x0000000713500000, 0x0000000713500000| Untracked 
| 164|0x0000000713600000, 0x0000000713600000, 0x0000000713700000|  0%| F|  |TAMS 0x0000000713600000, 0x0000000713600000| Untracked 
| 165|0x0000000713700000, 0x0000000713700000, 0x0000000713800000|  0%| F|  |TAMS 0x0000000713700000, 0x0000000713700000| Untracked 
| 166|0x0000000713800000, 0x0000000713800000, 0x0000000713900000|  0%| F|  |TAMS 0x0000000713800000, 0x0000000713800000| Untracked 
| 167|0x0000000713900000, 0x0000000713900000, 0x0000000713a00000|  0%| F|  |TAMS 0x0000000713900000, 0x0000000713900000| Untracked 
| 168|0x0000000713a00000, 0x0000000713a00000, 0x0000000713b00000|  0%| F|  |TAMS 0x0000000713a00000, 0x0000000713a00000| Untracked 
| 169|0x0000000713b00000, 0x0000000713b00000, 0x0000000713c00000|  0%| F|  |TAMS 0x0000000713b00000, 0x0000000713b00000| Untracked 
| 170|0x0000000713c00000, 0x0000000713c00000, 0x0000000713d00000|  0%| F|  |TAMS 0x0000000713c00000, 0x0000000713c00000| Untracked 
| 171|0x0000000713d00000, 0x0000000713d00000, 0x0000000713e00000|  0%| F|  |TAMS 0x0000000713d00000, 0x0000000713d00000| Untracked 
| 172|0x0000000713e00000, 0x0000000713e00000, 0x0000000713f00000|  0%| F|  |TAMS 0x0000000713e00000, 0x0000000713e00000| Untracked 
| 173|0x0000000713f00000, 0x0000000713f00000, 0x0000000714000000|  0%| F|  |TAMS 0x0000000713f00000, 0x0000000713f00000| Untracked 
| 174|0x0000000714000000, 0x0000000714000000, 0x0000000714100000|  0%| F|  |TAMS 0x0000000714000000, 0x0000000714000000| Untracked 
| 175|0x0000000714100000, 0x0000000714100000, 0x0000000714200000|  0%| F|  |TAMS 0x0000000714100000, 0x0000000714100000| Untracked 
| 176|0x0000000714200000, 0x0000000714200000, 0x0000000714300000|  0%| F|  |TAMS 0x0000000714200000, 0x0000000714200000| Untracked 
| 177|0x0000000714300000, 0x0000000714300000, 0x0000000714400000|  0%| F|  |TAMS 0x0000000714300000, 0x0000000714300000| Untracked 
| 178|0x0000000714400000, 0x0000000714400000, 0x0000000714500000|  0%| F|  |TAMS 0x0000000714400000, 0x0000000714400000| Untracked 
| 179|0x0000000714500000, 0x0000000714500000, 0x0000000714600000|  0%| F|  |TAMS 0x0000000714500000, 0x0000000714500000| Untracked 
| 180|0x0000000714600000, 0x0000000714600000, 0x0000000714700000|  0%| F|  |TAMS 0x0000000714600000, 0x0000000714600000| Untracked 
| 181|0x0000000714700000, 0x0000000714700000, 0x0000000714800000|  0%| F|  |TAMS 0x0000000714700000, 0x0000000714700000| Untracked 
| 182|0x0000000714800000, 0x0000000714800000, 0x0000000714900000|  0%| F|  |TAMS 0x0000000714800000, 0x0000000714800000| Untracked 
| 183|0x0000000714900000, 0x0000000714900000, 0x0000000714a00000|  0%| F|  |TAMS 0x0000000714900000, 0x0000000714900000| Untracked 
| 184|0x0000000714a00000, 0x0000000714a00000, 0x0000000714b00000|  0%| F|  |TAMS 0x0000000714a00000, 0x0000000714a00000| Untracked 
| 185|0x0000000714b00000, 0x0000000714b00000, 0x0000000714c00000|  0%| F|  |TAMS 0x0000000714b00000, 0x0000000714b00000| Untracked 
| 186|0x0000000714c00000, 0x0000000714c00000, 0x0000000714d00000|  0%| F|  |TAMS 0x0000000714c00000, 0x0000000714c00000| Untracked 
| 187|0x0000000714d00000, 0x0000000714d00000, 0x0000000714e00000|  0%| F|  |TAMS 0x0000000714d00000, 0x0000000714d00000| Untracked 
| 188|0x0000000714e00000, 0x0000000714e00000, 0x0000000714f00000|  0%| F|  |TAMS 0x0000000714e00000, 0x0000000714e00000| Untracked 
| 189|0x0000000714f00000, 0x0000000714f00000, 0x0000000715000000|  0%| F|  |TAMS 0x0000000714f00000, 0x0000000714f00000| Untracked 
| 190|0x0000000715000000, 0x0000000715000000, 0x0000000715100000|  0%| F|  |TAMS 0x0000000715000000, 0x0000000715000000| Untracked 
| 191|0x0000000715100000, 0x0000000715100000, 0x0000000715200000|  0%| F|  |TAMS 0x0000000715100000, 0x0000000715100000| Untracked 
| 192|0x0000000715200000, 0x0000000715200000, 0x0000000715300000|  0%| F|  |TAMS 0x0000000715200000, 0x0000000715200000| Untracked 
| 193|0x0000000715300000, 0x0000000715300000, 0x0000000715400000|  0%| F|  |TAMS 0x0000000715300000, 0x0000000715300000| Untracked 
| 194|0x0000000715400000, 0x0000000715400000, 0x0000000715500000|  0%| F|  |TAMS 0x0000000715400000, 0x0000000715400000| Untracked 
| 195|0x0000000715500000, 0x0000000715500000, 0x0000000715600000|  0%| F|  |TAMS 0x0000000715500000, 0x0000000715500000| Untracked 
| 196|0x0000000715600000, 0x0000000715600000, 0x0000000715700000|  0%| F|  |TAMS 0x0000000715600000, 0x0000000715600000| Untracked 
| 197|0x0000000715700000, 0x0000000715700000, 0x0000000715800000|  0%| F|  |TAMS 0x0000000715700000, 0x0000000715700000| Untracked 
| 198|0x0000000715800000, 0x0000000715800000, 0x0000000715900000|  0%| F|  |TAMS 0x0000000715800000, 0x0000000715800000| Untracked 
| 199|0x0000000715900000, 0x0000000715900000, 0x0000000715a00000|  0%| F|  |TAMS 0x0000000715900000, 0x0000000715900000| Untracked 
| 200|0x0000000715a00000, 0x0000000715a00000, 0x0000000715b00000|  0%| F|  |TAMS 0x0000000715a00000, 0x0000000715a00000| Untracked 
| 201|0x0000000715b00000, 0x0000000715b00000, 0x0000000715c00000|  0%| F|  |TAMS 0x0000000715b00000, 0x0000000715b00000| Untracked 
| 202|0x0000000715c00000, 0x0000000715c00000, 0x0000000715d00000|  0%| F|  |TAMS 0x0000000715c00000, 0x0000000715c00000| Untracked 
| 203|0x0000000715d00000, 0x0000000715d00000, 0x0000000715e00000|  0%| F|  |TAMS 0x0000000715d00000, 0x0000000715d00000| Untracked 
| 204|0x0000000715e00000, 0x0000000715e00000, 0x0000000715f00000|  0%| F|  |TAMS 0x0000000715e00000, 0x0000000715e00000| Untracked 
| 205|0x0000000715f00000, 0x0000000715f00000, 0x0000000716000000|  0%| F|  |TAMS 0x0000000715f00000, 0x0000000715f00000| Untracked 
| 206|0x0000000716000000, 0x0000000716000000, 0x0000000716100000|  0%| F|  |TAMS 0x0000000716000000, 0x0000000716000000| Untracked 
| 207|0x0000000716100000, 0x0000000716100000, 0x0000000716200000|  0%| F|  |TAMS 0x0000000716100000, 0x0000000716100000| Untracked 
| 208|0x0000000716200000, 0x0000000716200000, 0x0000000716300000|  0%| F|  |TAMS 0x0000000716200000, 0x0000000716200000| Untracked 
| 209|0x0000000716300000, 0x0000000716300000, 0x0000000716400000|  0%| F|  |TAMS 0x0000000716300000, 0x0000000716300000| Untracked 
| 210|0x0000000716400000, 0x0000000716400000, 0x0000000716500000|  0%| F|  |TAMS 0x0000000716400000, 0x0000000716400000| Untracked 
| 211|0x0000000716500000, 0x0000000716500000, 0x0000000716600000|  0%| F|  |TAMS 0x0000000716500000, 0x0000000716500000| Untracked 
| 212|0x0000000716600000, 0x0000000716600000, 0x0000000716700000|  0%| F|  |TAMS 0x0000000716600000, 0x0000000716600000| Untracked 
| 213|0x0000000716700000, 0x0000000716700000, 0x0000000716800000|  0%| F|  |TAMS 0x0000000716700000, 0x0000000716700000| Untracked 
| 214|0x0000000716800000, 0x0000000716800000, 0x0000000716900000|  0%| F|  |TAMS 0x0000000716800000, 0x0000000716800000| Untracked 
| 215|0x0000000716900000, 0x0000000716900000, 0x0000000716a00000|  0%| F|  |TAMS 0x0000000716900000, 0x0000000716900000| Untracked 
| 216|0x0000000716a00000, 0x0000000716a00000, 0x0000000716b00000|  0%| F|  |TAMS 0x0000000716a00000, 0x0000000716a00000| Untracked 
| 217|0x0000000716b00000, 0x0000000716b00000, 0x0000000716c00000|  0%| F|  |TAMS 0x0000000716b00000, 0x0000000716b00000| Untracked 
| 218|0x0000000716c00000, 0x0000000716c00000, 0x0000000716d00000|  0%| F|  |TAMS 0x0000000716c00000, 0x0000000716c00000| Untracked 
| 219|0x0000000716d00000, 0x0000000716d00000, 0x0000000716e00000|  0%| F|  |TAMS 0x0000000716d00000, 0x0000000716d00000| Untracked 
| 220|0x0000000716e00000, 0x0000000716e00000, 0x0000000716f00000|  0%| F|  |TAMS 0x0000000716e00000, 0x0000000716e00000| Untracked 
| 221|0x0000000716f00000, 0x0000000716f00000, 0x0000000717000000|  0%| F|  |TAMS 0x0000000716f00000, 0x0000000716f00000| Untracked 
| 222|0x0000000717000000, 0x0000000717000000, 0x0000000717100000|  0%| F|  |TAMS 0x0000000717000000, 0x0000000717000000| Untracked 
| 223|0x0000000717100000, 0x0000000717100000, 0x0000000717200000|  0%| F|  |TAMS 0x0000000717100000, 0x0000000717100000| Untracked 
| 224|0x0000000717200000, 0x0000000717200000, 0x0000000717300000|  0%| F|  |TAMS 0x0000000717200000, 0x0000000717200000| Untracked 
| 225|0x0000000717300000, 0x0000000717300000, 0x0000000717400000|  0%| F|  |TAMS 0x0000000717300000, 0x0000000717300000| Untracked 
| 226|0x0000000717400000, 0x0000000717400000, 0x0000000717500000|  0%| F|  |TAMS 0x0000000717400000, 0x0000000717400000| Untracked 
| 227|0x0000000717500000, 0x0000000717500000, 0x0000000717600000|  0%| F|  |TAMS 0x0000000717500000, 0x0000000717500000| Untracked 
| 228|0x0000000717600000, 0x0000000717600000, 0x0000000717700000|  0%| F|  |TAMS 0x0000000717600000, 0x0000000717600000| Untracked 
| 229|0x0000000717700000, 0x00000007177b3430, 0x0000000717800000| 70%| E|  |TAMS 0x0000000717700000, 0x0000000717700000| Complete 
| 230|0x0000000717800000, 0x0000000717900000, 0x0000000717900000|100%| E|CS|TAMS 0x0000000717800000, 0x0000000717800000| Complete 
| 231|0x0000000717900000, 0x0000000717a00000, 0x0000000717a00000|100%| E|CS|TAMS 0x0000000717900000, 0x0000000717900000| Complete 
| 232|0x0000000717a00000, 0x0000000717b00000, 0x0000000717b00000|100%| E|CS|TAMS 0x0000000717a00000, 0x0000000717a00000| Complete 
| 233|0x0000000717b00000, 0x0000000717c00000, 0x0000000717c00000|100%| E|CS|TAMS 0x0000000717b00000, 0x0000000717b00000| Complete 
| 234|0x0000000717c00000, 0x0000000717d00000, 0x0000000717d00000|100%| E|CS|TAMS 0x0000000717c00000, 0x0000000717c00000| Complete 
| 235|0x0000000717d00000, 0x0000000717e00000, 0x0000000717e00000|100%| E|CS|TAMS 0x0000000717d00000, 0x0000000717d00000| Complete 
| 236|0x0000000717e00000, 0x0000000717f00000, 0x0000000717f00000|100%| E|CS|TAMS 0x0000000717e00000, 0x0000000717e00000| Complete 
| 237|0x0000000717f00000, 0x0000000718000000, 0x0000000718000000|100%| E|CS|TAMS 0x0000000717f00000, 0x0000000717f00000| Complete 
| 238|0x0000000718000000, 0x0000000718100000, 0x0000000718100000|100%| E|CS|TAMS 0x0000000718000000, 0x0000000718000000| Complete 
| 239|0x0000000718100000, 0x0000000718200000, 0x0000000718200000|100%| E|CS|TAMS 0x0000000718100000, 0x0000000718100000| Complete 
| 240|0x0000000718200000, 0x0000000718300000, 0x0000000718300000|100%| E|CS|TAMS 0x0000000718200000, 0x0000000718200000| Complete 
| 241|0x0000000718300000, 0x0000000718400000, 0x0000000718400000|100%| E|CS|TAMS 0x0000000718300000, 0x0000000718300000| Complete 
| 242|0x0000000718400000, 0x0000000718500000, 0x0000000718500000|100%| E|CS|TAMS 0x0000000718400000, 0x0000000718400000| Complete 
| 243|0x0000000718500000, 0x0000000718600000, 0x0000000718600000|100%| E|CS|TAMS 0x0000000718500000, 0x0000000718500000| Complete 
| 244|0x0000000718600000, 0x0000000718700000, 0x0000000718700000|100%| E|CS|TAMS 0x0000000718600000, 0x0000000718600000| Complete 
| 245|0x0000000718700000, 0x0000000718800000, 0x0000000718800000|100%| E|CS|TAMS 0x0000000718700000, 0x0000000718700000| Complete 
| 246|0x0000000718800000, 0x0000000718900000, 0x0000000718900000|100%| E|CS|TAMS 0x0000000718800000, 0x0000000718800000| Complete 
| 247|0x0000000718900000, 0x0000000718a00000, 0x0000000718a00000|100%| E|CS|TAMS 0x0000000718900000, 0x0000000718900000| Complete 
| 248|0x0000000718a00000, 0x0000000718b00000, 0x0000000718b00000|100%| E|CS|TAMS 0x0000000718a00000, 0x0000000718a00000| Complete 
| 249|0x0000000718b00000, 0x0000000718c00000, 0x0000000718c00000|100%| E|CS|TAMS 0x0000000718b00000, 0x0000000718b00000| Complete 
| 250|0x0000000718c00000, 0x0000000718d00000, 0x0000000718d00000|100%| E|CS|TAMS 0x0000000718c00000, 0x0000000718c00000| Complete 
| 251|0x0000000718d00000, 0x0000000718e00000, 0x0000000718e00000|100%| E|CS|TAMS 0x0000000718d00000, 0x0000000718d00000| Complete 
| 252|0x0000000718e00000, 0x0000000718f00000, 0x0000000718f00000|100%| E|CS|TAMS 0x0000000718e00000, 0x0000000718e00000| Complete 
| 253|0x0000000718f00000, 0x0000000719000000, 0x0000000719000000|100%| E|CS|TAMS 0x0000000718f00000, 0x0000000718f00000| Complete 
| 254|0x0000000719000000, 0x0000000719100000, 0x0000000719100000|100%| E|CS|TAMS 0x0000000719000000, 0x0000000719000000| Complete 
| 255|0x0000000719100000, 0x0000000719200000, 0x0000000719200000|100%| E|CS|TAMS 0x0000000719100000, 0x0000000719100000| Complete 
| 256|0x0000000719200000, 0x0000000719300000, 0x0000000719300000|100%| E|CS|TAMS 0x0000000719200000, 0x0000000719200000| Complete 
| 257|0x0000000719300000, 0x0000000719400000, 0x0000000719400000|100%| E|CS|TAMS 0x0000000719300000, 0x0000000719300000| Complete 
| 258|0x0000000719400000, 0x0000000719500000, 0x0000000719500000|100%| E|CS|TAMS 0x0000000719400000, 0x0000000719400000| Complete 
| 259|0x0000000719500000, 0x0000000719600000, 0x0000000719600000|100%| E|CS|TAMS 0x0000000719500000, 0x0000000719500000| Complete 
| 260|0x0000000719600000, 0x0000000719700000, 0x0000000719700000|100%| E|CS|TAMS 0x0000000719600000, 0x0000000719600000| Complete 
| 261|0x0000000719700000, 0x0000000719800000, 0x0000000719800000|100%| E|CS|TAMS 0x0000000719700000, 0x0000000719700000| Complete 
| 262|0x0000000719800000, 0x0000000719900000, 0x0000000719900000|100%| E|CS|TAMS 0x0000000719800000, 0x0000000719800000| Complete 
| 263|0x0000000719900000, 0x0000000719a00000, 0x0000000719a00000|100%| E|CS|TAMS 0x0000000719900000, 0x0000000719900000| Complete 
| 264|0x0000000719a00000, 0x0000000719b00000, 0x0000000719b00000|100%| E|CS|TAMS 0x0000000719a00000, 0x0000000719a00000| Complete 
| 265|0x0000000719b00000, 0x0000000719c00000, 0x0000000719c00000|100%| E|CS|TAMS 0x0000000719b00000, 0x0000000719b00000| Complete 
| 266|0x0000000719c00000, 0x0000000719d00000, 0x0000000719d00000|100%| E|CS|TAMS 0x0000000719c00000, 0x0000000719c00000| Complete 
| 267|0x0000000719d00000, 0x0000000719e00000, 0x0000000719e00000|100%| E|CS|TAMS 0x0000000719d00000, 0x0000000719d00000| Complete 
| 268|0x0000000719e00000, 0x0000000719f00000, 0x0000000719f00000|100%| E|CS|TAMS 0x0000000719e00000, 0x0000000719e00000| Complete 
| 269|0x0000000719f00000, 0x000000071a000000, 0x000000071a000000|100%| E|CS|TAMS 0x0000000719f00000, 0x0000000719f00000| Complete 
| 270|0x000000071a000000, 0x000000071a100000, 0x000000071a100000|100%| E|CS|TAMS 0x000000071a000000, 0x000000071a000000| Complete 
| 271|0x000000071a100000, 0x000000071a200000, 0x000000071a200000|100%| E|CS|TAMS 0x000000071a100000, 0x000000071a100000| Complete 
| 272|0x000000071a200000, 0x000000071a300000, 0x000000071a300000|100%| E|CS|TAMS 0x000000071a200000, 0x000000071a200000| Complete 
| 273|0x000000071a300000, 0x000000071a400000, 0x000000071a400000|100%| E|CS|TAMS 0x000000071a300000, 0x000000071a300000| Complete 
| 274|0x000000071a400000, 0x000000071a500000, 0x000000071a500000|100%| E|CS|TAMS 0x000000071a400000, 0x000000071a400000| Complete 
| 275|0x000000071a500000, 0x000000071a5c9850, 0x000000071a600000| 78%| S|CS|TAMS 0x000000071a500000, 0x000000071a500000| Complete 
| 276|0x000000071a600000, 0x000000071a700000, 0x000000071a700000|100%| S|CS|TAMS 0x000000071a600000, 0x000000071a600000| Complete 
| 277|0x000000071a700000, 0x000000071a800000, 0x000000071a800000|100%| S|CS|TAMS 0x000000071a700000, 0x000000071a700000| Complete 
| 278|0x000000071a800000, 0x000000071a900000, 0x000000071a900000|100%| E|CS|TAMS 0x000000071a800000, 0x000000071a800000| Complete 
| 279|0x000000071a900000, 0x000000071aa00000, 0x000000071aa00000|100%| E|CS|TAMS 0x000000071a900000, 0x000000071a900000| Complete 
| 280|0x000000071aa00000, 0x000000071ab00000, 0x000000071ab00000|100%| E|CS|TAMS 0x000000071aa00000, 0x000000071aa00000| Complete 
| 281|0x000000071ab00000, 0x000000071ac00000, 0x000000071ac00000|100%| E|CS|TAMS 0x000000071ab00000, 0x000000071ab00000| Complete 
| 282|0x000000071ac00000, 0x000000071ad00000, 0x000000071ad00000|100%| E|CS|TAMS 0x000000071ac00000, 0x000000071ac00000| Complete 
| 283|0x000000071ad00000, 0x000000071ae00000, 0x000000071ae00000|100%| E|CS|TAMS 0x000000071ad00000, 0x000000071ad00000| Complete 
| 284|0x000000071ae00000, 0x000000071af00000, 0x000000071af00000|100%| E|CS|TAMS 0x000000071ae00000, 0x000000071ae00000| Complete 
| 285|0x000000071af00000, 0x000000071b000000, 0x000000071b000000|100%| E|CS|TAMS 0x000000071af00000, 0x000000071af00000| Complete 
| 286|0x000000071b000000, 0x000000071b100000, 0x000000071b100000|100%| E|CS|TAMS 0x000000071b000000, 0x000000071b000000| Complete 
| 287|0x000000071b100000, 0x000000071b200000, 0x000000071b200000|100%| E|CS|TAMS 0x000000071b100000, 0x000000071b100000| Complete 
| 288|0x000000071b200000, 0x000000071b300000, 0x000000071b300000|100%| E|CS|TAMS 0x000000071b200000, 0x000000071b200000| Complete 
| 289|0x000000071b300000, 0x000000071b400000, 0x000000071b400000|100%| E|CS|TAMS 0x000000071b300000, 0x000000071b300000| Complete 
| 290|0x000000071b400000, 0x000000071b500000, 0x000000071b500000|100%| E|CS|TAMS 0x000000071b400000, 0x000000071b400000| Complete 
| 291|0x000000071b500000, 0x000000071b600000, 0x000000071b600000|100%| E|CS|TAMS 0x000000071b500000, 0x000000071b500000| Complete 
| 292|0x000000071b600000, 0x000000071b700000, 0x000000071b700000|100%| E|CS|TAMS 0x000000071b600000, 0x000000071b600000| Complete 
| 293|0x000000071b700000, 0x000000071b800000, 0x000000071b800000|100%| E|CS|TAMS 0x000000071b700000, 0x000000071b700000| Complete 
| 294|0x000000071b800000, 0x000000071b900000, 0x000000071b900000|100%| E|CS|TAMS 0x000000071b800000, 0x000000071b800000| Complete 
| 295|0x000000071b900000, 0x000000071ba00000, 0x000000071ba00000|100%| E|CS|TAMS 0x000000071b900000, 0x000000071b900000| Complete 
| 296|0x000000071ba00000, 0x000000071bb00000, 0x000000071bb00000|100%| E|CS|TAMS 0x000000071ba00000, 0x000000071ba00000| Complete 
| 297|0x000000071bb00000, 0x000000071bc00000, 0x000000071bc00000|100%| E|CS|TAMS 0x000000071bb00000, 0x000000071bb00000| Complete 

Card table byte_map: [0x0000013aa9300000,0x0000013aa9ac0000] _byte_map_base: 0x0000013aa5ab7000

Marking Bits (Prev, Next): (CMBitMap*) 0x0000013a91c81218, (CMBitMap*) 0x0000013a91c81250
 Prev Bits: [0x0000013aaa280000, 0x0000013aae038000)
 Next Bits: [0x0000013aae040000, 0x0000013ab1df8000)

Polling page: 0x0000013a8fdb0000

Metaspace:

Usage:
  Non-class:     33.40 MB capacity,    32.98 MB ( 99%) used,   336.92 KB ( <1%) free+waste,    94.13 KB ( <1%) overhead. 
      Class:      4.39 MB capacity,     4.05 MB ( 92%) used,   305.51 KB (  7%) free+waste,    45.31 KB (  1%) overhead. 
       Both:     37.79 MB capacity,    37.03 MB ( 98%) used,   642.43 KB (  2%) free+waste,   139.44 KB ( <1%) overhead. 

Virtual space:
  Non-class space:       34.00 MB reserved,      33.46 MB ( 98%) committed 
      Class space:        1.00 GB reserved,       4.45 MB ( <1%) committed 
             Both:        1.03 GB reserved,      37.90 MB (  4%) committed 

Chunk freelists:
   Non-Class:  0 bytes
       Class:  1.63 KB
        Both:  1.63 KB

CodeHeap 'non-profiled nmethods': size=119168Kb used=4496Kb max_used=4496Kb free=114672Kb
 bounds [0x0000013aa0e60000, 0x0000013aa12d0000, 0x0000013aa82c0000]
CodeHeap 'profiled nmethods': size=119168Kb used=10507Kb max_used=10507Kb free=108661Kb
 bounds [0x0000013a99a00000, 0x0000013a9a450000, 0x0000013aa0e60000]
CodeHeap 'non-nmethods': size=7424Kb used=1773Kb max_used=2944Kb free=5650Kb
 bounds [0x0000013a992c0000, 0x0000013a995b0000, 0x0000013a99a00000]
 total_blobs=4530 nmethods=3968 adapters=472
 compilation: enabled
              stopped_count=0, restarted_count=0
 full_count=0

Compilation events (10 events):
Event: 5.572 Thread 0x0000013ab586b800 3960       3       java.lang.invoke.LambdaForm$DMH/0x000000080028e040::invokeStatic (30 bytes)
Event: 5.572 Thread 0x0000013ab59cd800 3961       3       jdk.internal.org.objectweb.asm.MethodVisitor::visitFieldInsn (20 bytes)
Event: 5.572 Thread 0x0000013ab59cd800 nmethod 3961 0x0000013a9a435a90 code [0x0000013a9a435c40, 0x0000013a9a435e48]
Event: 5.572 Thread 0x0000013ab586b800 nmethod 3960 0x0000013a9a435f10 code [0x0000013a9a436100, 0x0000013a9a4367a8]
Event: 5.572 Thread 0x0000013ab59cd800 3962       3       java.lang.invoke.InnerClassLambdaMetafactory::generateConstructor (151 bytes)
Event: 5.572 Thread 0x0000013ab586b800 3963       3       java.lang.invoke.InnerClassLambdaMetafactory$ForwardingMethodGenerator::generate (181 bytes)
Event: 5.573 Thread 0x0000013ab59cd800 nmethod 3962 0x0000013a9a436990 code [0x0000013a9a436c40, 0x0000013a9a4378a8]
Event: 5.573 Thread 0x0000013ab586b800 nmethod 3963 0x0000013a9a437e90 code [0x0000013a9a438180, 0x0000013a9a439818]
Event: 5.574 Thread 0x0000013ab59cd800 3964       3       java.util.stream.AbstractPipeline::sourceSpliterator (265 bytes)
Event: 5.575 Thread 0x0000013ab59cd800 nmethod 3964 0x0000013a9a439e90 code [0x0000013a9a43a100, 0x0000013a9a43af08]

GC Heap History (10 events):
Event: 2.024 GC heap before
{Heap before GC invocations=3 (full 0):
 garbage-first heap   total 253952K, used 54100K [0x0000000709200000, 0x0000000800000000)
  region size 1024K, 21 young (21504K), 3 survivors (3072K)
 Metaspace       used 20917K, capacity 21200K, committed 21248K, reserved 1069056K
  class space    used 1943K, capacity 2041K, committed 2048K, reserved 1048576K
}
Event: 2.027 GC heap after
{Heap after GC invocations=4 (full 0):
 garbage-first heap   total 253952K, used 36180K [0x0000000709200000, 0x0000000800000000)
  region size 1024K, 2 young (2048K), 2 survivors (2048K)
 Metaspace       used 20917K, capacity 21200K, committed 21248K, reserved 1069056K
  class space    used 1943K, capacity 2041K, committed 2048K, reserved 1048576K
}
Event: 2.656 GC heap before
{Heap before GC invocations=5 (full 0):
 garbage-first heap   total 253952K, used 90452K [0x0000000709200000, 0x0000000800000000)
  region size 1024K, 55 young (56320K), 2 survivors (2048K)
 Metaspace       used 24318K, capacity 24738K, committed 24956K, reserved 1071104K
  class space    used 2376K, capacity 2593K, committed 2684K, reserved 1048576K
}
Event: 2.661 GC heap after
{Heap after GC invocations=6 (full 0):
 garbage-first heap   total 253952K, used 41016K [0x0000000709200000, 0x0000000800000000)
  region size 1024K, 7 young (7168K), 7 survivors (7168K)
 Metaspace       used 24318K, capacity 24738K, committed 24956K, reserved 1071104K
  class space    used 2376K, capacity 2593K, committed 2684K, reserved 1048576K
}
Event: 3.475 GC heap before
{Heap before GC invocations=6 (full 0):
 garbage-first heap   total 253952K, used 128056K [0x0000000709200000, 0x0000000800000000)
  region size 1024K, 92 young (94208K), 7 survivors (7168K)
 Metaspace       used 28149K, capacity 28642K, committed 28924K, reserved 1075200K
  class space    used 2832K, capacity 3026K, committed 3068K, reserved 1048576K
}
Event: 3.483 GC heap after
{Heap after GC invocations=7 (full 0):
 garbage-first heap   total 305152K, used 48731K [0x0000000709200000, 0x0000000800000000)
  region size 1024K, 12 young (12288K), 12 survivors (12288K)
 Metaspace       used 28149K, capacity 28642K, committed 28924K, reserved 1075200K
  class space    used 2832K, capacity 3026K, committed 3068K, reserved 1048576K
}
Event: 4.340 GC heap before
{Heap before GC invocations=7 (full 0):
 garbage-first heap   total 305152K, used 159323K [0x0000000709200000, 0x0000000800000000)
  region size 1024K, 120 young (122880K), 12 survivors (12288K)
 Metaspace       used 34387K, capacity 35081K, committed 35196K, reserved 1081344K
  class space    used 3633K, capacity 3926K, committed 3964K, reserved 1048576K
}
Event: 4.348 GC heap after
{Heap after GC invocations=8 (full 0):
 garbage-first heap   total 305152K, used 58368K [0x0000000709200000, 0x0000000800000000)
  region size 1024K, 15 young (15360K), 15 survivors (15360K)
 Metaspace       used 34387K, capacity 35081K, committed 35196K, reserved 1081344K
  class space    used 3633K, capacity 3926K, committed 3964K, reserved 1048576K
}
Event: 4.484 GC heap before
{Heap before GC invocations=8 (full 0):
 garbage-first heap   total 305152K, used 77824K [0x0000000709200000, 0x0000000800000000)
  region size 1024K, 35 young (35840K), 15 survivors (15360K)
 Metaspace       used 35261K, capacity 35931K, committed 36048K, reserved 1081344K
  class space    used 3752K, capacity 4045K, committed 4092K, reserved 1048576K
}
Event: 4.491 GC heap after
{Heap after GC invocations=9 (full 0):
 garbage-first heap   total 305152K, used 61520K [0x0000000709200000, 0x0000000800000000)
  region size 1024K, 3 young (3072K), 3 survivors (3072K)
 Metaspace       used 35261K, capacity 35931K, committed 36048K, reserved 1081344K
  class space    used 3752K, capacity 4045K, committed 4092K, reserved 1048576K
}

Deoptimization events (10 events):
Event: 4.154 Thread 0x0000013a91c20800 Uncommon trap: reason=unstable_if action=reinterpret pc=0x0000013aa0edbc40 method=java.lang.String.replace(CC)Ljava/lang/String; @ 2 c2
Event: 4.252 Thread 0x0000013a91c20800 Uncommon trap: reason=unstable_if action=reinterpret pc=0x0000013aa1040618 method=jdk.internal.org.objectweb.asm.Type.getArgumentsAndReturnSizes(Ljava/lang/String;)I @ 41 c2
Event: 4.451 Thread 0x0000013a91c20800 Uncommon trap: reason=unstable_if action=reinterpret pc=0x0000013aa12579f0 method=java.util.regex.Pattern$BmpCharProperty.match(Ljava/util/regex/Matcher;ILjava/lang/CharSequence;)Z @ 39 c2
Event: 4.749 Thread 0x0000013a91c20800 Uncommon trap: reason=unstable_if action=reinterpret pc=0x0000013aa128f144 method=org.aspectj.util.GenericSignatureParser.parseTypeArgument()Lorg/aspectj/util/GenericSignature$TypeArgument; @ 27 c2
Event: 4.839 Thread 0x0000013abadaf800 Uncommon trap: reason=class_check action=maybe_recompile pc=0x0000013aa11b3a2c method=java.util.Collections$SetFromMap.remove(Ljava/lang/Object;)Z @ 5 c2
Event: 4.840 Thread 0x0000013abadaf800 Uncommon trap: reason=class_check action=maybe_recompile pc=0x0000013aa11b3a2c method=java.util.Collections$SetFromMap.remove(Ljava/lang/Object;)Z @ 5 c2
Event: 4.907 Thread 0x0000013abadaf800 Uncommon trap: reason=class_check action=maybe_recompile pc=0x0000013aa0eeca90 method=java.nio.DirectByteBuffer.<init>(Lsun/nio/ch/DirectBuffer;IIIII)V @ 12 c2
Event: 4.907 Thread 0x0000013abadaf800 Uncommon trap: reason=class_check action=maybe_recompile pc=0x0000013aa0eeca90 method=java.nio.DirectByteBuffer.<init>(Lsun/nio/ch/DirectBuffer;IIIII)V @ 12 c2
Event: 5.448 Thread 0x0000013abadaf800 Uncommon trap: reason=class_check action=maybe_recompile pc=0x0000013aa0eeca90 method=java.nio.DirectByteBuffer.<init>(Lsun/nio/ch/DirectBuffer;IIIII)V @ 12 c2
Event: 5.559 Thread 0x0000013a91c20800 Uncommon trap: reason=class_check action=maybe_recompile pc=0x0000013aa1279b44 method=org.openqa.selenium.json.Input.fill()Z @ 85 c2

Classes redefined (0 events):
No events

Internal exceptions (10 events):
Event: 4.170 Thread 0x0000013aba534800 Exception <a 'java/lang/NoSuchMethodError'{0x0000000715f604f0}: java.lang.invoke.DirectMethodHandle$Holder.invokeStatic(Ljava/lang/Object;Ljava/lang/Object;J)Ljava/lang/Object;> (0x0000000715f604f0) thrown at [./open/src/hotspot/share/interpreter/linkReso
Event: 4.170 Thread 0x0000013aba534800 Exception <a 'java/lang/NoSuchMethodError'{0x0000000715f667c0}: java.lang.invoke.Invokers$Holder.linkToTargetMethod(Ljava/lang/Object;JLjava/lang/Object;)Ljava/lang/Object;> (0x0000000715f667c0) thrown at [./open/src/hotspot/share/interpreter/linkResolver
Event: 4.252 Thread 0x0000013a91c20800 Exception <a 'java/lang/NoSuchMethodError'{0x0000000715a42ea0}: java.lang.invoke.DirectMethodHandle$Holder.invokeVirtual(Ljava/lang/Object;Ljava/lang/Object;)D> (0x0000000715a42ea0) thrown at [./open/src/hotspot/share/interpreter/linkResolver.cpp, line 77
Event: 4.253 Thread 0x0000013a91c20800 Exception <a 'java/lang/NoSuchMethodError'{0x0000000715a48f00}: java.lang.invoke.DirectMethodHandle$Holder.invokeVirtual(Ljava/lang/Object;Ljava/lang/Object;)F> (0x0000000715a48f00) thrown at [./open/src/hotspot/share/interpreter/linkResolver.cpp, line 77
Event: 4.254 Thread 0x0000013a91c20800 Exception <a 'java/lang/NoSuchMethodError'{0x0000000715a51640}: java.lang.invoke.DirectMethodHandle$Holder.invokeVirtual(Ljava/lang/Object;Ljava/lang/Object;)J> (0x0000000715a51640) thrown at [./open/src/hotspot/share/interpreter/linkResolver.cpp, line 77
Event: 4.302 Thread 0x0000013a91c20800 Exception <a 'java/lang/NoSuchMethodError'{0x00000007155fb9b8}: java.lang.invoke.DirectMethodHandle$Holder.invokeSpecial(Ljava/lang/Object;Ljava/lang/Object;Ljava/lang/Object;Ljava/lang/Object;Ljava/lang/Object;)V> (0x00000007155fb9b8) thrown at [./open/s
Event: 4.304 Thread 0x0000013a91c20800 Exception <a 'java/lang/NoSuchMethodError'{0x000000071540b418}: java.lang.invoke.DirectMethodHandle$Holder.invokeStatic(Ljava/lang/Object;Ljava/lang/Object;I)V> (0x000000071540b418) thrown at [./open/src/hotspot/share/interpreter/linkResolver.cpp, line 77
Event: 4.404 Thread 0x0000013a91c20800 Exception <a 'java/lang/NoSuchMethodError'{0x000000071b356028}: java.lang.invoke.DirectMethodHandle$Holder.invokeSpecialIFC(Ljava/lang/Object;Ljava/lang/Object;Ljava/lang/Object;)I> (0x000000071b356028) thrown at [./open/src/hotspot/share/interpreter/link
Event: 4.552 Thread 0x0000013a91c20800 Exception <a 'java/lang/NoSuchMethodError'{0x000000071b2a5658}: java.lang.invoke.DirectMethodHandle$Holder.invokeSpecial(Ljava/lang/Object;Ljava/lang/Object;Ljava/lang/Object;Ljava/lang/Object;Ljava/lang/Object;Ljava/lang/Object;)V> (0x000000071b2a5658) t
Event: 5.566 Thread 0x0000013a91c20800 Exception <a 'java/lang/NoSuchMethodError'{0x0000000717c7d4f0}: java.lang.invoke.DirectMethodHandle$Holder.invokeSpecialIFC(Ljava/lang/Object;Ljava/lang/Object;Ljava/lang/Object;)Ljava/lang/Object;> (0x0000000717c7d4f0) thrown at [./open/src/hotspot/share

Events (10 events):
Event: 5.574 loading class org/openqa/selenium/internal/Either
Event: 5.574 loading class org/openqa/selenium/internal/Either done
Event: 5.574 loading class org/openqa/selenium/internal/Either
Event: 5.574 loading class org/openqa/selenium/internal/Either done
Event: 5.574 Executing VM operation: RevokeBias
Event: 5.574 Executing VM operation: RevokeBias done
Event: 5.575 loading class org/openqa/selenium/remote/codec/w3c/W3CHttpCommandCodec
Event: 5.575 loading class org/openqa/selenium/remote/codec/w3c/W3CHttpCommandCodec done
Event: 5.576 loading class org/openqa/selenium/remote/codec/AbstractHttpCommandCodec
Event: 5.576 loading class org/openqa/selenium/remote/codec/AbstractHttpCommandCodec done


Dynamic libraries:
0x00007ff6dbed0000 - 0x00007ff6dbedf000 	C:\Program Files\Java\jdk-11.0.16.1\bin\java.exe
0x00007ff8135f0000 - 0x00007ff8137e8000 	C:\WINDOWS\SYSTEM32\ntdll.dll
0x00007fffd0fc0000 - 0x00007fffd0fd7000 	C:\Program Files\Avast Software\Avast\aswhook.dll
0x00007ff812530000 - 0x00007ff8125ef000 	C:\WINDOWS\System32\KERNEL32.DLL
0x00007ff8110a0000 - 0x00007ff811372000 	C:\WINDOWS\System32\KERNELBASE.dll
0x00007ff810ed0000 - 0x00007ff810fd0000 	C:\WINDOWS\System32\ucrtbase.dll
0x00007ffff8720000 - 0x00007ffff8738000 	C:\Program Files\Java\jdk-11.0.16.1\bin\jli.dll
0x00007ffff86f0000 - 0x00007ffff8705000 	C:\Program Files\Java\jdk-11.0.16.1\bin\VCRUNTIME140.dll
0x00007ff811f60000 - 0x00007ff81200e000 	C:\WINDOWS\System32\ADVAPI32.dll
0x00007ff811d80000 - 0x00007ff811e1e000 	C:\WINDOWS\System32\msvcrt.dll
0x00007ff812650000 - 0x00007ff8126ec000 	C:\WINDOWS\System32\sechost.dll
0x00007ff8132e0000 - 0x00007ff813405000 	C:\WINDOWS\System32\RPCRT4.dll
0x00007ff812ee0000 - 0x00007ff813081000 	C:\WINDOWS\System32\USER32.dll
0x00007ff811590000 - 0x00007ff8115b2000 	C:\WINDOWS\System32\win32u.dll
0x00007ff812820000 - 0x00007ff81284b000 	C:\WINDOWS\System32\GDI32.dll
0x00007ffffbac0000 - 0x00007ffffbd5a000 	C:\WINDOWS\WinSxS\amd64_microsoft.windows.common-controls_6595b64144ccf1df_6.0.19041.1110_none_60b5254171f9507e\COMCTL32.dll
0x00007ff810ce0000 - 0x00007ff810def000 	C:\WINDOWS\System32\gdi32full.dll
0x00007ff811000000 - 0x00007ff81109d000 	C:\WINDOWS\System32\msvcp_win.dll
0x00007ff80a090000 - 0x00007ff80a09a000 	C:\WINDOWS\SYSTEM32\VERSION.dll
0x00007ff812e10000 - 0x00007ff812e42000 	C:\WINDOWS\System32\IMM32.DLL
0x00007fffd8700000 - 0x00007fffd879b000 	C:\Program Files\Java\jdk-11.0.16.1\bin\msvcp140.dll
0x00007fff76cc0000 - 0x00007fff777d8000 	C:\Program Files\Java\jdk-11.0.16.1\bin\server\jvm.dll
0x00007ff8134c0000 - 0x00007ff8134c8000 	C:\WINDOWS\System32\PSAPI.DLL
0x00007ff804f30000 - 0x00007ff804f39000 	C:\WINDOWS\SYSTEM32\WSOCK32.dll
0x00007ff806a30000 - 0x00007ff806a57000 	C:\WINDOWS\SYSTEM32\WINMM.dll
0x00007ff813270000 - 0x00007ff8132db000 	C:\WINDOWS\System32\WS2_32.dll
0x00007ff80f530000 - 0x00007ff80f542000 	C:\WINDOWS\SYSTEM32\kernel.appcore.dll
0x00007ffff9300000 - 0x00007ffff9310000 	C:\Program Files\Java\jdk-11.0.16.1\bin\verify.dll
0x00007ff80f2b0000 - 0x00007ff80f494000 	C:\WINDOWS\SYSTEM32\DBGHELP.DLL
0x00007ff803df0000 - 0x00007ff803e25000 	C:\WINDOWS\SYSTEM32\dbgcore.DLL
0x00007ff810e40000 - 0x00007ff810ec2000 	C:\WINDOWS\System32\bcryptPrimitives.dll
0x00007ffff0670000 - 0x00007ffff0698000 	C:\Program Files\Java\jdk-11.0.16.1\bin\java.dll
0x00007ffff8630000 - 0x00007ffff863a000 	C:\Program Files\Java\jdk-11.0.16.1\bin\jimage.dll
0x00007ff80b270000 - 0x00007ff80b27e000 	C:\Program Files\Java\jdk-11.0.16.1\bin\instrument.dll
0x00007ffff83f0000 - 0x00007ffff8406000 	C:\Program Files\Java\jdk-11.0.16.1\bin\zip.dll
0x00007ff811630000 - 0x00007ff811d74000 	C:\WINDOWS\System32\SHELL32.dll
0x00007ff80ea50000 - 0x00007ff80f1e2000 	C:\WINDOWS\SYSTEM32\windows.storage.dll
0x00007ff812850000 - 0x00007ff812ba5000 	C:\WINDOWS\System32\combase.dll
0x00007ff810740000 - 0x00007ff810770000 	C:\WINDOWS\SYSTEM32\Wldp.dll
0x00007ff813410000 - 0x00007ff8134bd000 	C:\WINDOWS\System32\SHCORE.dll
0x00007ff812bb0000 - 0x00007ff812c05000 	C:\WINDOWS\System32\shlwapi.dll
0x00007ff810c20000 - 0x00007ff810c3f000 	C:\WINDOWS\SYSTEM32\profapi.dll
0x00007ffff0860000 - 0x00007ffff0879000 	C:\Program Files\Java\jdk-11.0.16.1\bin\net.dll
0x00007ff80b730000 - 0x00007ff80b83c000 	C:\WINDOWS\SYSTEM32\WINHTTP.dll
0x00007ff8104a0000 - 0x00007ff81050a000 	C:\WINDOWS\system32\mswsock.dll
0x00007ffff05a0000 - 0x00007ffff05b2000 	C:\Program Files\Java\jdk-11.0.16.1\bin\nio.dll
0x00007ffff87c0000 - 0x00007ffff87da000 	D:\IntelliJ IDEA Community Edition 2022.2\bin\breakgen64.dll
0x00007ff8106a0000 - 0x00007ff8106b8000 	C:\WINDOWS\SYSTEM32\CRYPTSP.dll
0x00007ff80fd50000 - 0x00007ff80fd84000 	C:\WINDOWS\system32\rsaenh.dll
0x00007ff810fd0000 - 0x00007ff810ff7000 	C:\WINDOWS\System32\bcrypt.dll
0x00007ff810be0000 - 0x00007ff810c0e000 	C:\WINDOWS\SYSTEM32\USERENV.dll
0x00007ff810690000 - 0x00007ff81069c000 	C:\WINDOWS\SYSTEM32\CRYPTBASE.dll
0x00007ff810140000 - 0x00007ff81017b000 	C:\WINDOWS\SYSTEM32\IPHLPAPI.DLL
0x00007ff813090000 - 0x00007ff813098000 	C:\WINDOWS\System32\NSI.dll
0x00007ff809a30000 - 0x00007ff809a47000 	C:\WINDOWS\SYSTEM32\dhcpcsvc6.DLL
0x00007ff809a10000 - 0x00007ff809a2d000 	C:\WINDOWS\SYSTEM32\dhcpcsvc.DLL
0x00007ff810180000 - 0x00007ff81024a000 	C:\WINDOWS\SYSTEM32\DNSAPI.dll
0x00007ff80b460000 - 0x00007ff80b46d000 	C:\Program Files\Java\jdk-11.0.16.1\bin\sunmscapi.dll
0x00007ff811430000 - 0x00007ff811586000 	C:\WINDOWS\System32\CRYPT32.dll
0x00007ff8107b0000 - 0x00007ff8107d7000 	C:\WINDOWS\SYSTEM32\ncrypt.dll
0x00007ff810770000 - 0x00007ff8107ab000 	C:\WINDOWS\SYSTEM32\NTASN1.dll
0x00007ff803ce0000 - 0x00007ff803d05000 	C:\Program Files\Java\jdk-11.0.16.1\bin\sunec.dll
0x00007ff809a00000 - 0x00007ff809a0a000 	C:\Windows\System32\rasadhlp.dll
0x00007ff8073f0000 - 0x00007ff807470000 	C:\WINDOWS\System32\fwpuclnt.dll
0x00007ff80b260000 - 0x00007ff80b269000 	C:\Program Files\Java\jdk-11.0.16.1\bin\management.dll
0x00007ffff9580000 - 0x00007ffff958b000 	C:\Program Files\Java\jdk-11.0.16.1\bin\management_ext.dll

dbghelp: loaded successfully - version: 4.0.5 - missing functions: none
symbol engine: initialized successfully - sym options: 0x614 - pdb path: .;C:\Program Files\Java\jdk-11.0.16.1\bin;C:\WINDOWS\SYSTEM32;C:\Program Files\Avast Software\Avast;C:\WINDOWS\WinSxS\amd64_microsoft.windows.common-controls_6595b64144ccf1df_6.0.19041.1110_none_60b5254171f9507e;C:\Program Files\Java\jdk-11.0.16.1\bin\server;D:\IntelliJ IDEA Community Edition 2022.2\bin

VM Arguments:
jvm_args: -ea -javaagent:C:\Users\Asus\.m2\repository/org/aspectj/aspectjweaver/1.9.9.1/aspectjweaver-1.9.9.1.jar -Didea.test.cyclic.buffer.size=1048576 -javaagent:D:\IntelliJ IDEA Community Edition 2022.2\lib\idea_rt.jar=49262:D:\IntelliJ IDEA Community Edition 2022.2\bin -Dfile.encoding=UTF-8 
java_command: com.intellij.rt.testng.RemoteTestNGStarter -usedefaultlisteners false -socket49261 @w@C:\Users\Asus\AppData\Local\Temp\idea_working_dirs_testng4.tmp -temp C:\Users\Asus\AppData\Local\Temp\idea_testng6.tmp
java_class_path (initial): D:\IntelliJ IDEA Community Edition 2022.2\lib\idea_rt.jar;D:\IntelliJ IDEA Community Edition 2022.2\plugins\testng\lib\testng-rt.jar;C:\Users\Asus\Projects\TalentLMS_Fall2022\target\test-classes;C:\Users\Asus\Projects\TalentLMS_Fall2022\target\classes;C:\Users\Asus\.m2\repository\org\seleniumhq\selenium\selenium-java\4.8.0\selenium-java-4.8.0.jar;C:\Users\Asus\.m2\repository\org\seleniumhq\selenium\selenium-api\4.8.0\selenium-api-4.8.0.jar;C:\Users\Asus\.m2\repository\org\seleniumhq\selenium\selenium-chrome-driver\4.8.0\selenium-chrome-driver-4.8.0.jar;C:\Users\Asus\.m2\repository\com\google\auto\service\auto-service-annotations\1.0.1\auto-service-annotations-1.0.1.jar;C:\Users\Asus\.m2\repository\com\google\auto\service\auto-service\1.0.1\auto-service-1.0.1.jar;C:\Users\Asus\.m2\repository\com\google\auto\auto-common\1.2\auto-common-1.2.jar;C:\Users\Asus\.m2\repository\org\seleniumhq\selenium\selenium-chromium-driver\4.8.0\selenium-chromium-driver-4.8.0.jar;C:\Users\Asus\.m2\repository\org\seleniumhq\selenium\selenium-json\4.8.0\selenium-json-4.8.0.jar;C:\Users\Asus\.m2\repository\org\seleniumhq\selenium\selenium-devtools-v107\4.8.0\selenium-devtools-v107-4.8.0.jar;C:\Users\Asus\.m2\repository\org\seleniumhq\selenium\selenium-devtools-v108\4.8.0\selenium-devtools-v108-4.8.0.jar;C:\Users\Asus\.m2\repository\org\seleniumhq\selenium\selenium-devtools-v109\4.8.0\selenium-devtools-v109-4.8.0.jar;C:\Users\Asus\.m2\repository\org\seleniumhq\selenium\selenium-devtools-v85\4.8.0\selenium-devtools-v85-4.8.0.jar;C:\Users\Asus\.m2\repository\org\seleniumhq\selenium\selenium-edge-driver\4.8.0\selenium-edge-driver-4.8.0.jar;C:\Users\Asus\.m2\repository\org\seleniumhq\selenium\selenium-firefox-driver\4.8.0\selenium-firefox-driver-4.8.0.jar;C:\Users\Asus\.m2\repository\org\seleniumhq\selenium\selenium-http\4.8.0\selenium-http-4.8.0.jar;C:\Users\Asus\.m2\repository\dev\failsafe\failsafe\3.3.0\failsafe-3.3.0.jar;C:\Users\Asus\.m2\repository\org\seleniumh
Launcher Type: SUN_STANDARD

[Global flags]
     intx CICompilerCount                          = 12                                        {product} {ergonomic}
     uint ConcGCThreads                            = 3                                         {product} {ergonomic}
     uint G1ConcRefinementThreads                  = 13                                        {product} {ergonomic}
   size_t G1HeapRegionSize                         = 1048576                                   {product} {ergonomic}
    uintx GCDrainStackTargetSize                   = 64                                        {product} {ergonomic}
   size_t InitialHeapSize                          = 260046848                                 {product} {ergonomic}
   size_t MarkStackSize                            = 4194304                                   {product} {ergonomic}
   size_t MaxHeapSize                              = 4141875200                                {product} {ergonomic}
   size_t MaxNewSize                               = 2485125120                                {product} {ergonomic}
   size_t MinHeapDeltaBytes                        = 1048576                                   {product} {ergonomic}
    uintx NonNMethodCodeHeapSize                   = 7594288                                {pd product} {ergonomic}
    uintx NonProfiledCodeHeapSize                  = 122031976                              {pd product} {ergonomic}
    uintx ProfiledCodeHeapSize                     = 122031976                              {pd product} {ergonomic}
    uintx ReservedCodeCacheSize                    = 251658240                              {pd product} {ergonomic}
     bool SegmentedCodeCache                       = true                                      {product} {ergonomic}
     bool UseCompressedClassPointers               = true                                 {lp64_product} {ergonomic}
     bool UseCompressedOops                        = true                                 {lp64_product} {ergonomic}
     bool UseG1GC                                  = true                                      {product} {ergonomic}
     bool UseLargePagesIndividualAllocation        = false                                  {pd product} {ergonomic}

Logging:
Log output configuration:
 #0: stdout all=warning uptime,level,tags
 #1: stderr all=off uptime,level,tags

Environment Variables:
JAVA_HOME=C:\Program Files\Java\jdk-11.0.16.1
PATH=C:\Program Files\Common Files\Oracle\Java\javapath;C:\WINDOWS\system32;C:\WINDOWS;C:\WINDOWS\System32\Wbem;C:\WINDOWS\System32\WindowsPowerShell\v1.0\;C:\WINDOWS\System32\OpenSSH\;C:\Program Files\Git\cmd;C:\Program Files\Java\jdk-11.0.16.1\bin;C:\Program Files\apache-maven-4.0.0-alpha-3\bin;C:\Program Files\allure-2.20.0\allure-2.20.0\bin;C:\Users\Asus\AppData\Local\Microsoft\WindowsApps;;D:\IntelliJ IDEA Community Edition 2022.2\bin;;C:\Users\Asus\AppData\Local\Programs\Microsoft VS Code\bin
USERNAME=Asus
OS=Windows_NT
PROCESSOR_IDENTIFIER=AMD64 Family 23 Model 96 Stepping 1, AuthenticAMD



---------------  S Y S T E M  ---------------

OS: Windows 10 , 64 bit Build 19041 (10.0.19041.2364)

CPU:total 16 (initial active 16) (16 cores per cpu, 2 threads per core) family 23 model 96 stepping 1 microcode 0x0, cmov, cx8, fxsr, mmx, sse, sse2, sse3, ssse3, sse4.1, sse4.2, popcnt, avx, avx2, aes, clmul, mmxext, 3dnowpref, lzcnt, sse4a, ht, tsc, tscinvbit, tscinv, bmi1, bmi2, adx, 

Memory: 4k page, system-wide physical 15792M (6019M free)
TotalPageFile size 16592M (AvailPageFile size 4M)
current process WorkingSet (physical memory assigned to process): 495M, peak: 511M
current process commit charge ("private bytes"): 565M, peak: 582M

vm_info: Java HotSpot(TM) 64-Bit Server VM (11.0.16.1+1-LTS-1) for windows-amd64 JRE (11.0.16.1+1-LTS-1), built on Aug 16 2022 01:46:01 by "mach5one" with MS VC++ 15.9 (VS2017)

END.
