#
# There is insufficient memory for the Java Runtime Environment to continue.
# Native memory allocation (malloc) failed to allocate 2024816 bytes for Chunk::new
# Possible reasons:
#   The system is out of physical RAM or swap space
#   The process is running with CompressedOops enabled, and the Java Heap may be blocking the growth of the native heap
# Possible solutions:
#   Reduce memory load on the system
#   Increase physical memory or swap space
#   Check if swap backing store is full
#   Decrease Java heap size (-Xmx/-Xms)
#   Decrease number of Java threads
#   Decrease Java thread stack sizes (-Xss)
#   Set larger code cache with -XX:ReservedCodeCacheSize=
#   JVM is running with Zero Based Compressed Oops mode in which the Java heap is
#     placed in the first 32GB address space. The Java Heap base address is the
#     maximum limit for the native heap growth. Please use -XX:HeapBaseMinAddress
#     to set the Java Heap base and to place the Java Heap above 32GB virtual address.
# This output file may be truncated or incomplete.
#
#  Out of Memory Error (./open/src/hotspot/share/memory/arena.cpp:197), pid=20720, tid=12820
#
# JRE version: Java(TM) SE Runtime Environment 18.9 (11.0.16.1+1) (build 11.0.16.1+1-LTS-1)
# Java VM: Java HotSpot(TM) 64-Bit Server VM 18.9 (11.0.16.1+1-LTS-1, mixed mode, tiered, compressed oops, g1 gc, windows-amd64)
# No core dump will be written. Minidumps are not enabled by default on client versions of Windows
#

---------------  S U M M A R Y ------------

Command Line: -ea -javaagent:C:\Users\Asus\.m2\repository/org/aspectj/aspectjweaver/1.9.9.1/aspectjweaver-1.9.9.1.jar -Didea.test.cyclic.buffer.size=1048576 -javaagent:D:\IntelliJ IDEA Community Edition 2022.2\lib\idea_rt.jar=50111:D:\IntelliJ IDEA Community Edition 2022.2\bin -Dfile.encoding=UTF-8 com.intellij.rt.testng.RemoteTestNGStarter -usedefaultlisteners false -socket50110 @w@C:\Users\Asus\AppData\Local\Temp\idea_working_dirs_testng3.tmp -temp C:\Users\Asus\AppData\Local\Temp\idea_testng6.tmp

Host: AMD Ryzen 7 4800H with Radeon Graphics         , 16 cores, 15G,  Windows 10 , 64 bit Build 19041 (10.0.19041.2364)
Time: Wed Feb  8 22:12:47 2023  Windows 10 , 64 bit Build 19041 (10.0.19041.2364) elapsed time: 5.665205 seconds (0d 0h 0m 5s)

---------------  T H R E A D  ---------------

Current thread (0x00000229995f4000):  JavaThread "C2 CompilerThread1" daemon [_thread_in_native, id=12820, stack(0x0000009d91b00000,0x0000009d91c00000)]


Current CompileTask:
C2:   5665 4072       4       org.aspectj.weaver.bcel.BcelWeaver::weave (1242 bytes)

Stack: [0x0000009d91b00000,0x0000009d91c00000]
Native frames: (J=compiled Java code, j=interpreted, Vv=VM code, C=native code)
V  [jvm.dll+0x62a3da]
V  [jvm.dll+0x76407f]
V  [jvm.dll+0x765729]
V  [jvm.dll+0x765db3]
V  [jvm.dll+0x23dc18]
V  [jvm.dll+0xb2a1c]
V  [jvm.dll+0xb2fdc]
V  [jvm.dll+0x341452]
V  [jvm.dll+0x30ee03]
V  [jvm.dll+0x30e14a]
V  [jvm.dll+0x1f8685]
V  [jvm.dll+0x1f786d]
V  [jvm.dll+0x177c81]
V  [jvm.dll+0x207186]
V  [jvm.dll+0x20531b]
V  [jvm.dll+0x729f60]
V  [jvm.dll+0x722b34]
V  [jvm.dll+0x629276]
C  [ucrtbase.dll+0x21bb2]
C  [KERNEL32.DLL+0x17614]
C  [ntdll.dll+0x526a1]


---------------  P R O C E S S  ---------------

Threads class SMR info:
_java_thread_list=0x000002299db5aa00, length=25, elements={
0x00000229f40a0800, 0x0000022997c76800, 0x0000022997c77800, 0x0000022997cf9000,
0x0000022997cfb000, 0x0000022997cfd000, 0x0000022997d0b800, 0x0000022997d15000,
0x0000022997d0f800, 0x0000022997c70800, 0x0000022997d16000, 0x0000022997d16800,
0x0000022997d17800, 0x0000022999098800, 0x00000229995f4000, 0x00000229a08f3800,
0x000002299e7f8800, 0x000002299e337000, 0x000002299bb25000, 0x000002299c7b9800,
0x000002299b4a1000, 0x000002299c602800, 0x000002299fcb2800, 0x000002299d45e000,
0x000002299f9c0000
}

Java Threads: ( => current thread )
  0x00000229f40a0800 JavaThread "Forwarding newSession on session null to remote" [_thread_blocked, id=2296, stack(0x0000009d90800000,0x0000009d90900000)]
  0x0000022997c76800 JavaThread "Reference Handler" daemon [_thread_blocked, id=20240, stack(0x0000009d90f00000,0x0000009d91000000)]
  0x0000022997c77800 JavaThread "Finalizer" daemon [_thread_blocked, id=13532, stack(0x0000009d91000000,0x0000009d91100000)]
  0x0000022997cf9000 JavaThread "Signal Dispatcher" daemon [_thread_blocked, id=16316, stack(0x0000009d91100000,0x0000009d91200000)]
  0x0000022997cfb000 JavaThread "Attach Listener" daemon [_thread_blocked, id=5108, stack(0x0000009d91200000,0x0000009d91300000)]
  0x0000022997cfd000 JavaThread "Service Thread" daemon [_thread_blocked, id=3156, stack(0x0000009d91300000,0x0000009d91400000)]
  0x0000022997d0b800 JavaThread "C2 CompilerThread0" daemon [_thread_in_native, id=18248, stack(0x0000009d91400000,0x0000009d91500000)]
  0x0000022997d15000 JavaThread "C1 CompilerThread0" daemon [_thread_blocked, id=21468, stack(0x0000009d91500000,0x0000009d91600000)]
  0x0000022997d0f800 JavaThread "Sweeper thread" daemon [_thread_blocked, id=18724, stack(0x0000009d91600000,0x0000009d91700000)]
  0x0000022997c70800 JavaThread "Common-Cleaner" daemon [_thread_blocked, id=11880, stack(0x0000009d91700000,0x0000009d91800000)]
  0x0000022997d16000 JavaThread "C1 CompilerThread1" daemon [_thread_blocked, id=11588, stack(0x0000009d91800000,0x0000009d91900000)]
  0x0000022997d16800 JavaThread "C1 CompilerThread2" daemon [_thread_blocked, id=6304, stack(0x0000009d91900000,0x0000009d91a00000)]
  0x0000022997d17800 JavaThread "C1 CompilerThread3" daemon [_thread_blocked, id=4280, stack(0x0000009d91a00000,0x0000009d91b00000)]
  0x0000022999098800 JavaThread "Monitor Ctrl-Break" daemon [_thread_in_native, id=17856, stack(0x0000009d92100000,0x0000009d92200000)]
=>0x00000229995f4000 JavaThread "C2 CompilerThread1" daemon [_thread_in_native, id=12820, stack(0x0000009d91b00000,0x0000009d91c00000)]
  0x00000229a08f3800 JavaThread "ForkJoinPool.commonPool-worker-19" daemon [_thread_blocked, id=16828, stack(0x0000009d92500000,0x0000009d92600000)]
  0x000002299e7f8800 JavaThread "AsyncHttpClient-1-1" daemon [_thread_blocked, id=4304, stack(0x0000009d92800000,0x0000009d92900000)]
  0x000002299e337000 JavaThread "Exec Default Executor" daemon [_thread_in_native, id=21396, stack(0x0000009d92900000,0x0000009d92a00000)]
  0x000002299bb25000 JavaThread "Exec Stream Pumper" daemon [_thread_in_native, id=20176, stack(0x0000009d92b00000,0x0000009d92c00000)]
  0x000002299c7b9800 JavaThread "Exec Stream Pumper" daemon [_thread_in_native, id=13060, stack(0x0000009d92c00000,0x0000009d92d00000)]
  0x000002299b4a1000 JavaThread "Driver Service Executor" daemon [_thread_blocked, id=16572, stack(0x0000009d92400000,0x0000009d92500000)]
  0x000002299c602800 JavaThread "Driver Service Executor" daemon [_thread_blocked, id=2088, stack(0x0000009d92d00000,0x0000009d92e00000)]
  0x000002299fcb2800 JavaThread "UrlChecker-2" daemon [_thread_blocked, id=18052, stack(0x0000009d92e00000,0x0000009d92f00000)]
  0x000002299d45e000 JavaThread "Keep-Alive-Timer" daemon [_thread_blocked, id=19660, stack(0x0000009d92f00000,0x0000009d93000000)]
  0x000002299f9c0000 JavaThread "AsyncHttpClient-1-2" daemon [_thread_in_native, id=10116, stack(0x0000009d91c00000,0x0000009d91d00000)]

Other Threads:
  0x0000022997c74800 VMThread "VM Thread" [stack: 0x0000009d90e00000,0x0000009d90f00000] [id=19688]
  0x0000022999099000 WatcherThread [stack: 0x0000009d92200000,0x0000009d92300000] [id=20360]
  0x00000229f40b6800 GCTaskThread "GC Thread#0" [stack: 0x0000009d90900000,0x0000009d90a00000] [id=6596]
  0x0000022998ae1800 GCTaskThread "GC Thread#1" [stack: 0x0000009d91d00000,0x0000009d91e00000] [id=8688]
  0x0000022998ae2000 GCTaskThread "GC Thread#2" [stack: 0x0000009d91e00000,0x0000009d91f00000] [id=3116]
  0x0000022998d0d800 GCTaskThread "GC Thread#3" [stack: 0x0000009d91f00000,0x0000009d92000000] [id=5856]
  0x0000022998d0e000 GCTaskThread "GC Thread#4" [stack: 0x0000009d92000000,0x0000009d92100000] [id=13572]
  0x00000229f4111000 ConcurrentGCThread "G1 Main Marker" [stack: 0x0000009d90a00000,0x0000009d90b00000] [id=4356]
  0x00000229f4113800 ConcurrentGCThread "G1 Conc#0" [stack: 0x0000009d90b00000,0x0000009d90c00000] [id=19740]
  0x000002299b6b0800 ConcurrentGCThread "G1 Conc#1" [stack: 0x0000009d92600000,0x0000009d92700000] [id=13584]
  0x000002299c8a2800 ConcurrentGCThread "G1 Conc#2" [stack: 0x0000009d92700000,0x0000009d92800000] [id=16824]
  0x00000229972ca800 ConcurrentGCThread "G1 Refine#0" [stack: 0x0000009d90c00000,0x0000009d90d00000] [id=19884]
  0x00000229972cd800 ConcurrentGCThread "G1 Young RemSet Sampling" [stack: 0x0000009d90d00000,0x0000009d90e00000] [id=3672]

Threads with active compile tasks:
C2 CompilerThread0     5689 4057       4       org.aspectj.apache.bcel.generic.MethodGen::<init> (998 bytes)
C2 CompilerThread1     5689 4072       4       org.aspectj.weaver.bcel.BcelWeaver::weave (1242 bytes)

VM state:not at safepoint (normal execution)

VM Mutex/Monitor currently owned by a thread: None

Heap address: 0x0000000709200000, size: 3950 MB, Compressed Oops mode: Zero based, Oop shift amount: 3
Narrow klass base: 0x0000000800000000, Narrow klass shift: 0
Compressed class space size: 1073741824 Address: 0x0000000800000000

Heap:
 garbage-first heap   total 305152K, used 148116K [0x0000000709200000, 0x0000000800000000)
  region size 1024K, 113 young (115712K), 15 survivors (15360K)
 Metaspace       used 40092K, capacity 40840K, committed 41088K, reserved 1085440K
  class space    used 4393K, capacity 4680K, committed 4736K, reserved 1048576K
Heap Regions: E=young(eden), S=young(survivor), O=old, HS=humongous(starts), HC=humongous(continues), CS=collection set, F=free, A=archive, TAMS=top-at-mark-start (previous, next)
|   0|0x0000000709200000, 0x0000000709300000, 0x0000000709300000|100%| O|  |TAMS 0x0000000709300000, 0x0000000709200000| Untracked 
|   1|0x0000000709300000, 0x0000000709400000, 0x0000000709400000|100%| O|  |TAMS 0x0000000709400000, 0x0000000709300000| Untracked 
|   2|0x0000000709400000, 0x0000000709500000, 0x0000000709500000|100%| O|  |TAMS 0x0000000709500000, 0x0000000709400000| Untracked 
|   3|0x0000000709500000, 0x0000000709600000, 0x0000000709600000|100%| O|  |TAMS 0x0000000709600000, 0x0000000709500000| Untracked 
|   4|0x0000000709600000, 0x0000000709700000, 0x0000000709700000|100%| O|  |TAMS 0x0000000709700000, 0x0000000709600000| Untracked 
|   5|0x0000000709700000, 0x0000000709800000, 0x0000000709800000|100%| O|  |TAMS 0x0000000709800000, 0x0000000709700000| Untracked 
|   6|0x0000000709800000, 0x0000000709900000, 0x0000000709900000|100%| O|  |TAMS 0x0000000709900000, 0x0000000709800000| Untracked 
|   7|0x0000000709900000, 0x0000000709a00000, 0x0000000709a00000|100%| O|  |TAMS 0x0000000709a00000, 0x0000000709900000| Untracked 
|   8|0x0000000709a00000, 0x0000000709b00000, 0x0000000709b00000|100%| O|  |TAMS 0x0000000709b00000, 0x0000000709a00000| Untracked 
|   9|0x0000000709b00000, 0x0000000709c00000, 0x0000000709c00000|100%| O|  |TAMS 0x0000000709c00000, 0x0000000709b00000| Untracked 
|  10|0x0000000709c00000, 0x0000000709d00000, 0x0000000709d00000|100%| O|  |TAMS 0x0000000709d00000, 0x0000000709c00000| Untracked 
|  11|0x0000000709d00000, 0x0000000709e00000, 0x0000000709e00000|100%| O|  |TAMS 0x0000000709e00000, 0x0000000709d00000| Untracked 
|  12|0x0000000709e00000, 0x0000000709f00000, 0x0000000709f00000|100%| O|  |TAMS 0x0000000709f00000, 0x0000000709e00000| Untracked 
|  13|0x0000000709f00000, 0x000000070a000000, 0x000000070a000000|100%| O|  |TAMS 0x000000070a000000, 0x0000000709f00000| Untracked 
|  14|0x000000070a000000, 0x000000070a100000, 0x000000070a100000|100%| O|  |TAMS 0x000000070a100000, 0x000000070a000000| Untracked 
|  15|0x000000070a100000, 0x000000070a200000, 0x000000070a200000|100%| O|  |TAMS 0x000000070a200000, 0x000000070a100000| Untracked 
|  16|0x000000070a200000, 0x000000070a300000, 0x000000070a300000|100%| O|  |TAMS 0x000000070a300000, 0x000000070a200000| Untracked 
|  17|0x000000070a300000, 0x000000070a400000, 0x000000070a400000|100%| O|  |TAMS 0x000000070a400000, 0x000000070a300000| Untracked 
|  18|0x000000070a400000, 0x000000070a500000, 0x000000070a500000|100%| O|  |TAMS 0x000000070a500000, 0x000000070a400000| Untracked 
|  19|0x000000070a500000, 0x000000070a600000, 0x000000070a600000|100%| O|  |TAMS 0x000000070a600000, 0x000000070a500000| Untracked 
|  20|0x000000070a600000, 0x000000070a700000, 0x000000070a700000|100%| O|  |TAMS 0x000000070a700000, 0x000000070a600000| Untracked 
|  21|0x000000070a700000, 0x000000070a800000, 0x000000070a800000|100%| O|  |TAMS 0x000000070a800000, 0x000000070a700000| Untracked 
|  22|0x000000070a800000, 0x000000070a900000, 0x000000070a900000|100%| O|  |TAMS 0x000000070a900000, 0x000000070a800000| Untracked 
|  23|0x000000070a900000, 0x000000070aa00000, 0x000000070aa00000|100%| O|  |TAMS 0x000000070aa00000, 0x000000070a900000| Untracked 
|  24|0x000000070aa00000, 0x000000070ab00000, 0x000000070ab00000|100%| O|  |TAMS 0x000000070ab00000, 0x000000070aa00000| Untracked 
|  25|0x000000070ab00000, 0x000000070ac00000, 0x000000070ac00000|100%| O|  |TAMS 0x000000070ac00000, 0x000000070ab00000| Untracked 
|  26|0x000000070ac00000, 0x000000070ad00000, 0x000000070ad00000|100%| O|  |TAMS 0x000000070ad00000, 0x000000070ac00000| Untracked 
|  27|0x000000070ad00000, 0x000000070ada5200, 0x000000070ae00000| 64%| O|  |TAMS 0x000000070ada5200, 0x000000070ad00000| Untracked 
|  28|0x000000070ae00000, 0x000000070af00000, 0x000000070af00000|100%|HS|  |TAMS 0x000000070ae00000, 0x000000070ae00000| Complete 
|  29|0x000000070af00000, 0x000000070b000000, 0x000000070b000000|100%|HC|  |TAMS 0x000000070af00000, 0x000000070af00000| Complete 
|  30|0x000000070b000000, 0x000000070b100000, 0x000000070b100000|100%|HC|  |TAMS 0x000000070b000000, 0x000000070b000000| Complete 
|  31|0x000000070b100000, 0x000000070b200000, 0x000000070b200000|100%|HC|  |TAMS 0x000000070b100000, 0x000000070b100000| Complete 
|  32|0x000000070b200000, 0x000000070b300000, 0x000000070b300000|100%|HC|  |TAMS 0x000000070b200000, 0x000000070b200000| Complete 
|  33|0x000000070b300000, 0x000000070b300000, 0x000000070b400000|  0%| F|  |TAMS 0x000000070b300000, 0x000000070b300000| Untracked 
|  34|0x000000070b400000, 0x000000070b400000, 0x000000070b500000|  0%| F|  |TAMS 0x000000070b400000, 0x000000070b400000| Untracked 
|  35|0x000000070b500000, 0x000000070b500000, 0x000000070b600000|  0%| F|  |TAMS 0x000000070b500000, 0x000000070b500000| Untracked 
|  36|0x000000070b600000, 0x000000070b600000, 0x000000070b700000|  0%| F|  |TAMS 0x000000070b600000, 0x000000070b600000| Untracked 
|  37|0x000000070b700000, 0x000000070b700000, 0x000000070b800000|  0%| F|  |TAMS 0x000000070b700000, 0x000000070b700000| Untracked 
|  38|0x000000070b800000, 0x000000070b800000, 0x000000070b900000|  0%| F|  |TAMS 0x000000070b800000, 0x000000070b800000| Untracked 
|  39|0x000000070b900000, 0x000000070b900000, 0x000000070ba00000|  0%| F|  |TAMS 0x000000070b900000, 0x000000070b900000| Untracked 
|  40|0x000000070ba00000, 0x000000070ba00000, 0x000000070bb00000|  0%| F|  |TAMS 0x000000070ba00000, 0x000000070ba00000| Untracked 
|  41|0x000000070bb00000, 0x000000070bb00000, 0x000000070bc00000|  0%| F|  |TAMS 0x000000070bb00000, 0x000000070bb00000| Untracked 
|  42|0x000000070bc00000, 0x000000070bc00000, 0x000000070bd00000|  0%| F|  |TAMS 0x000000070bc00000, 0x000000070bc00000| Untracked 
|  43|0x000000070bd00000, 0x000000070bd00000, 0x000000070be00000|  0%| F|  |TAMS 0x000000070bd00000, 0x000000070bd00000| Untracked 
|  44|0x000000070be00000, 0x000000070be00000, 0x000000070bf00000|  0%| F|  |TAMS 0x000000070be00000, 0x000000070be00000| Untracked 
|  45|0x000000070bf00000, 0x000000070bf00000, 0x000000070c000000|  0%| F|  |TAMS 0x000000070bf00000, 0x000000070bf00000| Untracked 
|  46|0x000000070c000000, 0x000000070c000000, 0x000000070c100000|  0%| F|  |TAMS 0x000000070c000000, 0x000000070c000000| Untracked 
|  47|0x000000070c100000, 0x000000070c100000, 0x000000070c200000|  0%| F|  |TAMS 0x000000070c100000, 0x000000070c100000| Untracked 
|  48|0x000000070c200000, 0x000000070c200000, 0x000000070c300000|  0%| F|  |TAMS 0x000000070c200000, 0x000000070c200000| Untracked 
|  49|0x000000070c300000, 0x000000070c300000, 0x000000070c400000|  0%| F|  |TAMS 0x000000070c300000, 0x000000070c300000| Untracked 
|  50|0x000000070c400000, 0x000000070c400000, 0x000000070c500000|  0%| F|  |TAMS 0x000000070c400000, 0x000000070c400000| Untracked 
|  51|0x000000070c500000, 0x000000070c500000, 0x000000070c600000|  0%| F|  |TAMS 0x000000070c500000, 0x000000070c500000| Untracked 
|  52|0x000000070c600000, 0x000000070c600000, 0x000000070c700000|  0%| F|  |TAMS 0x000000070c600000, 0x000000070c600000| Untracked 
|  53|0x000000070c700000, 0x000000070c700000, 0x000000070c800000|  0%| F|  |TAMS 0x000000070c700000, 0x000000070c700000| Untracked 
|  54|0x000000070c800000, 0x000000070c800000, 0x000000070c900000|  0%| F|  |TAMS 0x000000070c800000, 0x000000070c800000| Untracked 
|  55|0x000000070c900000, 0x000000070c900000, 0x000000070ca00000|  0%| F|  |TAMS 0x000000070c900000, 0x000000070c900000| Untracked 
|  56|0x000000070ca00000, 0x000000070ca00000, 0x000000070cb00000|  0%| F|  |TAMS 0x000000070ca00000, 0x000000070ca00000| Untracked 
|  57|0x000000070cb00000, 0x000000070cb00000, 0x000000070cc00000|  0%| F|  |TAMS 0x000000070cb00000, 0x000000070cb00000| Untracked 
|  58|0x000000070cc00000, 0x000000070cc00000, 0x000000070cd00000|  0%| F|  |TAMS 0x000000070cc00000, 0x000000070cc00000| Untracked 
|  59|0x000000070cd00000, 0x000000070cd00000, 0x000000070ce00000|  0%| F|  |TAMS 0x000000070cd00000, 0x000000070cd00000| Untracked 
|  60|0x000000070ce00000, 0x000000070ce00000, 0x000000070cf00000|  0%| F|  |TAMS 0x000000070ce00000, 0x000000070ce00000| Untracked 
|  61|0x000000070cf00000, 0x000000070cf00000, 0x000000070d000000|  0%| F|  |TAMS 0x000000070cf00000, 0x000000070cf00000| Untracked 
|  62|0x000000070d000000, 0x000000070d000000, 0x000000070d100000|  0%| F|  |TAMS 0x000000070d000000, 0x000000070d000000| Untracked 
|  63|0x000000070d100000, 0x000000070d100000, 0x000000070d200000|  0%| F|  |TAMS 0x000000070d100000, 0x000000070d100000| Untracked 
|  64|0x000000070d200000, 0x000000070d200000, 0x000000070d300000|  0%| F|  |TAMS 0x000000070d200000, 0x000000070d200000| Untracked 
|  65|0x000000070d300000, 0x000000070d300000, 0x000000070d400000|  0%| F|  |TAMS 0x000000070d300000, 0x000000070d300000| Untracked 
|  66|0x000000070d400000, 0x000000070d400000, 0x000000070d500000|  0%| F|  |TAMS 0x000000070d400000, 0x000000070d400000| Untracked 
|  67|0x000000070d500000, 0x000000070d500000, 0x000000070d600000|  0%| F|  |TAMS 0x000000070d500000, 0x000000070d500000| Untracked 
|  68|0x000000070d600000, 0x000000070d600000, 0x000000070d700000|  0%| F|  |TAMS 0x000000070d600000, 0x000000070d600000| Untracked 
|  69|0x000000070d700000, 0x000000070d700000, 0x000000070d800000|  0%| F|  |TAMS 0x000000070d700000, 0x000000070d700000| Untracked 
|  70|0x000000070d800000, 0x000000070d800000, 0x000000070d900000|  0%| F|  |TAMS 0x000000070d800000, 0x000000070d800000| Untracked 
|  71|0x000000070d900000, 0x000000070d900000, 0x000000070da00000|  0%| F|  |TAMS 0x000000070d900000, 0x000000070d900000| Untracked 
|  72|0x000000070da00000, 0x000000070da00000, 0x000000070db00000|  0%| F|  |TAMS 0x000000070da00000, 0x000000070da00000| Untracked 
|  73|0x000000070db00000, 0x000000070db00000, 0x000000070dc00000|  0%| F|  |TAMS 0x000000070db00000, 0x000000070db00000| Untracked 
|  74|0x000000070dc00000, 0x000000070dc00000, 0x000000070dd00000|  0%| F|  |TAMS 0x000000070dc00000, 0x000000070dc00000| Untracked 
|  75|0x000000070dd00000, 0x000000070dd00000, 0x000000070de00000|  0%| F|  |TAMS 0x000000070dd00000, 0x000000070dd00000| Untracked 
|  76|0x000000070de00000, 0x000000070de00000, 0x000000070df00000|  0%| F|  |TAMS 0x000000070de00000, 0x000000070de00000| Untracked 
|  77|0x000000070df00000, 0x000000070df00000, 0x000000070e000000|  0%| F|  |TAMS 0x000000070df00000, 0x000000070df00000| Untracked 
|  78|0x000000070e000000, 0x000000070e000000, 0x000000070e100000|  0%| F|  |TAMS 0x000000070e000000, 0x000000070e000000| Untracked 
|  79|0x000000070e100000, 0x000000070e100000, 0x000000070e200000|  0%| F|  |TAMS 0x000000070e100000, 0x000000070e100000| Untracked 
|  80|0x000000070e200000, 0x000000070e200000, 0x000000070e300000|  0%| F|  |TAMS 0x000000070e200000, 0x000000070e200000| Untracked 
|  81|0x000000070e300000, 0x000000070e300000, 0x000000070e400000|  0%| F|  |TAMS 0x000000070e300000, 0x000000070e300000| Untracked 
|  82|0x000000070e400000, 0x000000070e400000, 0x000000070e500000|  0%| F|  |TAMS 0x000000070e400000, 0x000000070e400000| Untracked 
|  83|0x000000070e500000, 0x000000070e500000, 0x000000070e600000|  0%| F|  |TAMS 0x000000070e500000, 0x000000070e500000| Untracked 
|  84|0x000000070e600000, 0x000000070e600000, 0x000000070e700000|  0%| F|  |TAMS 0x000000070e600000, 0x000000070e600000| Untracked 
|  85|0x000000070e700000, 0x000000070e700000, 0x000000070e800000|  0%| F|  |TAMS 0x000000070e700000, 0x000000070e700000| Untracked 
|  86|0x000000070e800000, 0x000000070e800000, 0x000000070e900000|  0%| F|  |TAMS 0x000000070e800000, 0x000000070e800000| Untracked 
|  87|0x000000070e900000, 0x000000070e900000, 0x000000070ea00000|  0%| F|  |TAMS 0x000000070e900000, 0x000000070e900000| Untracked 
|  88|0x000000070ea00000, 0x000000070ea00000, 0x000000070eb00000|  0%| F|  |TAMS 0x000000070ea00000, 0x000000070ea00000| Untracked 
|  89|0x000000070eb00000, 0x000000070eb00000, 0x000000070ec00000|  0%| F|  |TAMS 0x000000070eb00000, 0x000000070eb00000| Untracked 
|  90|0x000000070ec00000, 0x000000070ec00000, 0x000000070ed00000|  0%| F|  |TAMS 0x000000070ec00000, 0x000000070ec00000| Untracked 
|  91|0x000000070ed00000, 0x000000070ed00000, 0x000000070ee00000|  0%| F|  |TAMS 0x000000070ed00000, 0x000000070ed00000| Untracked 
|  92|0x000000070ee00000, 0x000000070ee00000, 0x000000070ef00000|  0%| F|  |TAMS 0x000000070ee00000, 0x000000070ee00000| Untracked 
|  93|0x000000070ef00000, 0x000000070ef00000, 0x000000070f000000|  0%| F|  |TAMS 0x000000070ef00000, 0x000000070ef00000| Untracked 
|  94|0x000000070f000000, 0x000000070f000000, 0x000000070f100000|  0%| F|  |TAMS 0x000000070f000000, 0x000000070f000000| Untracked 
|  95|0x000000070f100000, 0x000000070f100000, 0x000000070f200000|  0%| F|  |TAMS 0x000000070f100000, 0x000000070f100000| Untracked 
|  96|0x000000070f200000, 0x000000070f200000, 0x000000070f300000|  0%| F|  |TAMS 0x000000070f200000, 0x000000070f200000| Untracked 
|  97|0x000000070f300000, 0x000000070f300000, 0x000000070f400000|  0%| F|  |TAMS 0x000000070f300000, 0x000000070f300000| Untracked 
|  98|0x000000070f400000, 0x000000070f400000, 0x000000070f500000|  0%| F|  |TAMS 0x000000070f400000, 0x000000070f400000| Untracked 
|  99|0x000000070f500000, 0x000000070f500000, 0x000000070f600000|  0%| F|  |TAMS 0x000000070f500000, 0x000000070f500000| Untracked 
| 100|0x000000070f600000, 0x000000070f600000, 0x000000070f700000|  0%| F|  |TAMS 0x000000070f600000, 0x000000070f600000| Untracked 
| 101|0x000000070f700000, 0x000000070f700000, 0x000000070f800000|  0%| F|  |TAMS 0x000000070f700000, 0x000000070f700000| Untracked 
| 102|0x000000070f800000, 0x000000070f800000, 0x000000070f900000|  0%| F|  |TAMS 0x000000070f800000, 0x000000070f800000| Untracked 
| 103|0x000000070f900000, 0x000000070f900000, 0x000000070fa00000|  0%| F|  |TAMS 0x000000070f900000, 0x000000070f900000| Untracked 
| 104|0x000000070fa00000, 0x000000070fa00000, 0x000000070fb00000|  0%| F|  |TAMS 0x000000070fa00000, 0x000000070fa00000| Untracked 
| 105|0x000000070fb00000, 0x000000070fb00000, 0x000000070fc00000|  0%| F|  |TAMS 0x000000070fb00000, 0x000000070fb00000| Untracked 
| 106|0x000000070fc00000, 0x000000070fc00000, 0x000000070fd00000|  0%| F|  |TAMS 0x000000070fc00000, 0x000000070fc00000| Untracked 
| 107|0x000000070fd00000, 0x000000070fd00000, 0x000000070fe00000|  0%| F|  |TAMS 0x000000070fd00000, 0x000000070fd00000| Untracked 
| 108|0x000000070fe00000, 0x000000070fe00000, 0x000000070ff00000|  0%| F|  |TAMS 0x000000070fe00000, 0x000000070fe00000| Untracked 
| 109|0x000000070ff00000, 0x000000070ff00000, 0x0000000710000000|  0%| F|  |TAMS 0x000000070ff00000, 0x000000070ff00000| Untracked 
| 110|0x0000000710000000, 0x0000000710000000, 0x0000000710100000|  0%| F|  |TAMS 0x0000000710000000, 0x0000000710000000| Untracked 
| 111|0x0000000710100000, 0x0000000710100000, 0x0000000710200000|  0%| F|  |TAMS 0x0000000710100000, 0x0000000710100000| Untracked 
| 112|0x0000000710200000, 0x0000000710200000, 0x0000000710300000|  0%| F|  |TAMS 0x0000000710200000, 0x0000000710200000| Untracked 
| 113|0x0000000710300000, 0x0000000710300000, 0x0000000710400000|  0%| F|  |TAMS 0x0000000710300000, 0x0000000710300000| Untracked 
| 114|0x0000000710400000, 0x0000000710400000, 0x0000000710500000|  0%| F|  |TAMS 0x0000000710400000, 0x0000000710400000| Untracked 
| 115|0x0000000710500000, 0x0000000710500000, 0x0000000710600000|  0%| F|  |TAMS 0x0000000710500000, 0x0000000710500000| Untracked 
| 116|0x0000000710600000, 0x0000000710600000, 0x0000000710700000|  0%| F|  |TAMS 0x0000000710600000, 0x0000000710600000| Untracked 
| 117|0x0000000710700000, 0x0000000710700000, 0x0000000710800000|  0%| F|  |TAMS 0x0000000710700000, 0x0000000710700000| Untracked 
| 118|0x0000000710800000, 0x0000000710800000, 0x0000000710900000|  0%| F|  |TAMS 0x0000000710800000, 0x0000000710800000| Untracked 
| 119|0x0000000710900000, 0x0000000710900000, 0x0000000710a00000|  0%| F|  |TAMS 0x0000000710900000, 0x0000000710900000| Untracked 
| 120|0x0000000710a00000, 0x0000000710a00000, 0x0000000710b00000|  0%| F|  |TAMS 0x0000000710a00000, 0x0000000710a00000| Untracked 
| 121|0x0000000710b00000, 0x0000000710b00000, 0x0000000710c00000|  0%| F|  |TAMS 0x0000000710b00000, 0x0000000710b00000| Untracked 
| 122|0x0000000710c00000, 0x0000000710c00000, 0x0000000710d00000|  0%| F|  |TAMS 0x0000000710c00000, 0x0000000710c00000| Untracked 
| 123|0x0000000710d00000, 0x0000000710d00000, 0x0000000710e00000|  0%| F|  |TAMS 0x0000000710d00000, 0x0000000710d00000| Untracked 
| 124|0x0000000710e00000, 0x0000000710e00000, 0x0000000710f00000|  0%| F|  |TAMS 0x0000000710e00000, 0x0000000710e00000| Untracked 
| 125|0x0000000710f00000, 0x0000000710f00000, 0x0000000711000000|  0%| F|  |TAMS 0x0000000710f00000, 0x0000000710f00000| Untracked 
| 126|0x0000000711000000, 0x0000000711000000, 0x0000000711100000|  0%| F|  |TAMS 0x0000000711000000, 0x0000000711000000| Untracked 
| 127|0x0000000711100000, 0x0000000711100000, 0x0000000711200000|  0%| F|  |TAMS 0x0000000711100000, 0x0000000711100000| Untracked 
| 128|0x0000000711200000, 0x0000000711200000, 0x0000000711300000|  0%| F|  |TAMS 0x0000000711200000, 0x0000000711200000| Untracked 
| 129|0x0000000711300000, 0x0000000711300000, 0x0000000711400000|  0%| F|  |TAMS 0x0000000711300000, 0x0000000711300000| Untracked 
| 130|0x0000000711400000, 0x0000000711400000, 0x0000000711500000|  0%| F|  |TAMS 0x0000000711400000, 0x0000000711400000| Untracked 
| 131|0x0000000711500000, 0x0000000711500000, 0x0000000711600000|  0%| F|  |TAMS 0x0000000711500000, 0x0000000711500000| Untracked 
| 132|0x0000000711600000, 0x0000000711600000, 0x0000000711700000|  0%| F|  |TAMS 0x0000000711600000, 0x0000000711600000| Untracked 
| 133|0x0000000711700000, 0x0000000711700000, 0x0000000711800000|  0%| F|  |TAMS 0x0000000711700000, 0x0000000711700000| Untracked 
| 134|0x0000000711800000, 0x0000000711800000, 0x0000000711900000|  0%| F|  |TAMS 0x0000000711800000, 0x0000000711800000| Untracked 
| 135|0x0000000711900000, 0x0000000711900000, 0x0000000711a00000|  0%| F|  |TAMS 0x0000000711900000, 0x0000000711900000| Untracked 
| 136|0x0000000711a00000, 0x0000000711a00000, 0x0000000711b00000|  0%| F|  |TAMS 0x0000000711a00000, 0x0000000711a00000| Untracked 
| 137|0x0000000711b00000, 0x0000000711b00000, 0x0000000711c00000|  0%| F|  |TAMS 0x0000000711b00000, 0x0000000711b00000| Untracked 
| 138|0x0000000711c00000, 0x0000000711c00000, 0x0000000711d00000|  0%| F|  |TAMS 0x0000000711c00000, 0x0000000711c00000| Untracked 
| 139|0x0000000711d00000, 0x0000000711d00000, 0x0000000711e00000|  0%| F|  |TAMS 0x0000000711d00000, 0x0000000711d00000| Untracked 
| 140|0x0000000711e00000, 0x0000000711e00000, 0x0000000711f00000|  0%| F|  |TAMS 0x0000000711e00000, 0x0000000711e00000| Untracked 
| 141|0x0000000711f00000, 0x0000000711f00000, 0x0000000712000000|  0%| F|  |TAMS 0x0000000711f00000, 0x0000000711f00000| Untracked 
| 142|0x0000000712000000, 0x0000000712000000, 0x0000000712100000|  0%| F|  |TAMS 0x0000000712000000, 0x0000000712000000| Untracked 
| 143|0x0000000712100000, 0x0000000712100000, 0x0000000712200000|  0%| F|  |TAMS 0x0000000712100000, 0x0000000712100000| Untracked 
| 144|0x0000000712200000, 0x0000000712200000, 0x0000000712300000|  0%| F|  |TAMS 0x0000000712200000, 0x0000000712200000| Untracked 
| 145|0x0000000712300000, 0x0000000712300000, 0x0000000712400000|  0%| F|  |TAMS 0x0000000712300000, 0x0000000712300000| Untracked 
| 146|0x0000000712400000, 0x0000000712400000, 0x0000000712500000|  0%| F|  |TAMS 0x0000000712400000, 0x0000000712400000| Untracked 
| 147|0x0000000712500000, 0x0000000712500000, 0x0000000712600000|  0%| F|  |TAMS 0x0000000712500000, 0x0000000712500000| Untracked 
| 148|0x0000000712600000, 0x0000000712600000, 0x0000000712700000|  0%| F|  |TAMS 0x0000000712600000, 0x0000000712600000| Untracked 
| 149|0x0000000712700000, 0x0000000712700000, 0x0000000712800000|  0%| F|  |TAMS 0x0000000712700000, 0x0000000712700000| Untracked 
| 150|0x0000000712800000, 0x0000000712800000, 0x0000000712900000|  0%| F|  |TAMS 0x0000000712800000, 0x0000000712800000| Untracked 
| 151|0x0000000712900000, 0x0000000712900000, 0x0000000712a00000|  0%| F|  |TAMS 0x0000000712900000, 0x0000000712900000| Untracked 
| 152|0x0000000712a00000, 0x0000000712a00000, 0x0000000712b00000|  0%| F|  |TAMS 0x0000000712a00000, 0x0000000712a00000| Untracked 
| 153|0x0000000712b00000, 0x0000000712b00000, 0x0000000712c00000|  0%| F|  |TAMS 0x0000000712b00000, 0x0000000712b00000| Untracked 
| 154|0x0000000712c00000, 0x0000000712c00000, 0x0000000712d00000|  0%| F|  |TAMS 0x0000000712c00000, 0x0000000712c00000| Untracked 
| 155|0x0000000712d00000, 0x0000000712d00000, 0x0000000712e00000|  0%| F|  |TAMS 0x0000000712d00000, 0x0000000712d00000| Untracked 
| 156|0x0000000712e00000, 0x0000000712e00000, 0x0000000712f00000|  0%| F|  |TAMS 0x0000000712e00000, 0x0000000712e00000| Untracked 
| 157|0x0000000712f00000, 0x0000000712f00000, 0x0000000713000000|  0%| F|  |TAMS 0x0000000712f00000, 0x0000000712f00000| Untracked 
| 158|0x0000000713000000, 0x0000000713000000, 0x0000000713100000|  0%| F|  |TAMS 0x0000000713000000, 0x0000000713000000| Untracked 
| 159|0x0000000713100000, 0x0000000713100000, 0x0000000713200000|  0%| F|  |TAMS 0x0000000713100000, 0x0000000713100000| Untracked 
| 160|0x0000000713200000, 0x0000000713200000, 0x0000000713300000|  0%| F|  |TAMS 0x0000000713200000, 0x0000000713200000| Untracked 
| 161|0x0000000713300000, 0x0000000713300000, 0x0000000713400000|  0%| F|  |TAMS 0x0000000713300000, 0x0000000713300000| Untracked 
| 162|0x0000000713400000, 0x0000000713400000, 0x0000000713500000|  0%| F|  |TAMS 0x0000000713400000, 0x0000000713400000| Untracked 
| 163|0x0000000713500000, 0x0000000713500000, 0x0000000713600000|  0%| F|  |TAMS 0x0000000713500000, 0x0000000713500000| Untracked 
| 164|0x0000000713600000, 0x0000000713600000, 0x0000000713700000|  0%| F|  |TAMS 0x0000000713600000, 0x0000000713600000| Untracked 
| 165|0x0000000713700000, 0x0000000713700000, 0x0000000713800000|  0%| F|  |TAMS 0x0000000713700000, 0x0000000713700000| Untracked 
| 166|0x0000000713800000, 0x0000000713800000, 0x0000000713900000|  0%| F|  |TAMS 0x0000000713800000, 0x0000000713800000| Untracked 
| 167|0x0000000713900000, 0x0000000713900000, 0x0000000713a00000|  0%| F|  |TAMS 0x0000000713900000, 0x0000000713900000| Untracked 
| 168|0x0000000713a00000, 0x0000000713a00000, 0x0000000713b00000|  0%| F|  |TAMS 0x0000000713a00000, 0x0000000713a00000| Untracked 
| 169|0x0000000713b00000, 0x0000000713b00000, 0x0000000713c00000|  0%| F|  |TAMS 0x0000000713b00000, 0x0000000713b00000| Untracked 
| 170|0x0000000713c00000, 0x0000000713c00000, 0x0000000713d00000|  0%| F|  |TAMS 0x0000000713c00000, 0x0000000713c00000| Untracked 
| 171|0x0000000713d00000, 0x0000000713d00000, 0x0000000713e00000|  0%| F|  |TAMS 0x0000000713d00000, 0x0000000713d00000| Untracked 
| 172|0x0000000713e00000, 0x0000000713e00000, 0x0000000713f00000|  0%| F|  |TAMS 0x0000000713e00000, 0x0000000713e00000| Untracked 
| 173|0x0000000713f00000, 0x0000000713f00000, 0x0000000714000000|  0%| F|  |TAMS 0x0000000713f00000, 0x0000000713f00000| Untracked 
| 174|0x0000000714000000, 0x0000000714000000, 0x0000000714100000|  0%| F|  |TAMS 0x0000000714000000, 0x0000000714000000| Untracked 
| 175|0x0000000714100000, 0x0000000714100000, 0x0000000714200000|  0%| F|  |TAMS 0x0000000714100000, 0x0000000714100000| Untracked 
| 176|0x0000000714200000, 0x0000000714200000, 0x0000000714300000|  0%| F|  |TAMS 0x0000000714200000, 0x0000000714200000| Untracked 
| 177|0x0000000714300000, 0x0000000714300000, 0x0000000714400000|  0%| F|  |TAMS 0x0000000714300000, 0x0000000714300000| Untracked 
| 178|0x0000000714400000, 0x0000000714400000, 0x0000000714500000|  0%| F|  |TAMS 0x0000000714400000, 0x0000000714400000| Untracked 
| 179|0x0000000714500000, 0x0000000714500000, 0x0000000714600000|  0%| F|  |TAMS 0x0000000714500000, 0x0000000714500000| Untracked 
| 180|0x0000000714600000, 0x0000000714600000, 0x0000000714700000|  0%| F|  |TAMS 0x0000000714600000, 0x0000000714600000| Untracked 
| 181|0x0000000714700000, 0x0000000714800000, 0x0000000714800000|100%| S|CS|TAMS 0x0000000714700000, 0x0000000714700000| Complete 
| 182|0x0000000714800000, 0x0000000714900000, 0x0000000714900000|100%| S|CS|TAMS 0x0000000714800000, 0x0000000714800000| Complete 
| 183|0x0000000714900000, 0x0000000714a00000, 0x0000000714a00000|100%| S|CS|TAMS 0x0000000714900000, 0x0000000714900000| Complete 
| 184|0x0000000714a00000, 0x0000000714b00000, 0x0000000714b00000|100%| S|CS|TAMS 0x0000000714a00000, 0x0000000714a00000| Complete 
| 185|0x0000000714b00000, 0x0000000714c00000, 0x0000000714c00000|100%| S|CS|TAMS 0x0000000714b00000, 0x0000000714b00000| Complete 
| 186|0x0000000714c00000, 0x0000000714d00000, 0x0000000714d00000|100%| S|CS|TAMS 0x0000000714c00000, 0x0000000714c00000| Complete 
| 187|0x0000000714d00000, 0x0000000714e00000, 0x0000000714e00000|100%| S|CS|TAMS 0x0000000714d00000, 0x0000000714d00000| Complete 
| 188|0x0000000714e00000, 0x0000000714f00000, 0x0000000714f00000|100%| S|CS|TAMS 0x0000000714e00000, 0x0000000714e00000| Complete 
| 189|0x0000000714f00000, 0x0000000715000000, 0x0000000715000000|100%| S|CS|TAMS 0x0000000714f00000, 0x0000000714f00000| Complete 
| 190|0x0000000715000000, 0x0000000715100000, 0x0000000715100000|100%| S|CS|TAMS 0x0000000715000000, 0x0000000715000000| Complete 
| 191|0x0000000715100000, 0x0000000715200000, 0x0000000715200000|100%| S|CS|TAMS 0x0000000715100000, 0x0000000715100000| Complete 
| 192|0x0000000715200000, 0x0000000715300000, 0x0000000715300000|100%| S|CS|TAMS 0x0000000715200000, 0x0000000715200000| Complete 
| 193|0x0000000715300000, 0x0000000715400000, 0x0000000715400000|100%| S|CS|TAMS 0x0000000715300000, 0x0000000715300000| Complete 
| 194|0x0000000715400000, 0x0000000715500000, 0x0000000715500000|100%| S|CS|TAMS 0x0000000715400000, 0x0000000715400000| Complete 
| 195|0x0000000715500000, 0x0000000715600000, 0x0000000715600000|100%| S|CS|TAMS 0x0000000715500000, 0x0000000715500000| Complete 
| 196|0x0000000715600000, 0x0000000715600000, 0x0000000715700000|  0%| F|  |TAMS 0x0000000715600000, 0x0000000715600000| Untracked 
| 197|0x0000000715700000, 0x0000000715700000, 0x0000000715800000|  0%| F|  |TAMS 0x0000000715700000, 0x0000000715700000| Untracked 
| 198|0x0000000715800000, 0x0000000715800000, 0x0000000715900000|  0%| F|  |TAMS 0x0000000715800000, 0x0000000715800000| Untracked 
| 199|0x0000000715900000, 0x0000000715900000, 0x0000000715a00000|  0%| F|  |TAMS 0x0000000715900000, 0x0000000715900000| Untracked 
| 200|0x0000000715a00000, 0x0000000715aea010, 0x0000000715b00000| 91%| E|  |TAMS 0x0000000715a00000, 0x0000000715a00000| Complete 
| 201|0x0000000715b00000, 0x0000000715c00000, 0x0000000715c00000|100%| E|CS|TAMS 0x0000000715b00000, 0x0000000715b00000| Complete 
| 202|0x0000000715c00000, 0x0000000715d00000, 0x0000000715d00000|100%| E|CS|TAMS 0x0000000715c00000, 0x0000000715c00000| Complete 
| 203|0x0000000715d00000, 0x0000000715e00000, 0x0000000715e00000|100%| E|CS|TAMS 0x0000000715d00000, 0x0000000715d00000| Complete 
| 204|0x0000000715e00000, 0x0000000715f00000, 0x0000000715f00000|100%| E|CS|TAMS 0x0000000715e00000, 0x0000000715e00000| Complete 
| 205|0x0000000715f00000, 0x0000000716000000, 0x0000000716000000|100%| E|CS|TAMS 0x0000000715f00000, 0x0000000715f00000| Complete 
| 206|0x0000000716000000, 0x0000000716100000, 0x0000000716100000|100%| E|CS|TAMS 0x0000000716000000, 0x0000000716000000| Complete 
| 207|0x0000000716100000, 0x0000000716200000, 0x0000000716200000|100%| E|CS|TAMS 0x0000000716100000, 0x0000000716100000| Complete 
| 208|0x0000000716200000, 0x0000000716300000, 0x0000000716300000|100%| E|CS|TAMS 0x0000000716200000, 0x0000000716200000| Complete 
| 209|0x0000000716300000, 0x0000000716400000, 0x0000000716400000|100%| E|CS|TAMS 0x0000000716300000, 0x0000000716300000| Complete 
| 210|0x0000000716400000, 0x0000000716500000, 0x0000000716500000|100%| E|CS|TAMS 0x0000000716400000, 0x0000000716400000| Complete 
| 211|0x0000000716500000, 0x0000000716600000, 0x0000000716600000|100%| E|CS|TAMS 0x0000000716500000, 0x0000000716500000| Complete 
| 212|0x0000000716600000, 0x0000000716700000, 0x0000000716700000|100%| E|CS|TAMS 0x0000000716600000, 0x0000000716600000| Complete 
| 213|0x0000000716700000, 0x0000000716800000, 0x0000000716800000|100%| E|CS|TAMS 0x0000000716700000, 0x0000000716700000| Complete 
| 214|0x0000000716800000, 0x0000000716900000, 0x0000000716900000|100%| E|CS|TAMS 0x0000000716800000, 0x0000000716800000| Complete 
| 215|0x0000000716900000, 0x0000000716a00000, 0x0000000716a00000|100%| E|CS|TAMS 0x0000000716900000, 0x0000000716900000| Complete 
| 216|0x0000000716a00000, 0x0000000716b00000, 0x0000000716b00000|100%| E|CS|TAMS 0x0000000716a00000, 0x0000000716a00000| Complete 
| 217|0x0000000716b00000, 0x0000000716c00000, 0x0000000716c00000|100%| E|CS|TAMS 0x0000000716b00000, 0x0000000716b00000| Complete 
| 218|0x0000000716c00000, 0x0000000716d00000, 0x0000000716d00000|100%| E|CS|TAMS 0x0000000716c00000, 0x0000000716c00000| Complete 
| 219|0x0000000716d00000, 0x0000000716e00000, 0x0000000716e00000|100%| E|CS|TAMS 0x0000000716d00000, 0x0000000716d00000| Complete 
| 220|0x0000000716e00000, 0x0000000716f00000, 0x0000000716f00000|100%| E|CS|TAMS 0x0000000716e00000, 0x0000000716e00000| Complete 
| 221|0x0000000716f00000, 0x0000000717000000, 0x0000000717000000|100%| E|CS|TAMS 0x0000000716f00000, 0x0000000716f00000| Complete 
| 222|0x0000000717000000, 0x0000000717100000, 0x0000000717100000|100%| E|CS|TAMS 0x0000000717000000, 0x0000000717000000| Complete 
| 223|0x0000000717100000, 0x0000000717200000, 0x0000000717200000|100%| E|CS|TAMS 0x0000000717100000, 0x0000000717100000| Complete 
| 224|0x0000000717200000, 0x0000000717300000, 0x0000000717300000|100%| E|CS|TAMS 0x0000000717200000, 0x0000000717200000| Complete 
| 225|0x0000000717300000, 0x0000000717400000, 0x0000000717400000|100%| E|CS|TAMS 0x0000000717300000, 0x0000000717300000| Complete 
| 226|0x0000000717400000, 0x0000000717500000, 0x0000000717500000|100%| E|CS|TAMS 0x0000000717400000, 0x0000000717400000| Complete 
| 227|0x0000000717500000, 0x0000000717600000, 0x0000000717600000|100%| E|CS|TAMS 0x0000000717500000, 0x0000000717500000| Complete 
| 228|0x0000000717600000, 0x0000000717700000, 0x0000000717700000|100%| E|CS|TAMS 0x0000000717600000, 0x0000000717600000| Complete 
| 229|0x0000000717700000, 0x0000000717800000, 0x0000000717800000|100%| E|CS|TAMS 0x0000000717700000, 0x0000000717700000| Complete 
| 230|0x0000000717800000, 0x0000000717900000, 0x0000000717900000|100%| E|CS|TAMS 0x0000000717800000, 0x0000000717800000| Complete 
| 231|0x0000000717900000, 0x0000000717a00000, 0x0000000717a00000|100%| E|CS|TAMS 0x0000000717900000, 0x0000000717900000| Complete 
| 232|0x0000000717a00000, 0x0000000717b00000, 0x0000000717b00000|100%| E|CS|TAMS 0x0000000717a00000, 0x0000000717a00000| Complete 
| 233|0x0000000717b00000, 0x0000000717c00000, 0x0000000717c00000|100%| E|CS|TAMS 0x0000000717b00000, 0x0000000717b00000| Complete 
| 234|0x0000000717c00000, 0x0000000717d00000, 0x0000000717d00000|100%| E|CS|TAMS 0x0000000717c00000, 0x0000000717c00000| Complete 
| 235|0x0000000717d00000, 0x0000000717e00000, 0x0000000717e00000|100%| E|CS|TAMS 0x0000000717d00000, 0x0000000717d00000| Complete 
| 236|0x0000000717e00000, 0x0000000717f00000, 0x0000000717f00000|100%| E|CS|TAMS 0x0000000717e00000, 0x0000000717e00000| Complete 
| 237|0x0000000717f00000, 0x0000000718000000, 0x0000000718000000|100%| E|CS|TAMS 0x0000000717f00000, 0x0000000717f00000| Complete 
| 238|0x0000000718000000, 0x0000000718100000, 0x0000000718100000|100%| E|CS|TAMS 0x0000000718000000, 0x0000000718000000| Complete 
| 239|0x0000000718100000, 0x0000000718200000, 0x0000000718200000|100%| E|CS|TAMS 0x0000000718100000, 0x0000000718100000| Complete 
| 240|0x0000000718200000, 0x0000000718300000, 0x0000000718300000|100%| E|CS|TAMS 0x0000000718200000, 0x0000000718200000| Complete 
| 241|0x0000000718300000, 0x0000000718400000, 0x0000000718400000|100%| E|CS|TAMS 0x0000000718300000, 0x0000000718300000| Complete 
| 242|0x0000000718400000, 0x0000000718500000, 0x0000000718500000|100%| E|CS|TAMS 0x0000000718400000, 0x0000000718400000| Complete 
| 243|0x0000000718500000, 0x0000000718600000, 0x0000000718600000|100%| E|CS|TAMS 0x0000000718500000, 0x0000000718500000| Complete 
| 244|0x0000000718600000, 0x0000000718700000, 0x0000000718700000|100%| E|CS|TAMS 0x0000000718600000, 0x0000000718600000| Complete 
| 245|0x0000000718700000, 0x0000000718800000, 0x0000000718800000|100%| E|CS|TAMS 0x0000000718700000, 0x0000000718700000| Complete 
| 246|0x0000000718800000, 0x0000000718900000, 0x0000000718900000|100%| E|CS|TAMS 0x0000000718800000, 0x0000000718800000| Complete 
| 247|0x0000000718900000, 0x0000000718a00000, 0x0000000718a00000|100%| E|CS|TAMS 0x0000000718900000, 0x0000000718900000| Complete 
| 248|0x0000000718a00000, 0x0000000718b00000, 0x0000000718b00000|100%| E|CS|TAMS 0x0000000718a00000, 0x0000000718a00000| Complete 
| 249|0x0000000718b00000, 0x0000000718c00000, 0x0000000718c00000|100%| E|CS|TAMS 0x0000000718b00000, 0x0000000718b00000| Complete 
| 250|0x0000000718c00000, 0x0000000718d00000, 0x0000000718d00000|100%| E|CS|TAMS 0x0000000718c00000, 0x0000000718c00000| Complete 
| 251|0x0000000718d00000, 0x0000000718e00000, 0x0000000718e00000|100%| E|CS|TAMS 0x0000000718d00000, 0x0000000718d00000| Complete 
| 252|0x0000000718e00000, 0x0000000718f00000, 0x0000000718f00000|100%| E|CS|TAMS 0x0000000718e00000, 0x0000000718e00000| Complete 
| 253|0x0000000718f00000, 0x0000000719000000, 0x0000000719000000|100%| E|CS|TAMS 0x0000000718f00000, 0x0000000718f00000| Complete 
| 254|0x0000000719000000, 0x0000000719100000, 0x0000000719100000|100%| E|CS|TAMS 0x0000000719000000, 0x0000000719000000| Complete 
| 255|0x0000000719100000, 0x0000000719200000, 0x0000000719200000|100%| E|CS|TAMS 0x0000000719100000, 0x0000000719100000| Complete 
| 256|0x0000000719200000, 0x0000000719300000, 0x0000000719300000|100%| E|CS|TAMS 0x0000000719200000, 0x0000000719200000| Complete 
| 257|0x0000000719300000, 0x0000000719400000, 0x0000000719400000|100%| E|CS|TAMS 0x0000000719300000, 0x0000000719300000| Complete 
| 258|0x0000000719400000, 0x0000000719500000, 0x0000000719500000|100%| E|CS|TAMS 0x0000000719400000, 0x0000000719400000| Complete 
| 259|0x0000000719500000, 0x0000000719600000, 0x0000000719600000|100%| E|CS|TAMS 0x0000000719500000, 0x0000000719500000| Complete 
| 260|0x0000000719600000, 0x0000000719700000, 0x0000000719700000|100%| E|CS|TAMS 0x0000000719600000, 0x0000000719600000| Complete 
| 261|0x0000000719700000, 0x0000000719800000, 0x0000000719800000|100%| E|CS|TAMS 0x0000000719700000, 0x0000000719700000| Complete 
| 262|0x0000000719800000, 0x0000000719900000, 0x0000000719900000|100%| E|CS|TAMS 0x0000000719800000, 0x0000000719800000| Complete 
| 263|0x0000000719900000, 0x0000000719a00000, 0x0000000719a00000|100%| E|CS|TAMS 0x0000000719900000, 0x0000000719900000| Complete 
| 264|0x0000000719a00000, 0x0000000719b00000, 0x0000000719b00000|100%| E|CS|TAMS 0x0000000719a00000, 0x0000000719a00000| Complete 
| 265|0x0000000719b00000, 0x0000000719c00000, 0x0000000719c00000|100%| E|CS|TAMS 0x0000000719b00000, 0x0000000719b00000| Complete 
| 266|0x0000000719c00000, 0x0000000719d00000, 0x0000000719d00000|100%| E|CS|TAMS 0x0000000719c00000, 0x0000000719c00000| Complete 
| 267|0x0000000719d00000, 0x0000000719e00000, 0x0000000719e00000|100%| E|CS|TAMS 0x0000000719d00000, 0x0000000719d00000| Complete 
| 268|0x0000000719e00000, 0x0000000719f00000, 0x0000000719f00000|100%| E|CS|TAMS 0x0000000719e00000, 0x0000000719e00000| Complete 
| 269|0x0000000719f00000, 0x000000071a000000, 0x000000071a000000|100%| E|CS|TAMS 0x0000000719f00000, 0x0000000719f00000| Complete 
| 270|0x000000071a000000, 0x000000071a100000, 0x000000071a100000|100%| E|CS|TAMS 0x000000071a000000, 0x000000071a000000| Complete 
| 271|0x000000071a100000, 0x000000071a200000, 0x000000071a200000|100%| E|CS|TAMS 0x000000071a100000, 0x000000071a100000| Complete 
| 272|0x000000071a200000, 0x000000071a300000, 0x000000071a300000|100%| E|CS|TAMS 0x000000071a200000, 0x000000071a200000| Complete 
| 273|0x000000071a300000, 0x000000071a400000, 0x000000071a400000|100%| E|CS|TAMS 0x000000071a300000, 0x000000071a300000| Complete 
| 274|0x000000071a400000, 0x000000071a500000, 0x000000071a500000|100%| E|CS|TAMS 0x000000071a400000, 0x000000071a400000| Complete 
| 275|0x000000071a500000, 0x000000071a600000, 0x000000071a600000|100%| E|CS|TAMS 0x000000071a500000, 0x000000071a500000| Complete 
| 276|0x000000071a600000, 0x000000071a700000, 0x000000071a700000|100%| E|CS|TAMS 0x000000071a600000, 0x000000071a600000| Complete 
| 277|0x000000071a700000, 0x000000071a800000, 0x000000071a800000|100%| E|CS|TAMS 0x000000071a700000, 0x000000071a700000| Complete 
| 278|0x000000071a800000, 0x000000071a900000, 0x000000071a900000|100%| E|CS|TAMS 0x000000071a800000, 0x000000071a800000| Complete 
| 279|0x000000071a900000, 0x000000071aa00000, 0x000000071aa00000|100%| E|CS|TAMS 0x000000071a900000, 0x000000071a900000| Complete 
| 280|0x000000071aa00000, 0x000000071ab00000, 0x000000071ab00000|100%| E|CS|TAMS 0x000000071aa00000, 0x000000071aa00000| Complete 
| 281|0x000000071ab00000, 0x000000071ac00000, 0x000000071ac00000|100%| E|CS|TAMS 0x000000071ab00000, 0x000000071ab00000| Complete 
| 282|0x000000071ac00000, 0x000000071ad00000, 0x000000071ad00000|100%| E|CS|TAMS 0x000000071ac00000, 0x000000071ac00000| Complete 
| 283|0x000000071ad00000, 0x000000071ae00000, 0x000000071ae00000|100%| E|CS|TAMS 0x000000071ad00000, 0x000000071ad00000| Complete 
| 284|0x000000071ae00000, 0x000000071af00000, 0x000000071af00000|100%| E|CS|TAMS 0x000000071ae00000, 0x000000071ae00000| Complete 
| 285|0x000000071af00000, 0x000000071b000000, 0x000000071b000000|100%| E|CS|TAMS 0x000000071af00000, 0x000000071af00000| Complete 
| 286|0x000000071b000000, 0x000000071b100000, 0x000000071b100000|100%| E|CS|TAMS 0x000000071b000000, 0x000000071b000000| Complete 
| 287|0x000000071b100000, 0x000000071b200000, 0x000000071b200000|100%| E|CS|TAMS 0x000000071b100000, 0x000000071b100000| Complete 
| 288|0x000000071b200000, 0x000000071b300000, 0x000000071b300000|100%| E|CS|TAMS 0x000000071b200000, 0x000000071b200000| Complete 
| 289|0x000000071b300000, 0x000000071b400000, 0x000000071b400000|100%| E|CS|TAMS 0x000000071b300000, 0x000000071b300000| Complete 
| 290|0x000000071b400000, 0x000000071b500000, 0x000000071b500000|100%| E|CS|TAMS 0x000000071b400000, 0x000000071b400000| Complete 
| 291|0x000000071b500000, 0x000000071b600000, 0x000000071b600000|100%| E|CS|TAMS 0x000000071b500000, 0x000000071b500000| Complete 
| 292|0x000000071b600000, 0x000000071b700000, 0x000000071b700000|100%| E|CS|TAMS 0x000000071b600000, 0x000000071b600000| Complete 
| 293|0x000000071b700000, 0x000000071b800000, 0x000000071b800000|100%| E|CS|TAMS 0x000000071b700000, 0x000000071b700000| Complete 
| 294|0x000000071b800000, 0x000000071b900000, 0x000000071b900000|100%| E|CS|TAMS 0x000000071b800000, 0x000000071b800000| Complete 
| 295|0x000000071b900000, 0x000000071ba00000, 0x000000071ba00000|100%| E|CS|TAMS 0x000000071b900000, 0x000000071b900000| Complete 
| 296|0x000000071ba00000, 0x000000071bb00000, 0x000000071bb00000|100%| E|CS|TAMS 0x000000071ba00000, 0x000000071ba00000| Complete 
| 297|0x000000071bb00000, 0x000000071bc00000, 0x000000071bc00000|100%| E|CS|TAMS 0x000000071bb00000, 0x000000071bb00000| Complete 

Card table byte_map: [0x00000229fc780000,0x00000229fcf40000] _byte_map_base: 0x00000229f8f37000

Marking Bits (Prev, Next): (CMBitMap*) 0x00000229f4100e68, (CMBitMap*) 0x00000229f4100ea0
 Prev Bits: [0x000002298f000000, 0x0000022992db8000)
 Next Bits: [0x0000022992dc0000, 0x0000022996b78000)

Polling page: 0x00000229f20a0000

Metaspace:

Usage:
  Non-class:     35.31 MB capacity,    34.86 MB ( 99%) used,   367.34 KB (  1%) free+waste,    94.00 KB ( <1%) overhead. 
      Class:      4.57 MB capacity,     4.29 MB ( 94%) used,   241.16 KB (  5%) free+waste,    45.00 KB ( <1%) overhead. 
       Both:     39.88 MB capacity,    39.15 MB ( 98%) used,   608.49 KB (  1%) free+waste,   139.00 KB ( <1%) overhead. 

Virtual space:
  Non-class space:       36.00 MB reserved,      35.50 MB ( 99%) committed 
      Class space:        1.00 GB reserved,       4.63 MB ( <1%) committed 
             Both:        1.04 GB reserved,      40.13 MB (  4%) committed 

Chunk freelists:
   Non-Class:  0 bytes
       Class:  3.00 KB
        Both:  3.00 KB

CodeHeap 'non-profiled nmethods': size=119168Kb used=4352Kb max_used=4352Kb free=114815Kb
 bounds [0x0000022987ba0000, 0x0000022987ff0000, 0x000002298f000000]
CodeHeap 'profiled nmethods': size=119168Kb used=10663Kb max_used=10663Kb free=108504Kb
 bounds [0x0000022980740000, 0x00000229811b0000, 0x0000022987ba0000]
CodeHeap 'non-nmethods': size=7424Kb used=2900Kb max_used=2956Kb free=4523Kb
 bounds [0x0000022980000000, 0x0000022980300000, 0x0000022980740000]
 total_blobs=4624 nmethods=4061 adapters=471
 compilation: enabled
              stopped_count=0, restarted_count=0
 full_count=0

Compilation events (10 events):
Event: 5.398 Thread 0x0000022997d15000 4069       3       java.lang.reflect.Method::getRoot (5 bytes)
Event: 5.398 Thread 0x0000022997d16000 4070       3       java.lang.Class::getInterfaces (49 bytes)
Event: 5.398 Thread 0x0000022997d15000 nmethod 4069 0x00000229811a8590 code [0x00000229811a8720, 0x00000229811a8838]
Event: 5.399 Thread 0x0000022997d16000 nmethod 4070 0x00000229811a8910 code [0x00000229811a8b00, 0x00000229811a8fd8]
Event: 5.406 Thread 0x0000022997d16800 4071       3       java.util.LinkedList$ListItr::remove (84 bytes)
Event: 5.407 Thread 0x0000022997d16800 nmethod 4071 0x00000229811a9110 code [0x00000229811a9300, 0x00000229811a9808]
Event: 5.449 Thread 0x0000022997d17800 4073       3       java.util.Collections::addAll (43 bytes)
Event: 5.449 Thread 0x0000022997d17800 nmethod 4073 0x00000229811a9a10 code [0x00000229811a9bc0, 0x00000229811a9e68]
Event: 5.500 Thread 0x00000229995f4000 nmethod 3970 0x0000022987fd1510 code [0x0000022987fd1ea0, 0x0000022987fdb1b0]
Event: 5.500 Thread 0x00000229995f4000 4072       4       org.aspectj.weaver.bcel.BcelWeaver::weave (1242 bytes)

GC Heap History (10 events):
Event: 1.824 GC heap before
{Heap before GC invocations=1 (full 0):
 garbage-first heap   total 253952K, used 154151K [0x0000000709200000, 0x0000000800000000)
  region size 1024K, 148 young (151552K), 3 survivors (3072K)
 Metaspace       used 20138K, capacity 20464K, committed 20736K, reserved 1069056K
  class space    used 1847K, capacity 1945K, committed 2048K, reserved 1048576K
}
Event: 1.835 GC heap after
{Heap after GC invocations=2 (full 0):
 garbage-first heap   total 253952K, used 19891K [0x0000000709200000, 0x0000000800000000)
  region size 1024K, 17 young (17408K), 17 survivors (17408K)
 Metaspace       used 20138K, capacity 20464K, committed 20736K, reserved 1069056K
  class space    used 1847K, capacity 1945K, committed 2048K, reserved 1048576K
}
Event: 2.005 GC heap before
{Heap before GC invocations=2 (full 0):
 garbage-first heap   total 253952K, used 45491K [0x0000000709200000, 0x0000000800000000)
  region size 1024K, 43 young (44032K), 17 survivors (17408K)
 Metaspace       used 20916K, capacity 21200K, committed 21248K, reserved 1069056K
  class space    used 1942K, capacity 2041K, committed 2048K, reserved 1048576K
}
Event: 2.017 GC heap after
{Heap after GC invocations=3 (full 0):
 garbage-first heap   total 253952K, used 22489K [0x0000000709200000, 0x0000000800000000)
  region size 1024K, 3 young (3072K), 3 survivors (3072K)
 Metaspace       used 20916K, capacity 21200K, committed 21248K, reserved 1069056K
  class space    used 1942K, capacity 2041K, committed 2048K, reserved 1048576K
}
Event: 2.881 GC heap before
{Heap before GC invocations=4 (full 0):
 garbage-first heap   total 253952K, used 98265K [0x0000000709200000, 0x0000000800000000)
  region size 1024K, 77 young (78848K), 3 survivors (3072K)
 Metaspace       used 25773K, capacity 26254K, committed 26368K, reserved 1073152K
  class space    used 2555K, capacity 2737K, committed 2816K, reserved 1048576K
}
Event: 2.886 GC heap after
{Heap after GC invocations=5 (full 0):
 garbage-first heap   total 253952K, used 27905K [0x0000000709200000, 0x0000000800000000)
  region size 1024K, 8 young (8192K), 8 survivors (8192K)
 Metaspace       used 25773K, capacity 26254K, committed 26368K, reserved 1073152K
  class space    used 2555K, capacity 2737K, committed 2816K, reserved 1048576K
}
Event: 4.273 GC heap before
{Heap before GC invocations=5 (full 0):
 garbage-first heap   total 253952K, used 142593K [0x0000000709200000, 0x0000000800000000)
  region size 1024K, 120 young (122880K), 8 survivors (8192K)
 Metaspace       used 32739K, capacity 33246K, committed 33408K, reserved 1079296K
  class space    used 3397K, capacity 3606K, committed 3712K, reserved 1048576K
}
Event: 4.281 GC heap after
{Heap after GC invocations=6 (full 0):
 garbage-first heap   total 253952K, used 36619K [0x0000000709200000, 0x0000000800000000)
  region size 1024K, 15 young (15360K), 15 survivors (15360K)
 Metaspace       used 32739K, capacity 33246K, committed 33408K, reserved 1079296K
  class space    used 3397K, capacity 3606K, committed 3712K, reserved 1048576K
}
Event: 4.600 GC heap before
{Heap before GC invocations=6 (full 0):
 garbage-first heap   total 253952K, used 88843K [0x0000000709200000, 0x0000000800000000)
  region size 1024K, 67 young (68608K), 15 survivors (15360K)
 Metaspace       used 35299K, capacity 35821K, committed 35840K, reserved 1081344K
  class space    used 3721K, capacity 3953K, committed 3968K, reserved 1048576K
}
Event: 4.609 GC heap after
{Heap after GC invocations=7 (full 0):
 garbage-first heap   total 305152K, used 43668K [0x0000000709200000, 0x0000000800000000)
  region size 1024K, 15 young (15360K), 15 survivors (15360K)
 Metaspace       used 35299K, capacity 35821K, committed 35840K, reserved 1081344K
  class space    used 3721K, capacity 3953K, committed 3968K, reserved 1048576K
}

Deoptimization events (10 events):
Event: 4.751 Thread 0x00000229f40a0800 Uncommon trap: reason=class_check action=maybe_recompile pc=0x0000022987e8ef70 method=java.util.regex.Matcher.search(I)Z @ 121 c2
Event: 4.751 Thread 0x00000229f40a0800 Uncommon trap: reason=unstable_if action=reinterpret pc=0x0000022987edd210 method=java.util.TreeMap.getEntry(Ljava/lang/Object;)Ljava/util/TreeMap$Entry; @ 4 c2
Event: 4.775 Thread 0x00000229f40a0800 Uncommon trap: reason=unstable_if action=reinterpret pc=0x0000022987c21640 method=java.lang.String.replace(CC)Ljava/lang/String; @ 2 c2
Event: 4.881 Thread 0x00000229f40a0800 Uncommon trap: reason=unstable_if action=reinterpret pc=0x0000022987d43dec method=jdk.internal.org.objectweb.asm.Type.getArgumentsAndReturnSizes(Ljava/lang/String;)I @ 41 c2
Event: 5.452 Thread 0x000002299f9c0000 Uncommon trap: reason=bimorphic_or_optimized_type_check action=maybe_recompile pc=0x0000022987f6b6c8 method=java.io.FilterInputStream.available()I @ 4 c2
Event: 5.452 Thread 0x000002299f9c0000 Uncommon trap: reason=bimorphic_or_optimized_type_check action=maybe_recompile pc=0x0000022987f6b6c8 method=java.io.FilterInputStream.available()I @ 4 c2
Event: 5.452 Thread 0x000002299f9c0000 Uncommon trap: reason=bimorphic_or_optimized_type_check action=maybe_recompile pc=0x0000022987f6b6c8 method=java.io.FilterInputStream.available()I @ 4 c2
Event: 5.458 Thread 0x000002299f9c0000 Uncommon trap: reason=bimorphic_or_optimized_type_check action=maybe_recompile pc=0x0000022987f6b6c8 method=java.io.FilterInputStream.available()I @ 4 c2
Event: 5.458 Thread 0x000002299f9c0000 Uncommon trap: reason=class_check action=maybe_recompile pc=0x0000022987c2de90 method=java.nio.DirectByteBuffer.<init>(Lsun/nio/ch/DirectBuffer;IIIII)V @ 12 c2
Event: 5.458 Thread 0x000002299f9c0000 Uncommon trap: reason=class_check action=maybe_recompile pc=0x0000022987c2de90 method=java.nio.DirectByteBuffer.<init>(Lsun/nio/ch/DirectBuffer;IIIII)V @ 12 c2

Classes redefined (0 events):
No events

Internal exceptions (10 events):
Event: 4.750 Thread 0x00000229f40a0800 Exception <a 'java/lang/IncompatibleClassChangeError'{0x000000071a834e70}: Found class java.lang.Object, but interface was expected> (0x000000071a834e70) thrown at [./open/src/hotspot/share/interpreter/linkResolver.cpp, line 838]
Event: 4.751 Thread 0x00000229f40a0800 Exception <a 'java/lang/NoSuchMethodError'{0x000000071a83e2f8}: java.lang.invoke.DirectMethodHandle$Holder.invokeSpecialIFC(Ljava/lang/Object;Ljava/lang/Object;Ljava/lang/Object;Ljava/lang/Object;)I> (0x000000071a83e2f8) thrown at [./open/src/hotspot/shar
Event: 4.751 Thread 0x00000229f40a0800 Implicit null exception at 0x0000022987edcb13 to 0x0000022987edd1f8
Event: 4.881 Thread 0x00000229f40a0800 Exception <a 'java/lang/NoSuchMethodError'{0x0000000719f3afd8}: java.lang.invoke.DirectMethodHandle$Holder.invokeVirtual(Ljava/lang/Object;Ljava/lang/Object;)D> (0x0000000719f3afd8) thrown at [./open/src/hotspot/share/interpreter/linkResolver.cpp, line 77
Event: 4.881 Thread 0x00000229f40a0800 Exception <a 'java/lang/NoSuchMethodError'{0x0000000719f41038}: java.lang.invoke.DirectMethodHandle$Holder.invokeVirtual(Ljava/lang/Object;Ljava/lang/Object;)F> (0x0000000719f41038) thrown at [./open/src/hotspot/share/interpreter/linkResolver.cpp, line 77
Event: 4.882 Thread 0x00000229f40a0800 Exception <a 'java/lang/NoSuchMethodError'{0x0000000719f49778}: java.lang.invoke.DirectMethodHandle$Holder.invokeVirtual(Ljava/lang/Object;Ljava/lang/Object;)J> (0x0000000719f49778) thrown at [./open/src/hotspot/share/interpreter/linkResolver.cpp, line 77
Event: 4.920 Thread 0x00000229f40a0800 Exception <a 'java/lang/NoSuchMethodError'{0x0000000719af6618}: java.lang.invoke.DirectMethodHandle$Holder.invokeSpecial(Ljava/lang/Object;Ljava/lang/Object;Ljava/lang/Object;Ljava/lang/Object;Ljava/lang/Object;)V> (0x0000000719af6618) thrown at [./open/s
Event: 4.921 Thread 0x00000229f40a0800 Exception <a 'java/lang/NoSuchMethodError'{0x0000000719907cd0}: java.lang.invoke.DirectMethodHandle$Holder.invokeStatic(Ljava/lang/Object;Ljava/lang/Object;I)V> (0x0000000719907cd0) thrown at [./open/src/hotspot/share/interpreter/linkResolver.cpp, line 77
Event: 5.003 Thread 0x00000229f40a0800 Exception <a 'java/lang/NoSuchMethodError'{0x0000000718c26b70}: java.lang.invoke.DirectMethodHandle$Holder.invokeSpecialIFC(Ljava/lang/Object;Ljava/lang/Object;Ljava/lang/Object;)I> (0x0000000718c26b70) thrown at [./open/src/hotspot/share/interpreter/link
Event: 5.130 Thread 0x00000229f40a0800 Exception <a 'java/lang/NoSuchMethodError'{0x00000007179c9a50}: java.lang.invoke.DirectMethodHandle$Holder.invokeSpecial(Ljava/lang/Object;Ljava/lang/Object;Ljava/lang/Object;Ljava/lang/Object;Ljava/lang/Object;Ljava/lang/Object;)V> (0x00000007179c9a50) t

Events (10 events):
Event: 5.458 Thread 0x000002299f9c0000 DEOPT PACKING pc=0x0000022987c2de90 sp=0x0000009d91cfd850
Event: 5.458 Thread 0x000002299f9c0000 DEOPT UNPACKING pc=0x00000229800268af sp=0x0000009d91cfd848 mode 2
Event: 5.458 loading class sun/nio/ch/IOVecWrapper
Event: 5.458 loading class sun/nio/ch/IOVecWrapper done
Event: 5.458 loading class sun/nio/ch/IOVecWrapper$Deallocator
Event: 5.458 loading class sun/nio/ch/IOVecWrapper$Deallocator done
Event: 5.459 loading class io/netty/util/internal/PromiseNotificationUtil
Event: 5.459 loading class io/netty/util/internal/PromiseNotificationUtil done
Event: 5.459 loading class org/asynchttpclient/AsyncHandler$State
Event: 5.459 loading class org/asynchttpclient/AsyncHandler$State done


Dynamic libraries:
0x00007ff6dbed0000 - 0x00007ff6dbedf000 	C:\Program Files\Java\jdk-11.0.16.1\bin\java.exe
0x00007ff8135f0000 - 0x00007ff8137e8000 	C:\WINDOWS\SYSTEM32\ntdll.dll
0x00007fffd0fc0000 - 0x00007fffd0fd7000 	C:\Program Files\Avast Software\Avast\aswhook.dll
0x00007ff812530000 - 0x00007ff8125ef000 	C:\WINDOWS\System32\KERNEL32.DLL
0x00007ff8110a0000 - 0x00007ff811372000 	C:\WINDOWS\System32\KERNELBASE.dll
0x00007ff810ed0000 - 0x00007ff810fd0000 	C:\WINDOWS\System32\ucrtbase.dll
0x00007ffff8720000 - 0x00007ffff8738000 	C:\Program Files\Java\jdk-11.0.16.1\bin\jli.dll
0x00007ffff86f0000 - 0x00007ffff8705000 	C:\Program Files\Java\jdk-11.0.16.1\bin\VCRUNTIME140.dll
0x00007ff811f60000 - 0x00007ff81200e000 	C:\WINDOWS\System32\ADVAPI32.dll
0x00007ff811d80000 - 0x00007ff811e1e000 	C:\WINDOWS\System32\msvcrt.dll
0x00007ff812650000 - 0x00007ff8126ec000 	C:\WINDOWS\System32\sechost.dll
0x00007ff8132e0000 - 0x00007ff813405000 	C:\WINDOWS\System32\RPCRT4.dll
0x00007ff812ee0000 - 0x00007ff813081000 	C:\WINDOWS\System32\USER32.dll
0x00007ff811590000 - 0x00007ff8115b2000 	C:\WINDOWS\System32\win32u.dll
0x00007ffffbac0000 - 0x00007ffffbd5a000 	C:\WINDOWS\WinSxS\amd64_microsoft.windows.common-controls_6595b64144ccf1df_6.0.19041.1110_none_60b5254171f9507e\COMCTL32.dll
0x00007ff812820000 - 0x00007ff81284b000 	C:\WINDOWS\System32\GDI32.dll
0x00007ff810ce0000 - 0x00007ff810def000 	C:\WINDOWS\System32\gdi32full.dll
0x00007ff811000000 - 0x00007ff81109d000 	C:\WINDOWS\System32\msvcp_win.dll
0x00007ff80a090000 - 0x00007ff80a09a000 	C:\WINDOWS\SYSTEM32\VERSION.dll
0x00007ff812e10000 - 0x00007ff812e42000 	C:\WINDOWS\System32\IMM32.DLL
0x00007fffd8700000 - 0x00007fffd879b000 	C:\Program Files\Java\jdk-11.0.16.1\bin\msvcp140.dll
0x00007fff76cc0000 - 0x00007fff777d8000 	C:\Program Files\Java\jdk-11.0.16.1\bin\server\jvm.dll
0x00007ff8134c0000 - 0x00007ff8134c8000 	C:\WINDOWS\System32\PSAPI.DLL
0x00007ff806a30000 - 0x00007ff806a57000 	C:\WINDOWS\SYSTEM32\WINMM.dll
0x00007ff804f30000 - 0x00007ff804f39000 	C:\WINDOWS\SYSTEM32\WSOCK32.dll
0x00007ff813270000 - 0x00007ff8132db000 	C:\WINDOWS\System32\WS2_32.dll
0x00007ff80f530000 - 0x00007ff80f542000 	C:\WINDOWS\SYSTEM32\kernel.appcore.dll
0x00007ffff9300000 - 0x00007ffff9310000 	C:\Program Files\Java\jdk-11.0.16.1\bin\verify.dll
0x00007ff80f2b0000 - 0x00007ff80f494000 	C:\WINDOWS\SYSTEM32\DBGHELP.DLL
0x00007ff803df0000 - 0x00007ff803e25000 	C:\WINDOWS\SYSTEM32\dbgcore.DLL
0x00007ff810e40000 - 0x00007ff810ec2000 	C:\WINDOWS\System32\bcryptPrimitives.dll
0x00007ffff0670000 - 0x00007ffff0698000 	C:\Program Files\Java\jdk-11.0.16.1\bin\java.dll
0x00007ffff8630000 - 0x00007ffff863a000 	C:\Program Files\Java\jdk-11.0.16.1\bin\jimage.dll
0x00007ff80e0f0000 - 0x00007ff80e0fe000 	C:\Program Files\Java\jdk-11.0.16.1\bin\instrument.dll
0x00007ffff83f0000 - 0x00007ffff8406000 	C:\Program Files\Java\jdk-11.0.16.1\bin\zip.dll
0x00007ff811630000 - 0x00007ff811d74000 	C:\WINDOWS\System32\SHELL32.dll
0x00007ff80ea50000 - 0x00007ff80f1e2000 	C:\WINDOWS\SYSTEM32\windows.storage.dll
0x00007ff812850000 - 0x00007ff812ba5000 	C:\WINDOWS\System32\combase.dll
0x00007ff810740000 - 0x00007ff810770000 	C:\WINDOWS\SYSTEM32\Wldp.dll
0x00007ff813410000 - 0x00007ff8134bd000 	C:\WINDOWS\System32\SHCORE.dll
0x00007ff812bb0000 - 0x00007ff812c05000 	C:\WINDOWS\System32\shlwapi.dll
0x00007ff810c20000 - 0x00007ff810c3f000 	C:\WINDOWS\SYSTEM32\profapi.dll
0x00007ffff0860000 - 0x00007ffff0879000 	C:\Program Files\Java\jdk-11.0.16.1\bin\net.dll
0x00007ff80b730000 - 0x00007ff80b83c000 	C:\WINDOWS\SYSTEM32\WINHTTP.dll
0x00007ff8104a0000 - 0x00007ff81050a000 	C:\WINDOWS\system32\mswsock.dll
0x00007ffff05a0000 - 0x00007ffff05b2000 	C:\Program Files\Java\jdk-11.0.16.1\bin\nio.dll
0x00007ffff9570000 - 0x00007ffff958a000 	D:\IntelliJ IDEA Community Edition 2022.2\bin\breakgen64.dll
0x00007ff8106a0000 - 0x00007ff8106b8000 	C:\WINDOWS\SYSTEM32\CRYPTSP.dll
0x00007ff80fd50000 - 0x00007ff80fd84000 	C:\WINDOWS\system32\rsaenh.dll
0x00007ff810fd0000 - 0x00007ff810ff7000 	C:\WINDOWS\System32\bcrypt.dll
0x00007ff810be0000 - 0x00007ff810c0e000 	C:\WINDOWS\SYSTEM32\USERENV.dll
0x00007ff810690000 - 0x00007ff81069c000 	C:\WINDOWS\SYSTEM32\CRYPTBASE.dll
0x00007ff810140000 - 0x00007ff81017b000 	C:\WINDOWS\SYSTEM32\IPHLPAPI.DLL
0x00007ff813090000 - 0x00007ff813098000 	C:\WINDOWS\System32\NSI.dll
0x00007ff809a30000 - 0x00007ff809a47000 	C:\WINDOWS\SYSTEM32\dhcpcsvc6.DLL
0x00007ff809a10000 - 0x00007ff809a2d000 	C:\WINDOWS\SYSTEM32\dhcpcsvc.DLL
0x00007ff810180000 - 0x00007ff81024a000 	C:\WINDOWS\SYSTEM32\DNSAPI.dll
0x00007ff80b460000 - 0x00007ff80b46d000 	C:\Program Files\Java\jdk-11.0.16.1\bin\sunmscapi.dll
0x00007ff811430000 - 0x00007ff811586000 	C:\WINDOWS\System32\CRYPT32.dll
0x00007ff8107b0000 - 0x00007ff8107d7000 	C:\WINDOWS\SYSTEM32\ncrypt.dll
0x00007ff810770000 - 0x00007ff8107ab000 	C:\WINDOWS\SYSTEM32\NTASN1.dll
0x00007ff803ce0000 - 0x00007ff803d05000 	C:\Program Files\Java\jdk-11.0.16.1\bin\sunec.dll
0x00007ff809a00000 - 0x00007ff809a0a000 	C:\Windows\System32\rasadhlp.dll
0x00007ff8073f0000 - 0x00007ff807470000 	C:\WINDOWS\System32\fwpuclnt.dll
0x00007ff80b270000 - 0x00007ff80b279000 	C:\Program Files\Java\jdk-11.0.16.1\bin\management.dll
0x00007ff80b260000 - 0x00007ff80b26b000 	C:\Program Files\Java\jdk-11.0.16.1\bin\management_ext.dll

dbghelp: loaded successfully - version: 4.0.5 - missing functions: none
symbol engine: initialized successfully - sym options: 0x614 - pdb path: .;C:\Program Files\Java\jdk-11.0.16.1\bin;C:\WINDOWS\SYSTEM32;C:\Program Files\Avast Software\Avast;C:\WINDOWS\WinSxS\amd64_microsoft.windows.common-controls_6595b64144ccf1df_6.0.19041.1110_none_60b5254171f9507e;C:\Program Files\Java\jdk-11.0.16.1\bin\server;D:\IntelliJ IDEA Community Edition 2022.2\bin

VM Arguments:
jvm_args: -ea -javaagent:C:\Users\Asus\.m2\repository/org/aspectj/aspectjweaver/1.9.9.1/aspectjweaver-1.9.9.1.jar -Didea.test.cyclic.buffer.size=1048576 -javaagent:D:\IntelliJ IDEA Community Edition 2022.2\lib\idea_rt.jar=50111:D:\IntelliJ IDEA Community Edition 2022.2\bin -Dfile.encoding=UTF-8 
java_command: com.intellij.rt.testng.RemoteTestNGStarter -usedefaultlisteners false -socket50110 @w@C:\Users\Asus\AppData\Local\Temp\idea_working_dirs_testng3.tmp -temp C:\Users\Asus\AppData\Local\Temp\idea_testng6.tmp
java_class_path (initial): D:\IntelliJ IDEA Community Edition 2022.2\lib\idea_rt.jar;D:\IntelliJ IDEA Community Edition 2022.2\plugins\testng\lib\testng-rt.jar;C:\Users\Asus\Projects\TalentLMS_Fall2022\target\test-classes;C:\Users\Asus\Projects\TalentLMS_Fall2022\target\classes;C:\Users\Asus\.m2\repository\org\seleniumhq\selenium\selenium-java\4.8.0\selenium-java-4.8.0.jar;C:\Users\Asus\.m2\repository\org\seleniumhq\selenium\selenium-api\4.8.0\selenium-api-4.8.0.jar;C:\Users\Asus\.m2\repository\org\seleniumhq\selenium\selenium-chrome-driver\4.8.0\selenium-chrome-driver-4.8.0.jar;C:\Users\Asus\.m2\repository\com\google\auto\service\auto-service-annotations\1.0.1\auto-service-annotations-1.0.1.jar;C:\Users\Asus\.m2\repository\com\google\auto\service\auto-service\1.0.1\auto-service-1.0.1.jar;C:\Users\Asus\.m2\repository\com\google\auto\auto-common\1.2\auto-common-1.2.jar;C:\Users\Asus\.m2\repository\org\seleniumhq\selenium\selenium-chromium-driver\4.8.0\selenium-chromium-driver-4.8.0.jar;C:\Users\Asus\.m2\repository\org\seleniumhq\selenium\selenium-json\4.8.0\selenium-json-4.8.0.jar;C:\Users\Asus\.m2\repository\org\seleniumhq\selenium\selenium-devtools-v107\4.8.0\selenium-devtools-v107-4.8.0.jar;C:\Users\Asus\.m2\repository\org\seleniumhq\selenium\selenium-devtools-v108\4.8.0\selenium-devtools-v108-4.8.0.jar;C:\Users\Asus\.m2\repository\org\seleniumhq\selenium\selenium-devtools-v109\4.8.0\selenium-devtools-v109-4.8.0.jar;C:\Users\Asus\.m2\repository\org\seleniumhq\selenium\selenium-devtools-v85\4.8.0\selenium-devtools-v85-4.8.0.jar;C:\Users\Asus\.m2\repository\org\seleniumhq\selenium\selenium-edge-driver\4.8.0\selenium-edge-driver-4.8.0.jar;C:\Users\Asus\.m2\repository\org\seleniumhq\selenium\selenium-firefox-driver\4.8.0\selenium-firefox-driver-4.8.0.jar;C:\Users\Asus\.m2\repository\org\seleniumhq\selenium\selenium-http\4.8.0\selenium-http-4.8.0.jar;C:\Users\Asus\.m2\repository\dev\failsafe\failsafe\3.3.0\failsafe-3.3.0.jar;C:\Users\Asus\.m2\repository\org\seleniumh
Launcher Type: SUN_STANDARD

[Global flags]
     intx CICompilerCount                          = 12                                        {product} {ergonomic}
     uint ConcGCThreads                            = 3                                         {product} {ergonomic}
     uint G1ConcRefinementThreads                  = 13                                        {product} {ergonomic}
   size_t G1HeapRegionSize                         = 1048576                                   {product} {ergonomic}
    uintx GCDrainStackTargetSize                   = 64                                        {product} {ergonomic}
   size_t InitialHeapSize                          = 260046848                                 {product} {ergonomic}
   size_t MarkStackSize                            = 4194304                                   {product} {ergonomic}
   size_t MaxHeapSize                              = 4141875200                                {product} {ergonomic}
   size_t MaxNewSize                               = 2485125120                                {product} {ergonomic}
   size_t MinHeapDeltaBytes                        = 1048576                                   {product} {ergonomic}
    uintx NonNMethodCodeHeapSize                   = 7594288                                {pd product} {ergonomic}
    uintx NonProfiledCodeHeapSize                  = 122031976                              {pd product} {ergonomic}
    uintx ProfiledCodeHeapSize                     = 122031976                              {pd product} {ergonomic}
    uintx ReservedCodeCacheSize                    = 251658240                              {pd product} {ergonomic}
     bool SegmentedCodeCache                       = true                                      {product} {ergonomic}
     bool UseCompressedClassPointers               = true                                 {lp64_product} {ergonomic}
     bool UseCompressedOops                        = true                                 {lp64_product} {ergonomic}
     bool UseG1GC                                  = true                                      {product} {ergonomic}
     bool UseLargePagesIndividualAllocation        = false                                  {pd product} {ergonomic}

Logging:
Log output configuration:
 #0: stdout all=warning uptime,level,tags
 #1: stderr all=off uptime,level,tags

Environment Variables:
JAVA_HOME=C:\Program Files\Java\jdk-11.0.16.1
PATH=C:\Program Files\Common Files\Oracle\Java\javapath;C:\WINDOWS\system32;C:\WINDOWS;C:\WINDOWS\System32\Wbem;C:\WINDOWS\System32\WindowsPowerShell\v1.0\;C:\WINDOWS\System32\OpenSSH\;C:\Program Files\Git\cmd;C:\Program Files\Java\jdk-11.0.16.1\bin;C:\Program Files\apache-maven-4.0.0-alpha-3\bin;C:\Program Files\allure-2.20.0\allure-2.20.0\bin;C:\Users\Asus\AppData\Local\Microsoft\WindowsApps;;D:\IntelliJ IDEA Community Edition 2022.2\bin;;C:\Users\Asus\AppData\Local\Programs\Microsoft VS Code\bin
USERNAME=Asus
OS=Windows_NT
PROCESSOR_IDENTIFIER=AMD64 Family 23 Model 96 Stepping 1, AuthenticAMD



---------------  S Y S T E M  ---------------

OS: Windows 10 , 64 bit Build 19041 (10.0.19041.2364)

CPU:total 16 (initial active 16) (16 cores per cpu, 2 threads per core) family 23 model 96 stepping 1 microcode 0x0, cmov, cx8, fxsr, mmx, sse, sse2, sse3, ssse3, sse4.1, sse4.2, popcnt, avx, avx2, aes, clmul, mmxext, 3dnowpref, lzcnt, sse4a, ht, tsc, tscinvbit, tscinv, bmi1, bmi2, adx, 

Memory: 4k page, system-wide physical 15792M (6294M free)
TotalPageFile size 16592M (AvailPageFile size 4M)
current process WorkingSet (physical memory assigned to process): 483M, peak: 487M
current process commit charge ("private bytes"): 584M, peak: 590M

vm_info: Java HotSpot(TM) 64-Bit Server VM (11.0.16.1+1-LTS-1) for windows-amd64 JRE (11.0.16.1+1-LTS-1), built on Aug 16 2022 01:46:01 by "mach5one" with MS VC++ 15.9 (VS2017)

END.
