#
# There is insufficient memory for the Java Runtime Environment to continue.
# Native memory allocation (malloc) failed to allocate 1462576 bytes for Chunk::new
# Possible reasons:
#   The system is out of physical RAM or swap space
#   The process is running with CompressedOops enabled, and the Java Heap may be blocking the growth of the native heap
# Possible solutions:
#   Reduce memory load on the system
#   Increase physical memory or swap space
#   Check if swap backing store is full
#   Decrease Java heap size (-Xmx/-Xms)
#   Decrease number of Java threads
#   Decrease Java thread stack sizes (-Xss)
#   Set larger code cache with -XX:ReservedCodeCacheSize=
#   JVM is running with Zero Based Compressed Oops mode in which the Java heap is
#     placed in the first 32GB address space. The Java Heap base address is the
#     maximum limit for the native heap growth. Please use -XX:HeapBaseMinAddress
#     to set the Java Heap base and to place the Java Heap above 32GB virtual address.
# This output file may be truncated or incomplete.
#
#  Out of Memory Error (./open/src/hotspot/share/memory/arena.cpp:197), pid=9700, tid=15320
#
# JRE version: Java(TM) SE Runtime Environment 18.9 (11.0.16.1+1) (build 11.0.16.1+1-LTS-1)
# Java VM: Java HotSpot(TM) 64-Bit Server VM 18.9 (11.0.16.1+1-LTS-1, mixed mode, tiered, compressed oops, g1 gc, windows-amd64)
# No core dump will be written. Minidumps are not enabled by default on client versions of Windows
#

---------------  S U M M A R Y ------------

Command Line: -ea -javaagent:C:\Users\Asus\.m2\repository/org/aspectj/aspectjweaver/1.9.9.1/aspectjweaver-1.9.9.1.jar -Didea.test.cyclic.buffer.size=1048576 -javaagent:D:\IntelliJ IDEA Community Edition 2022.2\lib\idea_rt.jar=49166:D:\IntelliJ IDEA Community Edition 2022.2\bin -Dfile.encoding=UTF-8 com.intellij.rt.testng.RemoteTestNGStarter -usedefaultlisteners false -socket49165 @w@C:\Users\Asus\AppData\Local\Temp\idea_working_dirs_testng10.tmp -temp C:\Users\Asus\AppData\Local\Temp\idea_testng11.tmp

Host: AMD Ryzen 7 4800H with Radeon Graphics         , 16 cores, 15G,  Windows 10 , 64 bit Build 19041 (10.0.19041.2364)
Time: Wed Feb  8 22:19:14 2023  Windows 10 , 64 bit Build 19041 (10.0.19041.2364) elapsed time: 4.601578 seconds (0d 0h 0m 4s)

---------------  T H R E A D  ---------------

Current thread (0x000001ffe5bb1800):  JavaThread "C2 CompilerThread5" daemon [_thread_in_native, id=15320, stack(0x00000021c5700000,0x00000021c5800000)]


Current CompileTask:
C2:   4601 3802       4       org.aspectj.util.GenericSignatureParser::parseClassTypeSignature (291 bytes)

Stack: [0x00000021c5700000,0x00000021c5800000]
Native frames: (J=compiled Java code, j=interpreted, Vv=VM code, C=native code)
V  [jvm.dll+0x62a3da]
V  [jvm.dll+0x76407f]
V  [jvm.dll+0x765729]
V  [jvm.dll+0x765db3]
V  [jvm.dll+0x23dc18]
V  [jvm.dll+0xb2a1c]
V  [jvm.dll+0xb2fdc]
V  [jvm.dll+0x341497]
V  [jvm.dll+0x30ee03]
V  [jvm.dll+0x30e14a]
V  [jvm.dll+0x1f8685]
V  [jvm.dll+0x1f786d]
V  [jvm.dll+0x177c81]
V  [jvm.dll+0x207186]
V  [jvm.dll+0x20531b]
V  [jvm.dll+0x729f60]
V  [jvm.dll+0x722b34]
V  [jvm.dll+0x629276]
C  [ucrtbase.dll+0x21bb2]
C  [KERNEL32.DLL+0x17614]
C  [ntdll.dll+0x526a1]


---------------  P R O C E S S  ---------------

Threads class SMR info:
_java_thread_list=0x000001ffec021770, length=28, elements={
0x000001ffbfce1800, 0x000001ffe38a7800, 0x000001ffe38c9000, 0x000001ffe392a000,
0x000001ffe392c000, 0x000001ffe392f000, 0x000001ffe3938000, 0x000001ffe3941000,
0x000001ffe394d800, 0x000001ffe3ab4800, 0x000001ffe3947800, 0x000001ffe3943800,
0x000001ffe3946000, 0x000001ffe4d4f000, 0x000001ffe5bab800, 0x000001ffe5bae000,
0x000001ffe5baa000, 0x000001ffe5ba9000, 0x000001ffe5bb1800, 0x000001ffea1a1800,
0x000001ffee1ae800, 0x000001ffe5dce000, 0x000001ffedf75800, 0x000001ffe5b9e000,
0x000001ffe89c0000, 0x000001ffe7d13800, 0x000001ffebee1000, 0x000001ffec46a000
}

Java Threads: ( => current thread )
  0x000001ffbfce1800 JavaThread "Forwarding newSession on session null to remote" [_thread_in_Java, id=21368, stack(0x00000021c3a00000,0x00000021c3b00000)]
  0x000001ffe38a7800 JavaThread "Reference Handler" daemon [_thread_blocked, id=18052, stack(0x00000021c4100000,0x00000021c4200000)]
  0x000001ffe38c9000 JavaThread "Finalizer" daemon [_thread_blocked, id=16724, stack(0x00000021c4200000,0x00000021c4300000)]
  0x000001ffe392a000 JavaThread "Signal Dispatcher" daemon [_thread_blocked, id=17184, stack(0x00000021c4300000,0x00000021c4400000)]
  0x000001ffe392c000 JavaThread "Attach Listener" daemon [_thread_blocked, id=21100, stack(0x00000021c4400000,0x00000021c4500000)]
  0x000001ffe392f000 JavaThread "Service Thread" daemon [_thread_blocked, id=17192, stack(0x00000021c4500000,0x00000021c4600000)]
  0x000001ffe3938000 JavaThread "C2 CompilerThread0" daemon [_thread_blocked, id=15868, stack(0x00000021c4600000,0x00000021c4700000)]
  0x000001ffe3941000 JavaThread "C1 CompilerThread0" daemon [_thread_blocked, id=10812, stack(0x00000021c4700000,0x00000021c4800000)]
  0x000001ffe394d800 JavaThread "Sweeper thread" daemon [_thread_blocked, id=2096, stack(0x00000021c4800000,0x00000021c4900000)]
  0x000001ffe3ab4800 JavaThread "Common-Cleaner" daemon [_thread_blocked, id=18936, stack(0x00000021c4900000,0x00000021c4a00000)]
  0x000001ffe3947800 JavaThread "C1 CompilerThread1" daemon [_thread_blocked, id=9928, stack(0x00000021c4a00000,0x00000021c4b00000)]
  0x000001ffe3943800 JavaThread "C1 CompilerThread2" daemon [_thread_blocked, id=20968, stack(0x00000021c4b00000,0x00000021c4c00000)]
  0x000001ffe3946000 JavaThread "C1 CompilerThread3" daemon [_thread_blocked, id=4908, stack(0x00000021c5200000,0x00000021c5300000)]
  0x000001ffe4d4f000 JavaThread "Monitor Ctrl-Break" daemon [_thread_in_native, id=18888, stack(0x00000021c5300000,0x00000021c5400000)]
  0x000001ffe5bab800 JavaThread "C2 CompilerThread1" daemon [_thread_blocked, id=20248, stack(0x00000021c4c00000,0x00000021c4d00000)]
  0x000001ffe5bae000 JavaThread "C2 CompilerThread2" daemon [_thread_in_native, id=20740, stack(0x00000021c4d00000,0x00000021c4e00000)]
  0x000001ffe5baa000 JavaThread "C2 CompilerThread3" daemon [_thread_blocked, id=20200, stack(0x00000021c5500000,0x00000021c5600000)]
  0x000001ffe5ba9000 JavaThread "C2 CompilerThread4" daemon [_thread_blocked, id=6092, stack(0x00000021c5600000,0x00000021c5700000)]
=>0x000001ffe5bb1800 JavaThread "C2 CompilerThread5" daemon [_thread_in_native, id=15320, stack(0x00000021c5700000,0x00000021c5800000)]
  0x000001ffea1a1800 JavaThread "ForkJoinPool.commonPool-worker-19" daemon [_thread_blocked, id=18724, stack(0x00000021c5c00000,0x00000021c5d00000)]
  0x000001ffee1ae800 JavaThread "AsyncHttpClient-1-1" daemon [_thread_blocked, id=19636, stack(0x00000021c5d00000,0x00000021c5e00000)]
  0x000001ffe5dce000 JavaThread "Exec Default Executor" daemon [_thread_in_native, id=4776, stack(0x00000021c5b00000,0x00000021c5c00000)]
  0x000001ffedf75800 JavaThread "Exec Stream Pumper" daemon [_thread_in_native, id=11436, stack(0x00000021c5e00000,0x00000021c5f00000)]
  0x000001ffe5b9e000 JavaThread "Exec Stream Pumper" daemon [_thread_in_native, id=18328, stack(0x00000021c5f00000,0x00000021c6000000)]
  0x000001ffe89c0000 JavaThread "Driver Service Executor" daemon [_thread_blocked, id=10656, stack(0x00000021c6000000,0x00000021c6100000)]
  0x000001ffe7d13800 JavaThread "Driver Service Executor" daemon [_thread_blocked, id=13012, stack(0x00000021c6100000,0x00000021c6200000)]
  0x000001ffebee1000 JavaThread "UrlChecker-2" daemon [_thread_blocked, id=8772, stack(0x00000021c6200000,0x00000021c6300000)]
  0x000001ffec46a000 JavaThread "Keep-Alive-Timer" daemon [_thread_blocked, id=21172, stack(0x00000021c6400000,0x00000021c6500000)]

Other Threads:
  0x000001ffe38a5000 VMThread "VM Thread" [stack: 0x00000021c4000000,0x00000021c4100000] [id=7672]
  0x000001ffe4d3d000 WatcherThread [stack: 0x00000021c5400000,0x00000021c5500000] [id=9512]
  0x000001ffbfcf8000 GCTaskThread "GC Thread#0" [stack: 0x00000021c3b00000,0x00000021c3c00000] [id=10664]
  0x000001ffe441b800 GCTaskThread "GC Thread#1" [stack: 0x00000021c4e00000,0x00000021c4f00000] [id=4232]
  0x000001ffe4c08800 GCTaskThread "GC Thread#2" [stack: 0x00000021c4f00000,0x00000021c5000000] [id=20608]
  0x000001ffe40fe800 GCTaskThread "GC Thread#3" [stack: 0x00000021c5000000,0x00000021c5100000] [id=7984]
  0x000001ffe4411000 GCTaskThread "GC Thread#4" [stack: 0x00000021c5100000,0x00000021c5200000] [id=16136]
  0x000001ffbfd53000 ConcurrentGCThread "G1 Main Marker" [stack: 0x00000021c3c00000,0x00000021c3d00000] [id=19832]
  0x000001ffbfd55800 ConcurrentGCThread "G1 Conc#0" [stack: 0x00000021c3d00000,0x00000021c3e00000] [id=4244]
  0x000001ffe7d94000 ConcurrentGCThread "G1 Conc#1" [stack: 0x00000021c5900000,0x00000021c5a00000] [id=14148]
  0x000001ffe6402000 ConcurrentGCThread "G1 Conc#2" [stack: 0x00000021c5a00000,0x00000021c5b00000] [id=10892]
  0x000001ffe2efa000 ConcurrentGCThread "G1 Refine#0" [stack: 0x00000021c3e00000,0x00000021c3f00000] [id=19744]
  0x000001ffe2efb000 ConcurrentGCThread "G1 Young RemSet Sampling" [stack: 0x00000021c3f00000,0x00000021c4000000] [id=5108]

Threads with active compile tasks:
C2 CompilerThread2     4619 3798       4       java.net.URLStreamHandler::parseURL (1201 bytes)
C2 CompilerThread5     4619 3802       4       org.aspectj.util.GenericSignatureParser::parseClassTypeSignature (291 bytes)

VM state:not at safepoint (normal execution)

VM Mutex/Monitor currently owned by a thread: None

Heap address: 0x0000000709200000, size: 3950 MB, Compressed Oops mode: Zero based, Oop shift amount: 3
Narrow klass base: 0x0000000800000000, Narrow klass shift: 0
Compressed class space size: 1073741824 Address: 0x0000000800000000

Heap:
 garbage-first heap   total 253952K, used 52825K [0x0000000709200000, 0x0000000800000000)
  region size 1024K, 20 young (20480K), 15 survivors (15360K)
 Metaspace       used 34994K, capacity 35739K, committed 35840K, reserved 1081344K
  class space    used 3728K, capacity 4045K, committed 4096K, reserved 1048576K
Heap Regions: E=young(eden), S=young(survivor), O=old, HS=humongous(starts), HC=humongous(continues), CS=collection set, F=free, A=archive, TAMS=top-at-mark-start (previous, next)
|   0|0x0000000709200000, 0x0000000709300000, 0x0000000709300000|100%| O|  |TAMS 0x0000000709300000, 0x0000000709200000| Untracked 
|   1|0x0000000709300000, 0x0000000709400000, 0x0000000709400000|100%| O|  |TAMS 0x0000000709400000, 0x0000000709300000| Untracked 
|   2|0x0000000709400000, 0x0000000709500000, 0x0000000709500000|100%| O|  |TAMS 0x0000000709500000, 0x0000000709400000| Untracked 
|   3|0x0000000709500000, 0x0000000709600000, 0x0000000709600000|100%| O|  |TAMS 0x0000000709600000, 0x0000000709500000| Untracked 
|   4|0x0000000709600000, 0x0000000709700000, 0x0000000709700000|100%| O|  |TAMS 0x0000000709700000, 0x0000000709600000| Untracked 
|   5|0x0000000709700000, 0x0000000709800000, 0x0000000709800000|100%| O|  |TAMS 0x0000000709800000, 0x0000000709700000| Untracked 
|   6|0x0000000709800000, 0x0000000709900000, 0x0000000709900000|100%| O|  |TAMS 0x0000000709900000, 0x0000000709800000| Untracked 
|   7|0x0000000709900000, 0x0000000709a00000, 0x0000000709a00000|100%| O|  |TAMS 0x0000000709a00000, 0x0000000709900000| Untracked 
|   8|0x0000000709a00000, 0x0000000709b00000, 0x0000000709b00000|100%| O|  |TAMS 0x0000000709b00000, 0x0000000709a00000| Untracked 
|   9|0x0000000709b00000, 0x0000000709c00000, 0x0000000709c00000|100%| O|  |TAMS 0x0000000709c00000, 0x0000000709b00000| Untracked 
|  10|0x0000000709c00000, 0x0000000709d00000, 0x0000000709d00000|100%| O|  |TAMS 0x0000000709d00000, 0x0000000709c00000| Untracked 
|  11|0x0000000709d00000, 0x0000000709e00000, 0x0000000709e00000|100%| O|  |TAMS 0x0000000709e00000, 0x0000000709d00000| Untracked 
|  12|0x0000000709e00000, 0x0000000709f00000, 0x0000000709f00000|100%| O|  |TAMS 0x0000000709f00000, 0x0000000709e00000| Untracked 
|  13|0x0000000709f00000, 0x000000070a000000, 0x000000070a000000|100%| O|  |TAMS 0x000000070a000000, 0x0000000709f00000| Untracked 
|  14|0x000000070a000000, 0x000000070a100000, 0x000000070a100000|100%| O|  |TAMS 0x000000070a100000, 0x000000070a000000| Untracked 
|  15|0x000000070a100000, 0x000000070a200000, 0x000000070a200000|100%| O|  |TAMS 0x000000070a200000, 0x000000070a100000| Untracked 
|  16|0x000000070a200000, 0x000000070a300000, 0x000000070a300000|100%| O|  |TAMS 0x000000070a300000, 0x000000070a200000| Untracked 
|  17|0x000000070a300000, 0x000000070a400000, 0x000000070a400000|100%| O|  |TAMS 0x000000070a400000, 0x000000070a300000| Untracked 
|  18|0x000000070a400000, 0x000000070a500000, 0x000000070a500000|100%| O|  |TAMS 0x000000070a500000, 0x000000070a400000| Untracked 
|  19|0x000000070a500000, 0x000000070a600000, 0x000000070a600000|100%| O|  |TAMS 0x000000070a600000, 0x000000070a500000| Untracked 
|  20|0x000000070a600000, 0x000000070a700000, 0x000000070a700000|100%| O|  |TAMS 0x000000070a700000, 0x000000070a600000| Untracked 
|  21|0x000000070a700000, 0x000000070a800000, 0x000000070a800000|100%| O|  |TAMS 0x000000070a800000, 0x000000070a700000| Untracked 
|  22|0x000000070a800000, 0x000000070a900000, 0x000000070a900000|100%| O|  |TAMS 0x000000070a900000, 0x000000070a800000| Untracked 
|  23|0x000000070a900000, 0x000000070aa00000, 0x000000070aa00000|100%| O|  |TAMS 0x000000070a95aa00, 0x000000070a900000| Untracked 
|  24|0x000000070aa00000, 0x000000070ab00000, 0x000000070ab00000|100%| O|  |TAMS 0x000000070aa00000, 0x000000070aa00000| Untracked 
|  25|0x000000070ab00000, 0x000000070ac00000, 0x000000070ac00000|100%| O|  |TAMS 0x000000070ab00000, 0x000000070ab00000| Untracked 
|  26|0x000000070ac00000, 0x000000070ad00000, 0x000000070ad00000|100%| O|  |TAMS 0x000000070ac00000, 0x000000070ac00000| Untracked 
|  27|0x000000070ad00000, 0x000000070ae00000, 0x000000070ae00000|100%| O|  |TAMS 0x000000070ad00000, 0x000000070ad00000| Untracked 
|  28|0x000000070ae00000, 0x000000070af00000, 0x000000070af00000|100%| O|  |TAMS 0x000000070ae00000, 0x000000070ae00000| Untracked 
|  29|0x000000070af00000, 0x000000070b000000, 0x000000070b000000|100%| O|  |TAMS 0x000000070af00000, 0x000000070af00000| Untracked 
|  30|0x000000070b000000, 0x000000070b100000, 0x000000070b100000|100%| O|  |TAMS 0x000000070b000000, 0x000000070b000000| Untracked 
|  31|0x000000070b100000, 0x000000070b200000, 0x000000070b200000|100%| O|  |TAMS 0x000000070b100000, 0x000000070b100000| Untracked 
|  32|0x000000070b200000, 0x000000070b296600, 0x000000070b300000| 58%| O|  |TAMS 0x000000070b200000, 0x000000070b200000| Untracked 
|  33|0x000000070b300000, 0x000000070b300000, 0x000000070b400000|  0%| F|  |TAMS 0x000000070b300000, 0x000000070b300000| Untracked 
|  34|0x000000070b400000, 0x000000070b400000, 0x000000070b500000|  0%| F|  |TAMS 0x000000070b400000, 0x000000070b400000| Untracked 
|  35|0x000000070b500000, 0x000000070b500000, 0x000000070b600000|  0%| F|  |TAMS 0x000000070b500000, 0x000000070b500000| Untracked 
|  36|0x000000070b600000, 0x000000070b600000, 0x000000070b700000|  0%| F|  |TAMS 0x000000070b600000, 0x000000070b600000| Untracked 
|  37|0x000000070b700000, 0x000000070b700000, 0x000000070b800000|  0%| F|  |TAMS 0x000000070b700000, 0x000000070b700000| Untracked 
|  38|0x000000070b800000, 0x000000070b800000, 0x000000070b900000|  0%| F|  |TAMS 0x000000070b800000, 0x000000070b800000| Untracked 
|  39|0x000000070b900000, 0x000000070b900000, 0x000000070ba00000|  0%| F|  |TAMS 0x000000070b900000, 0x000000070b900000| Untracked 
|  40|0x000000070ba00000, 0x000000070ba00000, 0x000000070bb00000|  0%| F|  |TAMS 0x000000070ba00000, 0x000000070ba00000| Untracked 
|  41|0x000000070bb00000, 0x000000070bb00000, 0x000000070bc00000|  0%| F|  |TAMS 0x000000070bb00000, 0x000000070bb00000| Untracked 
|  42|0x000000070bc00000, 0x000000070bc00000, 0x000000070bd00000|  0%| F|  |TAMS 0x000000070bc00000, 0x000000070bc00000| Untracked 
|  43|0x000000070bd00000, 0x000000070bd00000, 0x000000070be00000|  0%| F|  |TAMS 0x000000070bd00000, 0x000000070bd00000| Untracked 
|  44|0x000000070be00000, 0x000000070be00000, 0x000000070bf00000|  0%| F|  |TAMS 0x000000070be00000, 0x000000070be00000| Untracked 
|  45|0x000000070bf00000, 0x000000070bf00000, 0x000000070c000000|  0%| F|  |TAMS 0x000000070bf00000, 0x000000070bf00000| Untracked 
|  46|0x000000070c000000, 0x000000070c000000, 0x000000070c100000|  0%| F|  |TAMS 0x000000070c000000, 0x000000070c000000| Untracked 
|  47|0x000000070c100000, 0x000000070c100000, 0x000000070c200000|  0%| F|  |TAMS 0x000000070c100000, 0x000000070c100000| Untracked 
|  48|0x000000070c200000, 0x000000070c200000, 0x000000070c300000|  0%| F|  |TAMS 0x000000070c200000, 0x000000070c200000| Untracked 
|  49|0x000000070c300000, 0x000000070c300000, 0x000000070c400000|  0%| F|  |TAMS 0x000000070c300000, 0x000000070c300000| Untracked 
|  50|0x000000070c400000, 0x000000070c400000, 0x000000070c500000|  0%| F|  |TAMS 0x000000070c400000, 0x000000070c400000| Untracked 
|  51|0x000000070c500000, 0x000000070c500000, 0x000000070c600000|  0%| F|  |TAMS 0x000000070c500000, 0x000000070c500000| Untracked 
|  52|0x000000070c600000, 0x000000070c600000, 0x000000070c700000|  0%| F|  |TAMS 0x000000070c600000, 0x000000070c600000| Untracked 
|  53|0x000000070c700000, 0x000000070c700000, 0x000000070c800000|  0%| F|  |TAMS 0x000000070c700000, 0x000000070c700000| Untracked 
|  54|0x000000070c800000, 0x000000070c800000, 0x000000070c900000|  0%| F|  |TAMS 0x000000070c800000, 0x000000070c800000| Untracked 
|  55|0x000000070c900000, 0x000000070c900000, 0x000000070ca00000|  0%| F|  |TAMS 0x000000070c900000, 0x000000070c900000| Untracked 
|  56|0x000000070ca00000, 0x000000070ca00000, 0x000000070cb00000|  0%| F|  |TAMS 0x000000070ca00000, 0x000000070ca00000| Untracked 
|  57|0x000000070cb00000, 0x000000070cb00000, 0x000000070cc00000|  0%| F|  |TAMS 0x000000070cb00000, 0x000000070cb00000| Untracked 
|  58|0x000000070cc00000, 0x000000070cc00000, 0x000000070cd00000|  0%| F|  |TAMS 0x000000070cc00000, 0x000000070cc00000| Untracked 
|  59|0x000000070cd00000, 0x000000070cd00000, 0x000000070ce00000|  0%| F|  |TAMS 0x000000070cd00000, 0x000000070cd00000| Untracked 
|  60|0x000000070ce00000, 0x000000070ce00000, 0x000000070cf00000|  0%| F|  |TAMS 0x000000070ce00000, 0x000000070ce00000| Untracked 
|  61|0x000000070cf00000, 0x000000070cf00000, 0x000000070d000000|  0%| F|  |TAMS 0x000000070cf00000, 0x000000070cf00000| Untracked 
|  62|0x000000070d000000, 0x000000070d000000, 0x000000070d100000|  0%| F|  |TAMS 0x000000070d000000, 0x000000070d000000| Untracked 
|  63|0x000000070d100000, 0x000000070d100000, 0x000000070d200000|  0%| F|  |TAMS 0x000000070d100000, 0x000000070d100000| Untracked 
|  64|0x000000070d200000, 0x000000070d200000, 0x000000070d300000|  0%| F|  |TAMS 0x000000070d200000, 0x000000070d200000| Untracked 
|  65|0x000000070d300000, 0x000000070d300000, 0x000000070d400000|  0%| F|  |TAMS 0x000000070d300000, 0x000000070d300000| Untracked 
|  66|0x000000070d400000, 0x000000070d400000, 0x000000070d500000|  0%| F|  |TAMS 0x000000070d400000, 0x000000070d400000| Untracked 
|  67|0x000000070d500000, 0x000000070d500000, 0x000000070d600000|  0%| F|  |TAMS 0x000000070d500000, 0x000000070d500000| Untracked 
|  68|0x000000070d600000, 0x000000070d600000, 0x000000070d700000|  0%| F|  |TAMS 0x000000070d600000, 0x000000070d600000| Untracked 
|  69|0x000000070d700000, 0x000000070d700000, 0x000000070d800000|  0%| F|  |TAMS 0x000000070d700000, 0x000000070d700000| Untracked 
|  70|0x000000070d800000, 0x000000070d800000, 0x000000070d900000|  0%| F|  |TAMS 0x000000070d800000, 0x000000070d800000| Untracked 
|  71|0x000000070d900000, 0x000000070d900000, 0x000000070da00000|  0%| F|  |TAMS 0x000000070d900000, 0x000000070d900000| Untracked 
|  72|0x000000070da00000, 0x000000070da00000, 0x000000070db00000|  0%| F|  |TAMS 0x000000070da00000, 0x000000070da00000| Untracked 
|  73|0x000000070db00000, 0x000000070db00000, 0x000000070dc00000|  0%| F|  |TAMS 0x000000070db00000, 0x000000070db00000| Untracked 
|  74|0x000000070dc00000, 0x000000070dc00000, 0x000000070dd00000|  0%| F|  |TAMS 0x000000070dc00000, 0x000000070dc00000| Untracked 
|  75|0x000000070dd00000, 0x000000070dd00000, 0x000000070de00000|  0%| F|  |TAMS 0x000000070dd00000, 0x000000070dd00000| Untracked 
|  76|0x000000070de00000, 0x000000070de00000, 0x000000070df00000|  0%| F|  |TAMS 0x000000070de00000, 0x000000070de00000| Untracked 
|  77|0x000000070df00000, 0x000000070df00000, 0x000000070e000000|  0%| F|  |TAMS 0x000000070df00000, 0x000000070df00000| Untracked 
|  78|0x000000070e000000, 0x000000070e000000, 0x000000070e100000|  0%| F|  |TAMS 0x000000070e000000, 0x000000070e000000| Untracked 
|  79|0x000000070e100000, 0x000000070e100000, 0x000000070e200000|  0%| F|  |TAMS 0x000000070e100000, 0x000000070e100000| Untracked 
|  80|0x000000070e200000, 0x000000070e200000, 0x000000070e300000|  0%| F|  |TAMS 0x000000070e200000, 0x000000070e200000| Untracked 
|  81|0x000000070e300000, 0x000000070e300000, 0x000000070e400000|  0%| F|  |TAMS 0x000000070e300000, 0x000000070e300000| Untracked 
|  82|0x000000070e400000, 0x000000070e400000, 0x000000070e500000|  0%| F|  |TAMS 0x000000070e400000, 0x000000070e400000| Untracked 
|  83|0x000000070e500000, 0x000000070e500000, 0x000000070e600000|  0%| F|  |TAMS 0x000000070e500000, 0x000000070e500000| Untracked 
|  84|0x000000070e600000, 0x000000070e600000, 0x000000070e700000|  0%| F|  |TAMS 0x000000070e600000, 0x000000070e600000| Untracked 
|  85|0x000000070e700000, 0x000000070e700000, 0x000000070e800000|  0%| F|  |TAMS 0x000000070e700000, 0x000000070e700000| Untracked 
|  86|0x000000070e800000, 0x000000070e800000, 0x000000070e900000|  0%| F|  |TAMS 0x000000070e800000, 0x000000070e800000| Untracked 
|  87|0x000000070e900000, 0x000000070e900000, 0x000000070ea00000|  0%| F|  |TAMS 0x000000070e900000, 0x000000070e900000| Untracked 
|  88|0x000000070ea00000, 0x000000070ea00000, 0x000000070eb00000|  0%| F|  |TAMS 0x000000070ea00000, 0x000000070ea00000| Untracked 
|  89|0x000000070eb00000, 0x000000070eb00000, 0x000000070ec00000|  0%| F|  |TAMS 0x000000070eb00000, 0x000000070eb00000| Untracked 
|  90|0x000000070ec00000, 0x000000070ec00000, 0x000000070ed00000|  0%| F|  |TAMS 0x000000070ec00000, 0x000000070ec00000| Untracked 
|  91|0x000000070ed00000, 0x000000070ed00000, 0x000000070ee00000|  0%| F|  |TAMS 0x000000070ed00000, 0x000000070ed00000| Untracked 
|  92|0x000000070ee00000, 0x000000070ee00000, 0x000000070ef00000|  0%| F|  |TAMS 0x000000070ee00000, 0x000000070ee00000| Untracked 
|  93|0x000000070ef00000, 0x000000070ef00000, 0x000000070f000000|  0%| F|  |TAMS 0x000000070ef00000, 0x000000070ef00000| Untracked 
|  94|0x000000070f000000, 0x000000070f000000, 0x000000070f100000|  0%| F|  |TAMS 0x000000070f000000, 0x000000070f000000| Untracked 
|  95|0x000000070f100000, 0x000000070f100000, 0x000000070f200000|  0%| F|  |TAMS 0x000000070f100000, 0x000000070f100000| Untracked 
|  96|0x000000070f200000, 0x000000070f200000, 0x000000070f300000|  0%| F|  |TAMS 0x000000070f200000, 0x000000070f200000| Untracked 
|  97|0x000000070f300000, 0x000000070f300000, 0x000000070f400000|  0%| F|  |TAMS 0x000000070f300000, 0x000000070f300000| Untracked 
|  98|0x000000070f400000, 0x000000070f400000, 0x000000070f500000|  0%| F|  |TAMS 0x000000070f400000, 0x000000070f400000| Untracked 
|  99|0x000000070f500000, 0x000000070f500000, 0x000000070f600000|  0%| F|  |TAMS 0x000000070f500000, 0x000000070f500000| Untracked 
| 100|0x000000070f600000, 0x000000070f600000, 0x000000070f700000|  0%| F|  |TAMS 0x000000070f600000, 0x000000070f600000| Untracked 
| 101|0x000000070f700000, 0x000000070f700000, 0x000000070f800000|  0%| F|  |TAMS 0x000000070f700000, 0x000000070f700000| Untracked 
| 102|0x000000070f800000, 0x000000070f800000, 0x000000070f900000|  0%| F|  |TAMS 0x000000070f800000, 0x000000070f800000| Untracked 
| 103|0x000000070f900000, 0x000000070f900000, 0x000000070fa00000|  0%| F|  |TAMS 0x000000070f900000, 0x000000070f900000| Untracked 
| 104|0x000000070fa00000, 0x000000070fa00000, 0x000000070fb00000|  0%| F|  |TAMS 0x000000070fa00000, 0x000000070fa00000| Untracked 
| 105|0x000000070fb00000, 0x000000070fb00000, 0x000000070fc00000|  0%| F|  |TAMS 0x000000070fb00000, 0x000000070fb00000| Untracked 
| 106|0x000000070fc00000, 0x000000070fc00000, 0x000000070fd00000|  0%| F|  |TAMS 0x000000070fc00000, 0x000000070fc00000| Untracked 
| 107|0x000000070fd00000, 0x000000070fd00000, 0x000000070fe00000|  0%| F|  |TAMS 0x000000070fd00000, 0x000000070fd00000| Untracked 
| 108|0x000000070fe00000, 0x000000070fe00000, 0x000000070ff00000|  0%| F|  |TAMS 0x000000070fe00000, 0x000000070fe00000| Untracked 
| 109|0x000000070ff00000, 0x000000070ff00000, 0x0000000710000000|  0%| F|  |TAMS 0x000000070ff00000, 0x000000070ff00000| Untracked 
| 110|0x0000000710000000, 0x0000000710000000, 0x0000000710100000|  0%| F|  |TAMS 0x0000000710000000, 0x0000000710000000| Untracked 
| 111|0x0000000710100000, 0x0000000710100000, 0x0000000710200000|  0%| F|  |TAMS 0x0000000710100000, 0x0000000710100000| Untracked 
| 112|0x0000000710200000, 0x0000000710200000, 0x0000000710300000|  0%| F|  |TAMS 0x0000000710200000, 0x0000000710200000| Untracked 
| 113|0x0000000710300000, 0x0000000710300000, 0x0000000710400000|  0%| F|  |TAMS 0x0000000710300000, 0x0000000710300000| Untracked 
| 114|0x0000000710400000, 0x0000000710500000, 0x0000000710500000|100%| S|CS|TAMS 0x0000000710400000, 0x0000000710400000| Complete 
| 115|0x0000000710500000, 0x0000000710600000, 0x0000000710600000|100%| S|CS|TAMS 0x0000000710500000, 0x0000000710500000| Complete 
| 116|0x0000000710600000, 0x0000000710700000, 0x0000000710700000|100%| S|CS|TAMS 0x0000000710600000, 0x0000000710600000| Complete 
| 117|0x0000000710700000, 0x0000000710800000, 0x0000000710800000|100%| S|CS|TAMS 0x0000000710700000, 0x0000000710700000| Complete 
| 118|0x0000000710800000, 0x0000000710900000, 0x0000000710900000|100%| S|CS|TAMS 0x0000000710800000, 0x0000000710800000| Complete 
| 119|0x0000000710900000, 0x0000000710a00000, 0x0000000710a00000|100%| S|CS|TAMS 0x0000000710900000, 0x0000000710900000| Complete 
| 120|0x0000000710a00000, 0x0000000710b00000, 0x0000000710b00000|100%| S|CS|TAMS 0x0000000710a00000, 0x0000000710a00000| Complete 
| 121|0x0000000710b00000, 0x0000000710c00000, 0x0000000710c00000|100%| S|CS|TAMS 0x0000000710b00000, 0x0000000710b00000| Complete 
| 122|0x0000000710c00000, 0x0000000710d00000, 0x0000000710d00000|100%| S|CS|TAMS 0x0000000710c00000, 0x0000000710c00000| Complete 
| 123|0x0000000710d00000, 0x0000000710e00000, 0x0000000710e00000|100%| S|CS|TAMS 0x0000000710d00000, 0x0000000710d00000| Complete 
| 124|0x0000000710e00000, 0x0000000710f00000, 0x0000000710f00000|100%| S|CS|TAMS 0x0000000710e00000, 0x0000000710e00000| Complete 
| 125|0x0000000710f00000, 0x0000000711000000, 0x0000000711000000|100%| S|CS|TAMS 0x0000000710f00000, 0x0000000710f00000| Complete 
| 126|0x0000000711000000, 0x0000000711100000, 0x0000000711100000|100%| S|CS|TAMS 0x0000000711000000, 0x0000000711000000| Complete 
| 127|0x0000000711100000, 0x0000000711200000, 0x0000000711200000|100%| S|CS|TAMS 0x0000000711100000, 0x0000000711100000| Complete 
| 128|0x0000000711200000, 0x0000000711300000, 0x0000000711300000|100%| S|CS|TAMS 0x0000000711200000, 0x0000000711200000| Complete 
| 129|0x0000000711300000, 0x0000000711300000, 0x0000000711400000|  0%| F|  |TAMS 0x0000000711300000, 0x0000000711300000| Untracked 
| 130|0x0000000711400000, 0x0000000711400000, 0x0000000711500000|  0%| F|  |TAMS 0x0000000711400000, 0x0000000711400000| Untracked 
| 131|0x0000000711500000, 0x0000000711500000, 0x0000000711600000|  0%| F|  |TAMS 0x0000000711500000, 0x0000000711500000| Untracked 
| 132|0x0000000711600000, 0x0000000711600000, 0x0000000711700000|  0%| F|  |TAMS 0x0000000711600000, 0x0000000711600000| Untracked 
| 133|0x0000000711700000, 0x0000000711700000, 0x0000000711800000|  0%| F|  |TAMS 0x0000000711700000, 0x0000000711700000| Untracked 
| 134|0x0000000711800000, 0x0000000711800000, 0x0000000711900000|  0%| F|  |TAMS 0x0000000711800000, 0x0000000711800000| Untracked 
| 135|0x0000000711900000, 0x0000000711900000, 0x0000000711a00000|  0%| F|  |TAMS 0x0000000711900000, 0x0000000711900000| Untracked 
| 136|0x0000000711a00000, 0x0000000711a00000, 0x0000000711b00000|  0%| F|  |TAMS 0x0000000711a00000, 0x0000000711a00000| Untracked 
| 137|0x0000000711b00000, 0x0000000711b00000, 0x0000000711c00000|  0%| F|  |TAMS 0x0000000711b00000, 0x0000000711b00000| Untracked 
| 138|0x0000000711c00000, 0x0000000711c00000, 0x0000000711d00000|  0%| F|  |TAMS 0x0000000711c00000, 0x0000000711c00000| Untracked 
| 139|0x0000000711d00000, 0x0000000711d00000, 0x0000000711e00000|  0%| F|  |TAMS 0x0000000711d00000, 0x0000000711d00000| Untracked 
| 140|0x0000000711e00000, 0x0000000711e00000, 0x0000000711f00000|  0%| F|  |TAMS 0x0000000711e00000, 0x0000000711e00000| Untracked 
| 141|0x0000000711f00000, 0x0000000711f00000, 0x0000000712000000|  0%| F|  |TAMS 0x0000000711f00000, 0x0000000711f00000| Untracked 
| 142|0x0000000712000000, 0x0000000712000000, 0x0000000712100000|  0%| F|  |TAMS 0x0000000712000000, 0x0000000712000000| Untracked 
| 143|0x0000000712100000, 0x0000000712100000, 0x0000000712200000|  0%| F|  |TAMS 0x0000000712100000, 0x0000000712100000| Untracked 
| 144|0x0000000712200000, 0x0000000712200000, 0x0000000712300000|  0%| F|  |TAMS 0x0000000712200000, 0x0000000712200000| Untracked 
| 145|0x0000000712300000, 0x0000000712300000, 0x0000000712400000|  0%| F|  |TAMS 0x0000000712300000, 0x0000000712300000| Untracked 
| 146|0x0000000712400000, 0x0000000712400000, 0x0000000712500000|  0%| F|  |TAMS 0x0000000712400000, 0x0000000712400000| Untracked 
| 147|0x0000000712500000, 0x0000000712500000, 0x0000000712600000|  0%| F|  |TAMS 0x0000000712500000, 0x0000000712500000| Untracked 
| 148|0x0000000712600000, 0x0000000712600000, 0x0000000712700000|  0%| F|  |TAMS 0x0000000712600000, 0x0000000712600000| Untracked 
| 149|0x0000000712700000, 0x0000000712700000, 0x0000000712800000|  0%| F|  |TAMS 0x0000000712700000, 0x0000000712700000| Untracked 
| 150|0x0000000712800000, 0x0000000712800000, 0x0000000712900000|  0%| F|  |TAMS 0x0000000712800000, 0x0000000712800000| Untracked 
| 151|0x0000000712900000, 0x0000000712900000, 0x0000000712a00000|  0%| F|  |TAMS 0x0000000712900000, 0x0000000712900000| Untracked 
| 152|0x0000000712a00000, 0x0000000712a00000, 0x0000000712b00000|  0%| F|  |TAMS 0x0000000712a00000, 0x0000000712a00000| Untracked 
| 153|0x0000000712b00000, 0x0000000712b00000, 0x0000000712c00000|  0%| F|  |TAMS 0x0000000712b00000, 0x0000000712b00000| Untracked 
| 154|0x0000000712c00000, 0x0000000712c00000, 0x0000000712d00000|  0%| F|  |TAMS 0x0000000712c00000, 0x0000000712c00000| Untracked 
| 155|0x0000000712d00000, 0x0000000712d00000, 0x0000000712e00000|  0%| F|  |TAMS 0x0000000712d00000, 0x0000000712d00000| Untracked 
| 156|0x0000000712e00000, 0x0000000712e00000, 0x0000000712f00000|  0%| F|  |TAMS 0x0000000712e00000, 0x0000000712e00000| Untracked 
| 157|0x0000000712f00000, 0x0000000712f00000, 0x0000000713000000|  0%| F|  |TAMS 0x0000000712f00000, 0x0000000712f00000| Untracked 
| 158|0x0000000713000000, 0x0000000713000000, 0x0000000713100000|  0%| F|  |TAMS 0x0000000713000000, 0x0000000713000000| Untracked 
| 159|0x0000000713100000, 0x0000000713100000, 0x0000000713200000|  0%| F|  |TAMS 0x0000000713100000, 0x0000000713100000| Untracked 
| 160|0x0000000713200000, 0x0000000713200000, 0x0000000713300000|  0%| F|  |TAMS 0x0000000713200000, 0x0000000713200000| Untracked 
| 161|0x0000000713300000, 0x0000000713300000, 0x0000000713400000|  0%| F|  |TAMS 0x0000000713300000, 0x0000000713300000| Untracked 
| 162|0x0000000713400000, 0x0000000713400000, 0x0000000713500000|  0%| F|  |TAMS 0x0000000713400000, 0x0000000713400000| Untracked 
| 163|0x0000000713500000, 0x0000000713500000, 0x0000000713600000|  0%| F|  |TAMS 0x0000000713500000, 0x0000000713500000| Untracked 
| 164|0x0000000713600000, 0x0000000713600000, 0x0000000713700000|  0%| F|  |TAMS 0x0000000713600000, 0x0000000713600000| Untracked 
| 165|0x0000000713700000, 0x0000000713700000, 0x0000000713800000|  0%| F|  |TAMS 0x0000000713700000, 0x0000000713700000| Untracked 
| 166|0x0000000713800000, 0x0000000713800000, 0x0000000713900000|  0%| F|  |TAMS 0x0000000713800000, 0x0000000713800000| Untracked 
| 167|0x0000000713900000, 0x0000000713900000, 0x0000000713a00000|  0%| F|  |TAMS 0x0000000713900000, 0x0000000713900000| Untracked 
| 168|0x0000000713a00000, 0x0000000713a00000, 0x0000000713b00000|  0%| F|  |TAMS 0x0000000713a00000, 0x0000000713a00000| Untracked 
| 169|0x0000000713b00000, 0x0000000713b00000, 0x0000000713c00000|  0%| F|  |TAMS 0x0000000713b00000, 0x0000000713b00000| Untracked 
| 170|0x0000000713c00000, 0x0000000713c00000, 0x0000000713d00000|  0%| F|  |TAMS 0x0000000713c00000, 0x0000000713c00000| Untracked 
| 171|0x0000000713d00000, 0x0000000713d00000, 0x0000000713e00000|  0%| F|  |TAMS 0x0000000713d00000, 0x0000000713d00000| Untracked 
| 172|0x0000000713e00000, 0x0000000713e00000, 0x0000000713f00000|  0%| F|  |TAMS 0x0000000713e00000, 0x0000000713e00000| Untracked 
| 173|0x0000000713f00000, 0x0000000713f00000, 0x0000000714000000|  0%| F|  |TAMS 0x0000000713f00000, 0x0000000713f00000| Untracked 
| 174|0x0000000714000000, 0x0000000714000000, 0x0000000714100000|  0%| F|  |TAMS 0x0000000714000000, 0x0000000714000000| Untracked 
| 175|0x0000000714100000, 0x0000000714100000, 0x0000000714200000|  0%| F|  |TAMS 0x0000000714100000, 0x0000000714100000| Untracked 
| 176|0x0000000714200000, 0x0000000714200000, 0x0000000714300000|  0%| F|  |TAMS 0x0000000714200000, 0x0000000714200000| Untracked 
| 177|0x0000000714300000, 0x0000000714300000, 0x0000000714400000|  0%| F|  |TAMS 0x0000000714300000, 0x0000000714300000| Untracked 
| 178|0x0000000714400000, 0x0000000714400000, 0x0000000714500000|  0%| F|  |TAMS 0x0000000714400000, 0x0000000714400000| Untracked 
| 179|0x0000000714500000, 0x0000000714500000, 0x0000000714600000|  0%| F|  |TAMS 0x0000000714500000, 0x0000000714500000| Untracked 
| 180|0x0000000714600000, 0x0000000714600000, 0x0000000714700000|  0%| F|  |TAMS 0x0000000714600000, 0x0000000714600000| Untracked 
| 181|0x0000000714700000, 0x0000000714700000, 0x0000000714800000|  0%| F|  |TAMS 0x0000000714700000, 0x0000000714700000| Untracked 
| 182|0x0000000714800000, 0x0000000714800000, 0x0000000714900000|  0%| F|  |TAMS 0x0000000714800000, 0x0000000714800000| Untracked 
| 183|0x0000000714900000, 0x0000000714900000, 0x0000000714a00000|  0%| F|  |TAMS 0x0000000714900000, 0x0000000714900000| Untracked 
| 184|0x0000000714a00000, 0x0000000714a00000, 0x0000000714b00000|  0%| F|  |TAMS 0x0000000714a00000, 0x0000000714a00000| Untracked 
| 185|0x0000000714b00000, 0x0000000714b00000, 0x0000000714c00000|  0%| F|  |TAMS 0x0000000714b00000, 0x0000000714b00000| Untracked 
| 186|0x0000000714c00000, 0x0000000714c00000, 0x0000000714d00000|  0%| F|  |TAMS 0x0000000714c00000, 0x0000000714c00000| Untracked 
| 187|0x0000000714d00000, 0x0000000714d00000, 0x0000000714e00000|  0%| F|  |TAMS 0x0000000714d00000, 0x0000000714d00000| Untracked 
| 188|0x0000000714e00000, 0x0000000714e00000, 0x0000000714f00000|  0%| F|  |TAMS 0x0000000714e00000, 0x0000000714e00000| Untracked 
| 189|0x0000000714f00000, 0x0000000714f00000, 0x0000000715000000|  0%| F|  |TAMS 0x0000000714f00000, 0x0000000714f00000| Untracked 
| 190|0x0000000715000000, 0x0000000715000000, 0x0000000715100000|  0%| F|  |TAMS 0x0000000715000000, 0x0000000715000000| Untracked 
| 191|0x0000000715100000, 0x0000000715100000, 0x0000000715200000|  0%| F|  |TAMS 0x0000000715100000, 0x0000000715100000| Untracked 
| 192|0x0000000715200000, 0x0000000715200000, 0x0000000715300000|  0%| F|  |TAMS 0x0000000715200000, 0x0000000715200000| Untracked 
| 193|0x0000000715300000, 0x0000000715300000, 0x0000000715400000|  0%| F|  |TAMS 0x0000000715300000, 0x0000000715300000| Untracked 
| 194|0x0000000715400000, 0x0000000715400000, 0x0000000715500000|  0%| F|  |TAMS 0x0000000715400000, 0x0000000715400000| Untracked 
| 195|0x0000000715500000, 0x0000000715500000, 0x0000000715600000|  0%| F|  |TAMS 0x0000000715500000, 0x0000000715500000| Untracked 
| 196|0x0000000715600000, 0x0000000715600000, 0x0000000715700000|  0%| F|  |TAMS 0x0000000715600000, 0x0000000715600000| Untracked 
| 197|0x0000000715700000, 0x0000000715700000, 0x0000000715800000|  0%| F|  |TAMS 0x0000000715700000, 0x0000000715700000| Untracked 
| 198|0x0000000715800000, 0x0000000715800000, 0x0000000715900000|  0%| F|  |TAMS 0x0000000715800000, 0x0000000715800000| Untracked 
| 199|0x0000000715900000, 0x0000000715900000, 0x0000000715a00000|  0%| F|  |TAMS 0x0000000715900000, 0x0000000715900000| Untracked 
| 200|0x0000000715a00000, 0x0000000715a00000, 0x0000000715b00000|  0%| F|  |TAMS 0x0000000715a00000, 0x0000000715a00000| Untracked 
| 201|0x0000000715b00000, 0x0000000715b00000, 0x0000000715c00000|  0%| F|  |TAMS 0x0000000715b00000, 0x0000000715b00000| Untracked 
| 202|0x0000000715c00000, 0x0000000715c00000, 0x0000000715d00000|  0%| F|  |TAMS 0x0000000715c00000, 0x0000000715c00000| Untracked 
| 203|0x0000000715d00000, 0x0000000715d00000, 0x0000000715e00000|  0%| F|  |TAMS 0x0000000715d00000, 0x0000000715d00000| Untracked 
| 204|0x0000000715e00000, 0x0000000715e00000, 0x0000000715f00000|  0%| F|  |TAMS 0x0000000715e00000, 0x0000000715e00000| Untracked 
| 205|0x0000000715f00000, 0x0000000715f00000, 0x0000000716000000|  0%| F|  |TAMS 0x0000000715f00000, 0x0000000715f00000| Untracked 
| 206|0x0000000716000000, 0x0000000716000000, 0x0000000716100000|  0%| F|  |TAMS 0x0000000716000000, 0x0000000716000000| Untracked 
| 207|0x0000000716100000, 0x0000000716100000, 0x0000000716200000|  0%| F|  |TAMS 0x0000000716100000, 0x0000000716100000| Untracked 
| 208|0x0000000716200000, 0x0000000716200000, 0x0000000716300000|  0%| F|  |TAMS 0x0000000716200000, 0x0000000716200000| Untracked 
| 209|0x0000000716300000, 0x0000000716300000, 0x0000000716400000|  0%| F|  |TAMS 0x0000000716300000, 0x0000000716300000| Untracked 
| 210|0x0000000716400000, 0x0000000716400000, 0x0000000716500000|  0%| F|  |TAMS 0x0000000716400000, 0x0000000716400000| Untracked 
| 211|0x0000000716500000, 0x0000000716500000, 0x0000000716600000|  0%| F|  |TAMS 0x0000000716500000, 0x0000000716500000| Untracked 
| 212|0x0000000716600000, 0x0000000716600000, 0x0000000716700000|  0%| F|  |TAMS 0x0000000716600000, 0x0000000716600000| Untracked 
| 213|0x0000000716700000, 0x0000000716700000, 0x0000000716800000|  0%| F|  |TAMS 0x0000000716700000, 0x0000000716700000| Untracked 
| 214|0x0000000716800000, 0x0000000716800000, 0x0000000716900000|  0%| F|  |TAMS 0x0000000716800000, 0x0000000716800000| Untracked 
| 215|0x0000000716900000, 0x0000000716900000, 0x0000000716a00000|  0%| F|  |TAMS 0x0000000716900000, 0x0000000716900000| Untracked 
| 216|0x0000000716a00000, 0x0000000716a00000, 0x0000000716b00000|  0%| F|  |TAMS 0x0000000716a00000, 0x0000000716a00000| Untracked 
| 217|0x0000000716b00000, 0x0000000716b00000, 0x0000000716c00000|  0%| F|  |TAMS 0x0000000716b00000, 0x0000000716b00000| Untracked 
| 218|0x0000000716c00000, 0x0000000716c00000, 0x0000000716d00000|  0%| F|  |TAMS 0x0000000716c00000, 0x0000000716c00000| Untracked 
| 219|0x0000000716d00000, 0x0000000716d00000, 0x0000000716e00000|  0%| F|  |TAMS 0x0000000716d00000, 0x0000000716d00000| Untracked 
| 220|0x0000000716e00000, 0x0000000716e00000, 0x0000000716f00000|  0%| F|  |TAMS 0x0000000716e00000, 0x0000000716e00000| Untracked 
| 221|0x0000000716f00000, 0x0000000716f00000, 0x0000000717000000|  0%| F|  |TAMS 0x0000000716f00000, 0x0000000716f00000| Untracked 
| 222|0x0000000717000000, 0x0000000717000000, 0x0000000717100000|  0%| F|  |TAMS 0x0000000717000000, 0x0000000717000000| Untracked 
| 223|0x0000000717100000, 0x0000000717100000, 0x0000000717200000|  0%| F|  |TAMS 0x0000000717100000, 0x0000000717100000| Untracked 
| 224|0x0000000717200000, 0x0000000717200000, 0x0000000717300000|  0%| F|  |TAMS 0x0000000717200000, 0x0000000717200000| Untracked 
| 225|0x0000000717300000, 0x0000000717300000, 0x0000000717400000|  0%| F|  |TAMS 0x0000000717300000, 0x0000000717300000| Untracked 
| 226|0x0000000717400000, 0x0000000717400000, 0x0000000717500000|  0%| F|  |TAMS 0x0000000717400000, 0x0000000717400000| Untracked 
| 227|0x0000000717500000, 0x0000000717500000, 0x0000000717600000|  0%| F|  |TAMS 0x0000000717500000, 0x0000000717500000| Untracked 
| 228|0x0000000717600000, 0x0000000717600000, 0x0000000717700000|  0%| F|  |TAMS 0x0000000717600000, 0x0000000717600000| Untracked 
| 229|0x0000000717700000, 0x0000000717700000, 0x0000000717800000|  0%| F|  |TAMS 0x0000000717700000, 0x0000000717700000| Untracked 
| 230|0x0000000717800000, 0x0000000717800000, 0x0000000717900000|  0%| F|  |TAMS 0x0000000717800000, 0x0000000717800000| Untracked 
| 231|0x0000000717900000, 0x0000000717900000, 0x0000000717a00000|  0%| F|  |TAMS 0x0000000717900000, 0x0000000717900000| Untracked 
| 232|0x0000000717a00000, 0x0000000717a00000, 0x0000000717b00000|  0%| F|  |TAMS 0x0000000717a00000, 0x0000000717a00000| Untracked 
| 233|0x0000000717b00000, 0x0000000717b00000, 0x0000000717c00000|  0%| F|  |TAMS 0x0000000717b00000, 0x0000000717b00000| Untracked 
| 234|0x0000000717c00000, 0x0000000717c00000, 0x0000000717d00000|  0%| F|  |TAMS 0x0000000717c00000, 0x0000000717c00000| Untracked 
| 235|0x0000000717d00000, 0x0000000717d00000, 0x0000000717e00000|  0%| F|  |TAMS 0x0000000717d00000, 0x0000000717d00000| Untracked 
| 236|0x0000000717e00000, 0x0000000717e00000, 0x0000000717f00000|  0%| F|  |TAMS 0x0000000717e00000, 0x0000000717e00000| Untracked 
| 237|0x0000000717f00000, 0x0000000717f00000, 0x0000000718000000|  0%| F|  |TAMS 0x0000000717f00000, 0x0000000717f00000| Untracked 
| 238|0x0000000718000000, 0x0000000718000000, 0x0000000718100000|  0%| F|  |TAMS 0x0000000718000000, 0x0000000718000000| Untracked 
| 239|0x0000000718100000, 0x0000000718180000, 0x0000000718200000| 50%| S|  |TAMS 0x0000000718100000, 0x0000000718100000| Complete 
| 240|0x0000000718200000, 0x0000000718300000, 0x0000000718300000|100%| S|  |TAMS 0x0000000718200000, 0x0000000718200000| Complete 
| 241|0x0000000718300000, 0x0000000718400000, 0x0000000718400000|100%| S|  |TAMS 0x0000000718300000, 0x0000000718300000| Complete 
| 242|0x0000000718400000, 0x0000000718482120, 0x0000000718500000| 50%| E|CS|TAMS 0x0000000718400000, 0x0000000718482120| Complete 
| 243|0x0000000718500000, 0x0000000718600000, 0x0000000718600000|100%| E|CS|TAMS 0x0000000718500000, 0x0000000718600000| Complete 
| 244|0x0000000718600000, 0x0000000718700000, 0x0000000718700000|100%| E|CS|TAMS 0x0000000718600000, 0x0000000718700000| Complete 
| 245|0x0000000718700000, 0x0000000718800000, 0x0000000718800000|100%| E|CS|TAMS 0x0000000718700000, 0x0000000718800000| Complete 
| 246|0x0000000718800000, 0x0000000718900000, 0x0000000718900000|100%| E|CS|TAMS 0x0000000718800000, 0x0000000718900000| Complete 
| 247|0x0000000718900000, 0x0000000718a00000, 0x0000000718a00000|100%| E|CS|TAMS 0x0000000718900000, 0x0000000718a00000| Complete 

Card table byte_map: [0x000001ffd73c0000,0x000001ffd7b80000] _byte_map_base: 0x000001ffd3b77000

Marking Bits (Prev, Next): (CMBitMap*) 0x000001ffbfd42e20, (CMBitMap*) 0x000001ffbfd42de8
 Prev Bits: [0x000001ffdc100000, 0x000001ffdfeb8000)
 Next Bits: [0x000001ffd8340000, 0x000001ffdc0f8000)

Polling page: 0x000001ffbdc60000

Metaspace:

Usage:
  Non-class:     30.95 MB capacity,    30.57 MB ( 99%) used,   307.45 KB ( <1%) free+waste,    87.13 KB ( <1%) overhead. 
      Class:      3.95 MB capacity,     3.64 MB ( 92%) used,   272.16 KB (  7%) free+waste,    42.13 KB (  1%) overhead. 
       Both:     34.90 MB capacity,    34.21 MB ( 98%) used,   579.61 KB (  2%) free+waste,   129.25 KB ( <1%) overhead. 

Virtual space:
  Non-class space:       32.00 MB reserved,      31.00 MB ( 97%) committed 
      Class space:        1.00 GB reserved,       4.00 MB ( <1%) committed 
             Both:        1.03 GB reserved,      35.00 MB (  3%) committed 

Chunk freelists:
   Non-Class:  6.25 KB
       Class:  2.38 KB
        Both:  8.63 KB

CodeHeap 'non-profiled nmethods': size=119168Kb used=4318Kb max_used=4318Kb free=114849Kb
 bounds [0x000001ffcef20000, 0x000001ffcf360000, 0x000001ffd6380000]
CodeHeap 'profiled nmethods': size=119168Kb used=10098Kb max_used=10098Kb free=109069Kb
 bounds [0x000001ffc7ac0000, 0x000001ffc84a0000, 0x000001ffcef20000]
CodeHeap 'non-nmethods': size=7424Kb used=2883Kb max_used=2947Kb free=4540Kb
 bounds [0x000001ffc7380000, 0x000001ffc7670000, 0x000001ffc7ac0000]
 total_blobs=4365 nmethods=3830 adapters=443
 compilation: enabled
              stopped_count=0, restarted_count=0
 full_count=0

Compilation events (10 events):
Event: 4.586 Thread 0x000001ffe3946000 nmethod 3841 0x000001ffc8491990 code [0x000001ffc8491b60, 0x000001ffc8491dd8]
Event: 4.587 Thread 0x000001ffe3943800 nmethod 3839 0x000001ffc8491f10 code [0x000001ffc8492220, 0x000001ffc84931a8]
Event: 4.597 Thread 0x000001ffe3947800 3842   !   3       java.lang.ref.ReferenceQueue::remove (125 bytes)
Event: 4.597 Thread 0x000001ffe3941000 3843   !   3       jdk.internal.ref.PhantomCleanable::isListEmpty (34 bytes)
Event: 4.598 Thread 0x000001ffe3946000 3844       3       jdk.internal.misc.InnocuousThread::eraseThreadLocals (23 bytes)
Event: 4.598 Thread 0x000001ffe3943800 3845       3       java.lang.invoke.MethodHandleNatives$CallSiteContext::run (5 bytes)
Event: 4.598 Thread 0x000001ffe3943800 nmethod 3845 0x000001ffc8493a10 code [0x000001ffc8493bc0, 0x000001ffc8493ce8]
Event: 4.598 Thread 0x000001ffe3946000 nmethod 3844 0x000001ffc8493d90 code [0x000001ffc8493f20, 0x000001ffc8494118]
Event: 4.598 Thread 0x000001ffe3947800 nmethod 3842 0x000001ffc8494190 code [0x000001ffc84943a0, 0x000001ffc8494c18]
Event: 4.598 Thread 0x000001ffe3941000 nmethod 3843 0x000001ffc8494f10 code [0x000001ffc84950c0, 0x000001ffc84953f8]

GC Heap History (10 events):
Event: 1.898 GC heap before
{Heap before GC invocations=1 (full 0):
 garbage-first heap   total 253952K, used 153832K [0x0000000709200000, 0x0000000800000000)
  region size 1024K, 148 young (151552K), 3 survivors (3072K)
 Metaspace       used 20125K, capacity 20400K, committed 20736K, reserved 1069056K
  class space    used 1851K, capacity 1945K, committed 2048K, reserved 1048576K
}
Event: 1.909 GC heap after
{Heap after GC invocations=2 (full 0):
 garbage-first heap   total 253952K, used 24108K [0x0000000709200000, 0x0000000800000000)
  region size 1024K, 19 young (19456K), 19 survivors (19456K)
 Metaspace       used 20125K, capacity 20400K, committed 20736K, reserved 1069056K
  class space    used 1851K, capacity 1945K, committed 2048K, reserved 1048576K
}
Event: 2.078 GC heap before
{Heap before GC invocations=2 (full 0):
 garbage-first heap   total 253952K, used 47660K [0x0000000709200000, 0x0000000800000000)
  region size 1024K, 43 young (44032K), 19 survivors (19456K)
 Metaspace       used 20914K, capacity 21200K, committed 21248K, reserved 1069056K
  class space    used 1944K, capacity 2041K, committed 2048K, reserved 1048576K
}
Event: 2.090 GC heap after
{Heap after GC invocations=3 (full 0):
 garbage-first heap   total 253952K, used 26474K [0x0000000709200000, 0x0000000800000000)
  region size 1024K, 3 young (3072K), 3 survivors (3072K)
 Metaspace       used 20914K, capacity 21200K, committed 21248K, reserved 1069056K
  class space    used 1944K, capacity 2041K, committed 2048K, reserved 1048576K
}
Event: 2.851 GC heap before
{Heap before GC invocations=4 (full 0):
 garbage-first heap   total 253952K, used 87914K [0x0000000709200000, 0x0000000800000000)
  region size 1024K, 63 young (64512K), 3 survivors (3072K)
 Metaspace       used 25356K, capacity 25835K, committed 26112K, reserved 1073152K
  class space    used 2491K, capacity 2704K, committed 2816K, reserved 1048576K
}
Event: 2.855 GC heap after
{Heap after GC invocations=5 (full 0):
 garbage-first heap   total 253952K, used 31254K [0x0000000709200000, 0x0000000800000000)
  region size 1024K, 8 young (8192K), 8 survivors (8192K)
 Metaspace       used 25356K, capacity 25835K, committed 26112K, reserved 1073152K
  class space    used 2491K, capacity 2704K, committed 2816K, reserved 1048576K
}
Event: 3.744 GC heap before
{Heap before GC invocations=5 (full 0):
 garbage-first heap   total 253952K, used 127510K [0x0000000709200000, 0x0000000800000000)
  region size 1024K, 102 young (104448K), 8 survivors (8192K)
 Metaspace       used 28579K, capacity 29129K, committed 29312K, reserved 1075200K
  class space    used 2876K, capacity 3124K, committed 3200K, reserved 1048576K
}
Event: 3.752 GC heap after
{Heap after GC invocations=6 (full 0):
 garbage-first heap   total 253952K, used 38859K [0x0000000709200000, 0x0000000800000000)
  region size 1024K, 13 young (13312K), 13 survivors (13312K)
 Metaspace       used 28579K, capacity 29129K, committed 29312K, reserved 1075200K
  class space    used 2876K, capacity 3124K, committed 3200K, reserved 1048576K
}
Event: 4.588 GC heap before
{Heap before GC invocations=6 (full 0):
 garbage-first heap   total 253952K, used 147403K [0x0000000709200000, 0x0000000800000000)
  region size 1024K, 119 young (121856K), 13 survivors (13312K)
 Metaspace       used 34849K, capacity 35545K, committed 35840K, reserved 1081344K
  class space    used 3709K, capacity 4001K, committed 4096K, reserved 1048576K
}
Event: 4.597 GC heap after
{Heap after GC invocations=7 (full 0):
 garbage-first heap   total 253952K, used 48729K [0x0000000709200000, 0x0000000800000000)
  region size 1024K, 15 young (15360K), 15 survivors (15360K)
 Metaspace       used 34849K, capacity 35545K, committed 35840K, reserved 1081344K
  class space    used 3709K, capacity 4001K, committed 4096K, reserved 1048576K
}

Deoptimization events (10 events):
Event: 3.980 Thread 0x000001ffbfce1800 Uncommon trap: reason=predicate action=maybe_recompile pc=0x000001ffcf289268 method=java.util.ArrayList.batchRemove(Ljava/util/Collection;ZII)Z @ 18 c2
Event: 4.003 Thread 0x000001ffbfce1800 Uncommon trap: reason=unloaded action=reinterpret pc=0x000001ffcf2dd4ec method=org.aspectj.apache.bcel.classfile.Attribute.readAttribute(Ljava/io/DataInputStream;Lorg/aspectj/apache/bcel/classfile/ConstantPool;)Lorg/aspectj/apache/bcel/classfile/Attribute
Event: 4.164 Thread 0x000001ffbfce1800 Uncommon trap: reason=unstable_if action=reinterpret pc=0x000001ffcf258860 method=org.aspectj.apache.bcel.generic.Type.getType(Ljava/lang/String;)Lorg/aspectj/apache/bcel/generic/Type; @ 53 c2
Event: 4.199 Thread 0x000001ffbfce1800 Uncommon trap: reason=class_check action=maybe_recompile pc=0x000001ffcf16f820 method=org.aspectj.apache.bcel.generic.InstructionList.<init>([B)V @ 80 c2
Event: 4.280 Thread 0x000001ffbfce1800 Uncommon trap: reason=class_check action=maybe_recompile pc=0x000001ffcf2073f0 method=java.util.regex.Matcher.search(I)Z @ 121 c2
Event: 4.280 Thread 0x000001ffbfce1800 Uncommon trap: reason=class_check action=maybe_recompile pc=0x000001ffcf2073f0 method=java.util.regex.Matcher.search(I)Z @ 121 c2
Event: 4.280 Thread 0x000001ffbfce1800 Uncommon trap: reason=class_check action=maybe_recompile pc=0x000001ffcf2073f0 method=java.util.regex.Matcher.search(I)Z @ 121 c2
Event: 4.280 Thread 0x000001ffbfce1800 Uncommon trap: reason=class_check action=maybe_recompile pc=0x000001ffcf2073f0 method=java.util.regex.Matcher.search(I)Z @ 121 c2
Event: 4.310 Thread 0x000001ffbfce1800 Uncommon trap: reason=unstable_if action=reinterpret pc=0x000001ffcefa2dc0 method=java.lang.String.replace(CC)Ljava/lang/String; @ 2 c2
Event: 4.426 Thread 0x000001ffbfce1800 Uncommon trap: reason=unstable_if action=reinterpret pc=0x000001ffcf0e3e18 method=jdk.internal.org.objectweb.asm.Type.getArgumentsAndReturnSizes(Ljava/lang/String;)I @ 41 c2

Classes redefined (0 events):
No events

Internal exceptions (10 events):
Event: 4.325 Thread 0x000001ffe5dce000 Exception <a 'java/lang/NoSuchMethodError'{0x0000000713a5aaa0}: java.lang.invoke.DirectMethodHandle$Holder.invokeStaticInit(Ljava/lang/Object;Ljava/lang/Object;JLjava/lang/Object;)Ljava/lang/Object;> (0x0000000713a5aaa0) thrown at [./open/src/hotspot/shar
Event: 4.325 Thread 0x000001ffe5dce000 Exception <a 'java/lang/NoSuchMethodError'{0x0000000713a60500}: java.lang.invoke.DirectMethodHandle$Holder.invokeStatic(Ljava/lang/Object;Ljava/lang/Object;J)Ljava/lang/Object;> (0x0000000713a60500) thrown at [./open/src/hotspot/share/interpreter/linkReso
Event: 4.326 Thread 0x000001ffe5dce000 Exception <a 'java/lang/NoSuchMethodError'{0x0000000713a667d0}: java.lang.invoke.Invokers$Holder.linkToTargetMethod(Ljava/lang/Object;JLjava/lang/Object;)Ljava/lang/Object;> (0x0000000713a667d0) thrown at [./open/src/hotspot/share/interpreter/linkResolver
Event: 4.373 Thread 0x000001ffebee1000 Exception <a 'java/net/ConnectException'{0x0000000713994cc8}: Connection refused: connect> (0x0000000713994cc8) thrown at [./open/src/hotspot/share/prims/jni.cpp, line 632]
Event: 4.426 Thread 0x000001ffbfce1800 Exception <a 'java/lang/NoSuchMethodError'{0x00000007136bd1a0}: java.lang.invoke.DirectMethodHandle$Holder.invokeVirtual(Ljava/lang/Object;Ljava/lang/Object;)D> (0x00000007136bd1a0) thrown at [./open/src/hotspot/share/interpreter/linkResolver.cpp, line 77
Event: 4.426 Thread 0x000001ffbfce1800 Exception <a 'java/lang/NoSuchMethodError'{0x00000007136c3200}: java.lang.invoke.DirectMethodHandle$Holder.invokeVirtual(Ljava/lang/Object;Ljava/lang/Object;)F> (0x00000007136c3200) thrown at [./open/src/hotspot/share/interpreter/linkResolver.cpp, line 77
Event: 4.427 Thread 0x000001ffbfce1800 Exception <a 'java/lang/NoSuchMethodError'{0x00000007136cb940}: java.lang.invoke.DirectMethodHandle$Holder.invokeVirtual(Ljava/lang/Object;Ljava/lang/Object;)J> (0x00000007136cb940) thrown at [./open/src/hotspot/share/interpreter/linkResolver.cpp, line 77
Event: 4.473 Thread 0x000001ffbfce1800 Exception <a 'java/lang/NoSuchMethodError'{0x000000071307b288}: java.lang.invoke.DirectMethodHandle$Holder.invokeSpecial(Ljava/lang/Object;Ljava/lang/Object;Ljava/lang/Object;Ljava/lang/Object;Ljava/lang/Object;)V> (0x000000071307b288) thrown at [./open/s
Event: 4.474 Thread 0x000001ffbfce1800 Exception <a 'java/lang/NoSuchMethodError'{0x000000071308a9c8}: java.lang.invoke.DirectMethodHandle$Holder.invokeStatic(Ljava/lang/Object;Ljava/lang/Object;I)V> (0x000000071308a9c8) thrown at [./open/src/hotspot/share/interpreter/linkResolver.cpp, line 77
Event: 4.560 Thread 0x000001ffbfce1800 Exception <a 'java/lang/NoSuchMethodError'{0x000000071169c668}: java.lang.invoke.DirectMethodHandle$Holder.invokeSpecialIFC(Ljava/lang/Object;Ljava/lang/Object;Ljava/lang/Object;)I> (0x000000071169c668) thrown at [./open/src/hotspot/share/interpreter/link

Events (10 events):
Event: 4.597 Executing VM operation: RevokeBias
Event: 4.597 Executing VM operation: RevokeBias done
Event: 4.597 Executing VM operation: RevokeBias
Event: 4.598 Executing VM operation: RevokeBias done
Event: 4.599 Executing VM operation: RevokeBias
Event: 4.599 Executing VM operation: RevokeBias done
Event: 4.599 Executing VM operation: BulkRevokeBias
Event: 4.599 Executing VM operation: BulkRevokeBias done
Event: 4.599 loading class com/google/common/collect/AbstractMapBasedMultimap$KeySet
Event: 4.599 loading class com/google/common/collect/AbstractMapBasedMultimap$KeySet done


Dynamic libraries:
0x00007ff6dbed0000 - 0x00007ff6dbedf000 	C:\Program Files\Java\jdk-11.0.16.1\bin\java.exe
0x00007ff8135f0000 - 0x00007ff8137e8000 	C:\WINDOWS\SYSTEM32\ntdll.dll
0x00007fffd0fc0000 - 0x00007fffd0fd7000 	C:\Program Files\Avast Software\Avast\aswhook.dll
0x00007ff812530000 - 0x00007ff8125ef000 	C:\WINDOWS\System32\KERNEL32.DLL
0x00007ff8110a0000 - 0x00007ff811372000 	C:\WINDOWS\System32\KERNELBASE.dll
0x00007ff810ed0000 - 0x00007ff810fd0000 	C:\WINDOWS\System32\ucrtbase.dll
0x00007ffff8720000 - 0x00007ffff8738000 	C:\Program Files\Java\jdk-11.0.16.1\bin\jli.dll
0x00007ffff86f0000 - 0x00007ffff8705000 	C:\Program Files\Java\jdk-11.0.16.1\bin\VCRUNTIME140.dll
0x00007ff811f60000 - 0x00007ff81200e000 	C:\WINDOWS\System32\ADVAPI32.dll
0x00007ff811d80000 - 0x00007ff811e1e000 	C:\WINDOWS\System32\msvcrt.dll
0x00007ff812650000 - 0x00007ff8126ec000 	C:\WINDOWS\System32\sechost.dll
0x00007ff8132e0000 - 0x00007ff813405000 	C:\WINDOWS\System32\RPCRT4.dll
0x00007ff812ee0000 - 0x00007ff813081000 	C:\WINDOWS\System32\USER32.dll
0x00007ff811590000 - 0x00007ff8115b2000 	C:\WINDOWS\System32\win32u.dll
0x00007ff812820000 - 0x00007ff81284b000 	C:\WINDOWS\System32\GDI32.dll
0x00007ffffbac0000 - 0x00007ffffbd5a000 	C:\WINDOWS\WinSxS\amd64_microsoft.windows.common-controls_6595b64144ccf1df_6.0.19041.1110_none_60b5254171f9507e\COMCTL32.dll
0x00007ff810ce0000 - 0x00007ff810def000 	C:\WINDOWS\System32\gdi32full.dll
0x00007ff811000000 - 0x00007ff81109d000 	C:\WINDOWS\System32\msvcp_win.dll
0x00007ff80a090000 - 0x00007ff80a09a000 	C:\WINDOWS\SYSTEM32\VERSION.dll
0x00007ff812e10000 - 0x00007ff812e42000 	C:\WINDOWS\System32\IMM32.DLL
0x00007fffd8700000 - 0x00007fffd879b000 	C:\Program Files\Java\jdk-11.0.16.1\bin\msvcp140.dll
0x00007fff76cc0000 - 0x00007fff777d8000 	C:\Program Files\Java\jdk-11.0.16.1\bin\server\jvm.dll
0x00007ff8134c0000 - 0x00007ff8134c8000 	C:\WINDOWS\System32\PSAPI.DLL
0x00007ff804f30000 - 0x00007ff804f39000 	C:\WINDOWS\SYSTEM32\WSOCK32.dll
0x00007ff806a30000 - 0x00007ff806a57000 	C:\WINDOWS\SYSTEM32\WINMM.dll
0x00007ff813270000 - 0x00007ff8132db000 	C:\WINDOWS\System32\WS2_32.dll
0x00007ff80f530000 - 0x00007ff80f542000 	C:\WINDOWS\SYSTEM32\kernel.appcore.dll
0x00007ffff9300000 - 0x00007ffff9310000 	C:\Program Files\Java\jdk-11.0.16.1\bin\verify.dll
0x00007ff80f2b0000 - 0x00007ff80f494000 	C:\WINDOWS\SYSTEM32\DBGHELP.DLL
0x00007ff803df0000 - 0x00007ff803e25000 	C:\WINDOWS\SYSTEM32\dbgcore.DLL
0x00007ff810e40000 - 0x00007ff810ec2000 	C:\WINDOWS\System32\bcryptPrimitives.dll
0x00007ffff0670000 - 0x00007ffff0698000 	C:\Program Files\Java\jdk-11.0.16.1\bin\java.dll
0x00007ffff8630000 - 0x00007ffff863a000 	C:\Program Files\Java\jdk-11.0.16.1\bin\jimage.dll
0x00007ff80b270000 - 0x00007ff80b27e000 	C:\Program Files\Java\jdk-11.0.16.1\bin\instrument.dll
0x00007ffff83f0000 - 0x00007ffff8406000 	C:\Program Files\Java\jdk-11.0.16.1\bin\zip.dll
0x00007ff811630000 - 0x00007ff811d74000 	C:\WINDOWS\System32\SHELL32.dll
0x00007ff80ea50000 - 0x00007ff80f1e2000 	C:\WINDOWS\SYSTEM32\windows.storage.dll
0x00007ff812850000 - 0x00007ff812ba5000 	C:\WINDOWS\System32\combase.dll
0x00007ff810740000 - 0x00007ff810770000 	C:\WINDOWS\SYSTEM32\Wldp.dll
0x00007ff813410000 - 0x00007ff8134bd000 	C:\WINDOWS\System32\SHCORE.dll
0x00007ff812bb0000 - 0x00007ff812c05000 	C:\WINDOWS\System32\shlwapi.dll
0x00007ff810c20000 - 0x00007ff810c3f000 	C:\WINDOWS\SYSTEM32\profapi.dll
0x00007ffff0860000 - 0x00007ffff0879000 	C:\Program Files\Java\jdk-11.0.16.1\bin\net.dll
0x00007ff80b730000 - 0x00007ff80b83c000 	C:\WINDOWS\SYSTEM32\WINHTTP.dll
0x00007ff8104a0000 - 0x00007ff81050a000 	C:\WINDOWS\system32\mswsock.dll
0x00007ffff05a0000 - 0x00007ffff05b2000 	C:\Program Files\Java\jdk-11.0.16.1\bin\nio.dll
0x00007ffff87c0000 - 0x00007ffff87da000 	D:\IntelliJ IDEA Community Edition 2022.2\bin\breakgen64.dll
0x00007ff8106a0000 - 0x00007ff8106b8000 	C:\WINDOWS\SYSTEM32\CRYPTSP.dll
0x00007ff80fd50000 - 0x00007ff80fd84000 	C:\WINDOWS\system32\rsaenh.dll
0x00007ff810fd0000 - 0x00007ff810ff7000 	C:\WINDOWS\System32\bcrypt.dll
0x00007ff810be0000 - 0x00007ff810c0e000 	C:\WINDOWS\SYSTEM32\USERENV.dll
0x00007ff810690000 - 0x00007ff81069c000 	C:\WINDOWS\SYSTEM32\CRYPTBASE.dll
0x00007ff810140000 - 0x00007ff81017b000 	C:\WINDOWS\SYSTEM32\IPHLPAPI.DLL
0x00007ff813090000 - 0x00007ff813098000 	C:\WINDOWS\System32\NSI.dll
0x00007ff809a30000 - 0x00007ff809a47000 	C:\WINDOWS\SYSTEM32\dhcpcsvc6.DLL
0x00007ff809a10000 - 0x00007ff809a2d000 	C:\WINDOWS\SYSTEM32\dhcpcsvc.DLL
0x00007ff810180000 - 0x00007ff81024a000 	C:\WINDOWS\SYSTEM32\DNSAPI.dll
0x00007ff803ce0000 - 0x00007ff803d05000 	C:\Program Files\Java\jdk-11.0.16.1\bin\sunec.dll
0x00007ff809a00000 - 0x00007ff809a0a000 	C:\Windows\System32\rasadhlp.dll
0x00007ff8073f0000 - 0x00007ff807470000 	C:\WINDOWS\System32\fwpuclnt.dll
0x00007ff80b260000 - 0x00007ff80b269000 	C:\Program Files\Java\jdk-11.0.16.1\bin\management.dll
0x00007ffff9580000 - 0x00007ffff958b000 	C:\Program Files\Java\jdk-11.0.16.1\bin\management_ext.dll

dbghelp: loaded successfully - version: 4.0.5 - missing functions: none
symbol engine: initialized successfully - sym options: 0x614 - pdb path: .;C:\Program Files\Java\jdk-11.0.16.1\bin;C:\WINDOWS\SYSTEM32;C:\Program Files\Avast Software\Avast;C:\WINDOWS\WinSxS\amd64_microsoft.windows.common-controls_6595b64144ccf1df_6.0.19041.1110_none_60b5254171f9507e;C:\Program Files\Java\jdk-11.0.16.1\bin\server;D:\IntelliJ IDEA Community Edition 2022.2\bin

VM Arguments:
jvm_args: -ea -javaagent:C:\Users\Asus\.m2\repository/org/aspectj/aspectjweaver/1.9.9.1/aspectjweaver-1.9.9.1.jar -Didea.test.cyclic.buffer.size=1048576 -javaagent:D:\IntelliJ IDEA Community Edition 2022.2\lib\idea_rt.jar=49166:D:\IntelliJ IDEA Community Edition 2022.2\bin -Dfile.encoding=UTF-8 
java_command: com.intellij.rt.testng.RemoteTestNGStarter -usedefaultlisteners false -socket49165 @w@C:\Users\Asus\AppData\Local\Temp\idea_working_dirs_testng10.tmp -temp C:\Users\Asus\AppData\Local\Temp\idea_testng11.tmp
java_class_path (initial): D:\IntelliJ IDEA Community Edition 2022.2\lib\idea_rt.jar;D:\IntelliJ IDEA Community Edition 2022.2\plugins\testng\lib\testng-rt.jar;C:\Users\Asus\Projects\TalentLMS_Fall2022\target\test-classes;C:\Users\Asus\Projects\TalentLMS_Fall2022\target\classes;C:\Users\Asus\.m2\repository\org\seleniumhq\selenium\selenium-java\4.8.0\selenium-java-4.8.0.jar;C:\Users\Asus\.m2\repository\org\seleniumhq\selenium\selenium-api\4.8.0\selenium-api-4.8.0.jar;C:\Users\Asus\.m2\repository\org\seleniumhq\selenium\selenium-chrome-driver\4.8.0\selenium-chrome-driver-4.8.0.jar;C:\Users\Asus\.m2\repository\com\google\auto\service\auto-service-annotations\1.0.1\auto-service-annotations-1.0.1.jar;C:\Users\Asus\.m2\repository\com\google\auto\service\auto-service\1.0.1\auto-service-1.0.1.jar;C:\Users\Asus\.m2\repository\com\google\auto\auto-common\1.2\auto-common-1.2.jar;C:\Users\Asus\.m2\repository\org\seleniumhq\selenium\selenium-chromium-driver\4.8.0\selenium-chromium-driver-4.8.0.jar;C:\Users\Asus\.m2\repository\org\seleniumhq\selenium\selenium-json\4.8.0\selenium-json-4.8.0.jar;C:\Users\Asus\.m2\repository\org\seleniumhq\selenium\selenium-devtools-v107\4.8.0\selenium-devtools-v107-4.8.0.jar;C:\Users\Asus\.m2\repository\org\seleniumhq\selenium\selenium-devtools-v108\4.8.0\selenium-devtools-v108-4.8.0.jar;C:\Users\Asus\.m2\repository\org\seleniumhq\selenium\selenium-devtools-v109\4.8.0\selenium-devtools-v109-4.8.0.jar;C:\Users\Asus\.m2\repository\org\seleniumhq\selenium\selenium-devtools-v85\4.8.0\selenium-devtools-v85-4.8.0.jar;C:\Users\Asus\.m2\repository\org\seleniumhq\selenium\selenium-edge-driver\4.8.0\selenium-edge-driver-4.8.0.jar;C:\Users\Asus\.m2\repository\org\seleniumhq\selenium\selenium-firefox-driver\4.8.0\selenium-firefox-driver-4.8.0.jar;C:\Users\Asus\.m2\repository\org\seleniumhq\selenium\selenium-http\4.8.0\selenium-http-4.8.0.jar;C:\Users\Asus\.m2\repository\dev\failsafe\failsafe\3.3.0\failsafe-3.3.0.jar;C:\Users\Asus\.m2\repository\org\seleniumh
Launcher Type: SUN_STANDARD

[Global flags]
     intx CICompilerCount                          = 12                                        {product} {ergonomic}
     uint ConcGCThreads                            = 3                                         {product} {ergonomic}
     uint G1ConcRefinementThreads                  = 13                                        {product} {ergonomic}
   size_t G1HeapRegionSize                         = 1048576                                   {product} {ergonomic}
    uintx GCDrainStackTargetSize                   = 64                                        {product} {ergonomic}
   size_t InitialHeapSize                          = 260046848                                 {product} {ergonomic}
   size_t MarkStackSize                            = 4194304                                   {product} {ergonomic}
   size_t MaxHeapSize                              = 4141875200                                {product} {ergonomic}
   size_t MaxNewSize                               = 2485125120                                {product} {ergonomic}
   size_t MinHeapDeltaBytes                        = 1048576                                   {product} {ergonomic}
    uintx NonNMethodCodeHeapSize                   = 7594288                                {pd product} {ergonomic}
    uintx NonProfiledCodeHeapSize                  = 122031976                              {pd product} {ergonomic}
    uintx ProfiledCodeHeapSize                     = 122031976                              {pd product} {ergonomic}
    uintx ReservedCodeCacheSize                    = 251658240                              {pd product} {ergonomic}
     bool SegmentedCodeCache                       = true                                      {product} {ergonomic}
     bool UseCompressedClassPointers               = true                                 {lp64_product} {ergonomic}
     bool UseCompressedOops                        = true                                 {lp64_product} {ergonomic}
     bool UseG1GC                                  = true                                      {product} {ergonomic}
     bool UseLargePagesIndividualAllocation        = false                                  {pd product} {ergonomic}

Logging:
Log output configuration:
 #0: stdout all=warning uptime,level,tags
 #1: stderr all=off uptime,level,tags

Environment Variables:
JAVA_HOME=C:\Program Files\Java\jdk-11.0.16.1
PATH=C:\Program Files\Common Files\Oracle\Java\javapath;C:\WINDOWS\system32;C:\WINDOWS;C:\WINDOWS\System32\Wbem;C:\WINDOWS\System32\WindowsPowerShell\v1.0\;C:\WINDOWS\System32\OpenSSH\;C:\Program Files\Git\cmd;C:\Program Files\Java\jdk-11.0.16.1\bin;C:\Program Files\apache-maven-4.0.0-alpha-3\bin;C:\Program Files\allure-2.20.0\allure-2.20.0\bin;C:\Users\Asus\AppData\Local\Microsoft\WindowsApps;;D:\IntelliJ IDEA Community Edition 2022.2\bin;;C:\Users\Asus\AppData\Local\Programs\Microsoft VS Code\bin
USERNAME=Asus
OS=Windows_NT
PROCESSOR_IDENTIFIER=AMD64 Family 23 Model 96 Stepping 1, AuthenticAMD



---------------  S Y S T E M  ---------------

OS: Windows 10 , 64 bit Build 19041 (10.0.19041.2364)

CPU:total 16 (initial active 16) (16 cores per cpu, 2 threads per core) family 23 model 96 stepping 1 microcode 0x0, cmov, cx8, fxsr, mmx, sse, sse2, sse3, ssse3, sse4.1, sse4.2, popcnt, avx, avx2, aes, clmul, mmxext, 3dnowpref, lzcnt, sse4a, ht, tsc, tscinvbit, tscinv, bmi1, bmi2, adx, 

Memory: 4k page, system-wide physical 15792M (6082M free)
TotalPageFile size 16592M (AvailPageFile size 5M)
current process WorkingSet (physical memory assigned to process): 466M, peak: 466M
current process commit charge ("private bytes"): 551M, peak: 601M

vm_info: Java HotSpot(TM) 64-Bit Server VM (11.0.16.1+1-LTS-1) for windows-amd64 JRE (11.0.16.1+1-LTS-1), built on Aug 16 2022 01:46:01 by "mach5one" with MS VC++ 15.9 (VS2017)

END.
